<?xml version="1.0" encoding="UTF-8"?>
<coverage generated="1699960741455" clover="3.2.0">
  <project timestamp="1699960741455" name="All files">
    <metrics statements="1057" coveredstatements="373" conditionals="262" coveredconditionals="43" methods="211" coveredmethods="79" elements="1530" coveredelements="495" complexity="0" loc="1057" ncloc="1057" packages="1" files="6" classes="6"/>
    <file name="dataStore.ts" path="/Users/aditya/Desktop/comp1531/major_project/project-backend/src/dataStore.ts">
      <metrics statements="7" coveredstatements="7" conditionals="0" coveredconditionals="0" methods="2" coveredmethods="2"/>
      <line num="2" count="1" type="stmt"/>
      <line num="4" count="1" type="stmt"/>
      <line num="25" count="8" type="stmt"/>
      <line num="26" count="8" type="stmt"/>
      <line num="27" count="8" type="stmt"/>
      <line num="32" count="8" type="stmt"/>
      <line num="35" count="1" type="stmt"/>
    </file>
    <file name="echo.js" path="/Users/aditya/Desktop/comp1531/major_project/project-backend/src/echo.js">
      <metrics statements="4" coveredstatements="4" conditionals="3" coveredconditionals="3" methods="1" coveredmethods="1"/>
      <line num="3" count="3" type="cond" truecount="3" falsecount="0"/>
      <line num="5" count="1" type="stmt"/>
      <line num="7" count="2" type="stmt"/>
      <line num="10" count="1" type="stmt"/>
    </file>
    <file name="helper.ts" path="/Users/aditya/Desktop/comp1531/major_project/project-backend/src/helper.ts">
      <metrics statements="183" coveredstatements="43" conditionals="40" coveredconditionals="2" methods="70" coveredmethods="6"/>
      <line num="1" count="1" type="stmt"/>
      <line num="5" count="1" type="stmt"/>
      <line num="25" count="1" type="stmt"/>
      <line num="27" count="1" type="stmt"/>
      <line num="29" count="1" type="stmt"/>
      <line num="35" count="1" type="stmt"/>
      <line num="36" count="0" type="stmt"/>
      <line num="37" count="0" type="stmt"/>
      <line num="38" count="0" type="stmt"/>
      <line num="40" count="0" type="stmt"/>
      <line num="42" count="0" type="stmt"/>
      <line num="43" count="0" type="stmt"/>
      <line num="46" count="1" type="stmt"/>
      <line num="47" count="0" type="stmt"/>
      <line num="49" count="0" type="stmt"/>
      <line num="50" count="0" type="stmt"/>
      <line num="51" count="0" type="stmt"/>
      <line num="53" count="0" type="stmt"/>
      <line num="61" count="0" type="stmt"/>
      <line num="73" count="1" type="stmt"/>
      <line num="74" count="8" type="stmt"/>
      <line num="77" count="1" type="stmt"/>
      <line num="78" count="0" type="stmt"/>
      <line num="89" count="1" type="stmt"/>
      <line num="90" count="0" type="stmt"/>
      <line num="101" count="1" type="stmt"/>
      <line num="102" count="0" type="stmt"/>
      <line num="112" count="1" type="stmt"/>
      <line num="113" count="0" type="stmt"/>
      <line num="124" count="1" type="cond" truecount="1" falsecount="0"/>
      <line num="125" count="8" type="cond" truecount="1" falsecount="1"/>
      <line num="126" count="8" type="stmt"/>
      <line num="136" count="1" type="stmt"/>
      <line num="137" count="0" type="stmt"/>
      <line num="147" count="0" type="stmt"/>
      <line num="148" count="0" type="stmt"/>
      <line num="159" count="1" type="stmt"/>
      <line num="160" count="0" type="stmt"/>
      <line num="162" count="0" type="stmt"/>
      <line num="174" count="1" type="stmt"/>
      <line num="175" count="0" type="stmt"/>
      <line num="177" count="0" type="stmt"/>
      <line num="188" count="1" type="stmt"/>
      <line num="189" count="0" type="stmt"/>
      <line num="190" count="0" type="stmt"/>
      <line num="191" count="0" type="stmt"/>
      <line num="192" count="0" type="stmt"/>
      <line num="204" count="1" type="stmt"/>
      <line num="205" count="0" type="stmt"/>
      <line num="206" count="0" type="cond" truecount="0" falsecount="2"/>
      <line num="216" count="1" type="stmt"/>
      <line num="217" count="8" type="stmt"/>
      <line num="218" count="8" type="stmt"/>
      <line num="229" count="1" type="stmt"/>
      <line num="230" count="0" type="cond" truecount="0" falsecount="2"/>
      <line num="239" count="1" type="stmt"/>
      <line num="240" count="0" type="stmt"/>
      <line num="253" count="1" type="stmt"/>
      <line num="254" count="0" type="stmt"/>
      <line num="255" count="0" type="cond" truecount="0" falsecount="3"/>
      <line num="256" count="0" type="stmt"/>
      <line num="259" count="0" type="cond" truecount="0" falsecount="1"/>
      <line num="260" count="0" type="stmt"/>
      <line num="271" count="1" type="stmt"/>
      <line num="272" count="0" type="stmt"/>
      <line num="273" count="0" type="stmt"/>
      <line num="292" count="1" type="stmt"/>
      <line num="293" count="0" type="stmt"/>
      <line num="294" count="0" type="stmt"/>
      <line num="302" count="1" type="stmt"/>
      <line num="303" count="0" type="stmt"/>
      <line num="306" count="1" type="stmt"/>
      <line num="307" count="8" type="cond" truecount="0" falsecount="2"/>
      <line num="311" count="0" type="stmt"/>
      <line num="314" count="0" type="stmt"/>
      <line num="317" count="0" type="stmt"/>
      <line num="318" count="0" type="stmt"/>
      <line num="319" count="0" type="cond" truecount="0" falsecount="1"/>
      <line num="320" count="0" type="stmt"/>
      <line num="321" count="0" type="stmt"/>
      <line num="324" count="0" type="stmt"/>
      <line num="325" count="0" type="stmt"/>
      <line num="328" count="0" type="stmt"/>
      <line num="330" count="0" type="stmt"/>
      <line num="332" count="0" type="stmt"/>
      <line num="339" count="0" type="stmt"/>
      <line num="341" count="0" type="stmt"/>
      <line num="342" count="0" type="cond" truecount="0" falsecount="1"/>
      <line num="343" count="0" type="stmt"/>
      <line num="345" count="0" type="stmt"/>
      <line num="349" count="0" type="stmt"/>
      <line num="350" count="0" type="stmt"/>
      <line num="351" count="0" type="stmt"/>
      <line num="355" count="1" type="stmt"/>
      <line num="356" count="0" type="cond" truecount="0" falsecount="1"/>
      <line num="357" count="0" type="stmt"/>
      <line num="359" count="0" type="stmt"/>
      <line num="360" count="0" type="cond" truecount="0" falsecount="1"/>
      <line num="361" count="0" type="stmt"/>
      <line num="364" count="0" type="stmt"/>
      <line num="367" count="1" type="stmt"/>
      <line num="369" count="0" type="stmt"/>
      <line num="370" count="0" type="stmt"/>
      <line num="371" count="0" type="cond" truecount="0" falsecount="1"/>
      <line num="372" count="0" type="stmt"/>
      <line num="375" count="0" type="stmt"/>
      <line num="378" count="0" type="stmt"/>
      <line num="379" count="0" type="stmt"/>
      <line num="381" count="0" type="cond" truecount="0" falsecount="4"/>
      <line num="382" count="0" type="stmt"/>
      <line num="392" count="0" type="stmt"/>
      <line num="393" count="0" type="stmt"/>
      <line num="395" count="0" type="stmt"/>
      <line num="397" count="0" type="cond" truecount="0" falsecount="1"/>
      <line num="398" count="0" type="stmt"/>
      <line num="403" count="0" type="stmt"/>
      <line num="404" count="0" type="stmt"/>
      <line num="406" count="0" type="cond" truecount="0" falsecount="1"/>
      <line num="407" count="0" type="stmt"/>
      <line num="411" count="0" type="stmt"/>
      <line num="412" count="0" type="stmt"/>
      <line num="414" count="0" type="cond" truecount="0" falsecount="1"/>
      <line num="415" count="0" type="stmt"/>
      <line num="417" count="0" type="cond" truecount="0" falsecount="1"/>
      <line num="419" count="0" type="stmt"/>
      <line num="425" count="0" type="stmt"/>
      <line num="426" count="0" type="stmt"/>
      <line num="427" count="0" type="cond" truecount="0" falsecount="3"/>
      <line num="428" count="0" type="stmt"/>
      <line num="431" count="0" type="cond" truecount="0" falsecount="1"/>
      <line num="432" count="0" type="stmt"/>
      <line num="434" count="0" type="stmt"/>
      <line num="437" count="0" type="stmt"/>
      <line num="438" count="0" type="stmt"/>
      <line num="439" count="0" type="cond" truecount="0" falsecount="3"/>
      <line num="440" count="0" type="stmt"/>
      <line num="443" count="0" type="stmt"/>
      <line num="447" count="1" type="stmt"/>
      <line num="448" count="0" type="stmt"/>
      <line num="456" count="1" type="stmt"/>
      <line num="457" count="0" type="stmt"/>
      <line num="458" count="0" type="stmt"/>
      <line num="461" count="0" type="stmt"/>
      <line num="462" count="0" type="stmt"/>
      <line num="465" count="0" type="stmt"/>
      <line num="466" count="0" type="stmt"/>
      <line num="468" count="0" type="stmt"/>
      <line num="471" count="0" type="stmt"/>
      <line num="480" count="0" type="stmt"/>
      <line num="481" count="0" type="stmt"/>
      <line num="482" count="0" type="stmt"/>
      <line num="483" count="0" type="stmt"/>
      <line num="485" count="0" type="stmt"/>
      <line num="493" count="1" type="stmt"/>
      <line num="494" count="0" type="stmt"/>
      <line num="495" count="0" type="stmt"/>
      <line num="498" count="1" type="stmt"/>
      <line num="499" count="0" type="stmt"/>
      <line num="500" count="0" type="stmt"/>
      <line num="504" count="1" type="stmt"/>
      <line num="505" count="0" type="stmt"/>
      <line num="508" count="1" type="stmt"/>
      <line num="509" count="0" type="stmt"/>
      <line num="510" count="0" type="cond" truecount="0" falsecount="1"/>
      <line num="511" count="0" type="stmt"/>
      <line num="515" count="0" type="stmt"/>
      <line num="526" count="1" type="stmt"/>
      <line num="527" count="0" type="stmt"/>
      <line num="528" count="0" type="stmt"/>
      <line num="532" count="0" type="stmt"/>
      <line num="535" count="1" type="stmt"/>
      <line num="536" count="0" type="cond" truecount="0" falsecount="1"/>
      <line num="537" count="0" type="stmt"/>
      <line num="540" count="0" type="cond" truecount="0" falsecount="1"/>
      <line num="541" count="0" type="stmt"/>
      <line num="544" count="0" type="cond" truecount="0" falsecount="1"/>
      <line num="545" count="0" type="stmt"/>
      <line num="565" count="1" type="stmt"/>
      <line num="566" count="0" type="stmt"/>
      <line num="568" count="0" type="stmt"/>
      <line num="569" count="0" type="stmt"/>
      <line num="570" count="0" type="cond" truecount="0" falsecount="1"/>
      <line num="571" count="0" type="stmt"/>
    </file>
    <file name="quiz.ts" path="/Users/aditya/Desktop/comp1531/major_project/project-backend/src/quiz.ts">
      <metrics statements="591" coveredstatements="51" conditionals="178" coveredconditionals="2" methods="69" coveredmethods="1"/>
      <line num="1" count="1" type="stmt"/>
      <line num="6" count="1" type="stmt"/>
      <line num="39" count="1" type="stmt"/>
      <line num="100" count="1" type="stmt"/>
      <line num="101" count="1" type="stmt"/>
      <line num="102" count="1" type="stmt"/>
      <line num="103" count="1" type="stmt"/>
      <line num="114" count="1" type="cond" truecount="0" falsecount="1"/>
      <line num="115" count="0" type="stmt"/>
      <line num="116" count="0" type="stmt"/>
      <line num="117" count="0" type="cond" truecount="0" falsecount="1"/>
      <line num="118" count="0" type="stmt"/>
      <line num="121" count="0" type="stmt"/>
      <line num="122" count="0" type="cond" truecount="0" falsecount="1"/>
      <line num="123" count="0" type="stmt"/>
      <line num="125" count="0" type="cond" truecount="0" falsecount="1"/>
      <line num="126" count="0" type="stmt"/>
      <line num="128" count="0" type="cond" truecount="0" falsecount="1"/>
      <line num="129" count="0" type="stmt"/>
      <line num="132" count="0" type="stmt"/>
      <line num="133" count="0" type="stmt"/>
      <line num="144" count="0" type="cond" truecount="0" falsecount="1"/>
      <line num="146" count="0" type="stmt"/>
      <line num="147" count="0" type="stmt"/>
      <line num="149" count="0" type="stmt"/>
      <line num="162" count="1" type="cond" truecount="0" falsecount="1"/>
      <line num="163" count="0" type="stmt"/>
      <line num="164" count="0" type="stmt"/>
      <line num="165" count="0" type="cond" truecount="0" falsecount="1"/>
      <line num="166" count="0" type="stmt"/>
      <line num="169" count="0" type="stmt"/>
      <line num="170" count="0" type="stmt"/>
      <line num="171" count="0" type="cond" truecount="0" falsecount="1"/>
      <line num="172" count="0" type="stmt"/>
      <line num="174" count="0" type="cond" truecount="0" falsecount="1"/>
      <line num="175" count="0" type="stmt"/>
      <line num="178" count="0" type="cond" truecount="0" falsecount="1"/>
      <line num="179" count="0" type="stmt"/>
      <line num="180" count="0" type="cond" truecount="0" falsecount="1"/>
      <line num="181" count="0" type="stmt"/>
      <line num="185" count="0" type="stmt"/>
      <line num="186" count="0" type="stmt"/>
      <line num="187" count="0" type="stmt"/>
      <line num="188" count="0" type="stmt"/>
      <line num="190" count="0" type="stmt"/>
      <line num="207" count="1" type="stmt"/>
      <line num="208" count="0" type="stmt"/>
      <line num="210" count="0" type="stmt"/>
      <line num="211" count="0" type="cond" truecount="0" falsecount="1"/>
      <line num="212" count="0" type="stmt"/>
      <line num="215" count="0" type="stmt"/>
      <line num="216" count="0" type="stmt"/>
      <line num="217" count="0" type="cond" truecount="0" falsecount="1"/>
      <line num="218" count="0" type="stmt"/>
      <line num="220" count="0" type="cond" truecount="0" falsecount="1"/>
      <line num="221" count="0" type="stmt"/>
      <line num="224" count="0" type="stmt"/>
      <line num="246" count="1" type="stmt"/>
      <line num="247" count="0" type="stmt"/>
      <line num="249" count="0" type="stmt"/>
      <line num="250" count="0" type="cond" truecount="0" falsecount="1"/>
      <line num="251" count="0" type="stmt"/>
      <line num="254" count="0" type="stmt"/>
      <line num="255" count="0" type="stmt"/>
      <line num="256" count="0" type="cond" truecount="0" falsecount="1"/>
      <line num="257" count="0" type="stmt"/>
      <line num="259" count="0" type="cond" truecount="0" falsecount="1"/>
      <line num="260" count="0" type="stmt"/>
      <line num="262" count="0" type="cond" truecount="0" falsecount="1"/>
      <line num="263" count="0" type="stmt"/>
      <line num="266" count="0" type="stmt"/>
      <line num="267" count="0" type="stmt"/>
      <line num="268" count="0" type="stmt"/>
      <line num="270" count="0" type="stmt"/>
      <line num="282" count="1" type="stmt"/>
      <line num="283" count="0" type="stmt"/>
      <line num="285" count="0" type="stmt"/>
      <line num="286" count="0" type="cond" truecount="0" falsecount="1"/>
      <line num="287" count="0" type="stmt"/>
      <line num="290" count="0" type="stmt"/>
      <line num="291" count="0" type="stmt"/>
      <line num="292" count="0" type="cond" truecount="0" falsecount="1"/>
      <line num="293" count="0" type="stmt"/>
      <line num="295" count="0" type="cond" truecount="0" falsecount="1"/>
      <line num="296" count="0" type="stmt"/>
      <line num="298" count="0" type="cond" truecount="0" falsecount="1"/>
      <line num="299" count="0" type="stmt"/>
      <line num="301" count="0" type="cond" truecount="0" falsecount="1"/>
      <line num="302" count="0" type="stmt"/>
      <line num="305" count="0" type="stmt"/>
      <line num="306" count="0" type="stmt"/>
      <line num="307" count="0" type="stmt"/>
      <line num="309" count="0" type="stmt"/>
      <line num="326" count="1" type="stmt"/>
      <line num="327" count="0" type="stmt"/>
      <line num="328" count="0" type="stmt"/>
      <line num="329" count="0" type="cond" truecount="0" falsecount="1"/>
      <line num="330" count="0" type="stmt"/>
      <line num="333" count="0" type="stmt"/>
      <line num="334" count="0" type="stmt"/>
      <line num="335" count="0" type="stmt"/>
      <line num="336" count="0" type="stmt"/>
      <line num="342" count="0" type="stmt"/>
      <line num="356" count="1" type="cond" truecount="0" falsecount="1"/>
      <line num="357" count="0" type="stmt"/>
      <line num="358" count="0" type="stmt"/>
      <line num="359" count="0" type="stmt"/>
      <line num="361" count="0" type="cond" truecount="0" falsecount="1"/>
      <line num="362" count="0" type="stmt"/>
      <line num="365" count="0" type="stmt"/>
      <line num="366" count="0" type="stmt"/>
      <line num="367" count="0" type="cond" truecount="0" falsecount="1"/>
      <line num="368" count="0" type="stmt"/>
      <line num="371" count="0" type="cond" truecount="0" falsecount="1"/>
      <line num="372" count="0" type="stmt"/>
      <line num="375" count="0" type="cond" truecount="0" falsecount="1"/>
      <line num="376" count="0" type="stmt"/>
      <line num="379" count="0" type="stmt"/>
      <line num="380" count="0" type="cond" truecount="0" falsecount="1"/>
      <line num="381" count="0" type="stmt"/>
      <line num="384" count="0" type="cond" truecount="0" falsecount="1"/>
      <line num="385" count="0" type="stmt"/>
      <line num="388" count="0" type="cond" truecount="0" falsecount="1"/>
      <line num="389" count="0" type="stmt"/>
      <line num="392" count="0" type="stmt"/>
      <line num="393" count="0" type="stmt"/>
      <line num="394" count="0" type="cond" truecount="0" falsecount="1"/>
      <line num="395" count="0" type="stmt"/>
      <line num="398" count="0" type="cond" truecount="0" falsecount="1"/>
      <line num="399" count="0" type="stmt"/>
      <line num="402" count="0" type="cond" truecount="0" falsecount="1"/>
      <line num="403" count="0" type="stmt"/>
      <line num="406" count="0" type="cond" truecount="0" falsecount="2"/>
      <line num="407" count="0" type="cond" truecount="0" falsecount="1"/>
      <line num="408" count="0" type="stmt"/>
      <line num="411" count="0" type="stmt"/>
      <line num="412" count="0" type="stmt"/>
      <line num="413" count="0" type="cond" truecount="0" falsecount="1"/>
      <line num="414" count="0" type="stmt"/>
      <line num="417" count="0" type="stmt"/>
      <line num="418" count="0" type="cond" truecount="0" falsecount="1"/>
      <line num="419" count="0" type="stmt"/>
      <line num="422" count="0" type="stmt"/>
      <line num="423" count="0" type="stmt"/>
      <line num="424" count="0" type="cond" truecount="0" falsecount="1"/>
      <line num="425" count="0" type="stmt"/>
      <line num="428" count="0" type="stmt"/>
      <line num="435" count="0" type="cond" truecount="0" falsecount="1"/>
      <line num="437" count="0" type="stmt"/>
      <line num="438" count="0" type="stmt"/>
      <line num="439" count="0" type="stmt"/>
      <line num="440" count="0" type="stmt"/>
      <line num="441" count="0" type="stmt"/>
      <line num="443" count="0" type="stmt"/>
      <line num="458" count="1" type="cond" truecount="0" falsecount="1"/>
      <line num="459" count="0" type="stmt"/>
      <line num="460" count="0" type="stmt"/>
      <line num="461" count="0" type="stmt"/>
      <line num="463" count="0" type="cond" truecount="0" falsecount="1"/>
      <line num="464" count="0" type="stmt"/>
      <line num="467" count="0" type="stmt"/>
      <line num="468" count="0" type="cond" truecount="0" falsecount="1"/>
      <line num="469" count="0" type="stmt"/>
      <line num="472" count="0" type="stmt"/>
      <line num="473" count="0" type="cond" truecount="0" falsecount="1"/>
      <line num="474" count="0" type="stmt"/>
      <line num="477" count="0" type="cond" truecount="0" falsecount="1"/>
      <line num="478" count="0" type="stmt"/>
      <line num="481" count="0" type="stmt"/>
      <line num="482" count="0" type="cond" truecount="0" falsecount="1"/>
      <line num="483" count="0" type="stmt"/>
      <line num="486" count="0" type="cond" truecount="0" falsecount="1"/>
      <line num="487" count="0" type="stmt"/>
      <line num="490" count="0" type="cond" truecount="0" falsecount="1"/>
      <line num="491" count="0" type="stmt"/>
      <line num="494" count="0" type="stmt"/>
      <line num="495" count="0" type="stmt"/>
      <line num="496" count="0" type="cond" truecount="0" falsecount="1"/>
      <line num="497" count="0" type="stmt"/>
      <line num="500" count="0" type="cond" truecount="0" falsecount="1"/>
      <line num="501" count="0" type="stmt"/>
      <line num="504" count="0" type="cond" truecount="0" falsecount="1"/>
      <line num="505" count="0" type="stmt"/>
      <line num="508" count="0" type="cond" truecount="0" falsecount="2"/>
      <line num="509" count="0" type="cond" truecount="0" falsecount="1"/>
      <line num="510" count="0" type="stmt"/>
      <line num="513" count="0" type="stmt"/>
      <line num="514" count="0" type="stmt"/>
      <line num="515" count="0" type="cond" truecount="0" falsecount="1"/>
      <line num="516" count="0" type="stmt"/>
      <line num="519" count="0" type="stmt"/>
      <line num="520" count="0" type="cond" truecount="0" falsecount="1"/>
      <line num="521" count="0" type="stmt"/>
      <line num="524" count="0" type="stmt"/>
      <line num="525" count="0" type="cond" truecount="0" falsecount="1"/>
      <line num="526" count="0" type="stmt"/>
      <line num="528" count="0" type="stmt"/>
      <line num="529" count="0" type="cond" truecount="0" falsecount="1"/>
      <line num="530" count="0" type="stmt"/>
      <line num="533" count="0" type="stmt"/>
      <line num="534" count="0" type="stmt"/>
      <line num="535" count="0" type="stmt"/>
      <line num="536" count="0" type="stmt"/>
      <line num="537" count="0" type="stmt"/>
      <line num="538" count="0" type="cond" truecount="0" falsecount="1"/>
      <line num="540" count="0" type="stmt"/>
      <line num="541" count="0" type="stmt"/>
      <line num="542" count="0" type="stmt"/>
      <line num="544" count="0" type="stmt"/>
      <line num="556" count="1" type="cond" truecount="0" falsecount="1"/>
      <line num="557" count="0" type="stmt"/>
      <line num="558" count="0" type="stmt"/>
      <line num="559" count="0" type="cond" truecount="0" falsecount="1"/>
      <line num="560" count="0" type="stmt"/>
      <line num="563" count="0" type="stmt"/>
      <line num="564" count="0" type="stmt"/>
      <line num="565" count="0" type="stmt"/>
      <line num="566" count="0" type="stmt"/>
      <line num="568" count="0" type="cond" truecount="0" falsecount="1"/>
      <line num="569" count="0" type="stmt"/>
      <line num="571" count="0" type="cond" truecount="0" falsecount="1"/>
      <line num="572" count="0" type="stmt"/>
      <line num="574" count="0" type="cond" truecount="0" falsecount="1"/>
      <line num="575" count="0" type="stmt"/>
      <line num="577" count="0" type="stmt"/>
      <line num="578" count="0" type="cond" truecount="0" falsecount="1"/>
      <line num="579" count="0" type="stmt"/>
      <line num="581" count="0" type="cond" truecount="0" falsecount="1"/>
      <line num="582" count="0" type="stmt"/>
      <line num="583" count="0" type="cond" truecount="0" falsecount="1"/>
      <line num="584" count="0" type="stmt"/>
      <line num="588" count="0" type="stmt"/>
      <line num="589" count="0" type="stmt"/>
      <line num="590" count="0" type="stmt"/>
      <line num="592" count="0" type="stmt"/>
      <line num="603" count="1" type="stmt"/>
      <line num="604" count="0" type="stmt"/>
      <line num="605" count="0" type="stmt"/>
      <line num="606" count="0" type="cond" truecount="0" falsecount="1"/>
      <line num="607" count="0" type="stmt"/>
      <line num="609" count="0" type="stmt"/>
      <line num="611" count="0" type="stmt"/>
      <line num="612" count="0" type="cond" truecount="0" falsecount="2"/>
      <line num="614" count="0" type="cond" truecount="0" falsecount="1"/>
      <line num="615" count="0" type="stmt"/>
      <line num="618" count="0" type="stmt"/>
      <line num="619" count="0" type="stmt"/>
      <line num="620" count="0" type="cond" truecount="0" falsecount="2"/>
      <line num="622" count="0" type="cond" truecount="0" falsecount="1"/>
      <line num="623" count="0" type="stmt"/>
      <line num="626" count="0" type="stmt"/>
      <line num="627" count="0" type="stmt"/>
      <line num="629" count="0" type="stmt"/>
      <line num="645" count="1" type="stmt"/>
      <line num="646" count="0" type="stmt"/>
      <line num="647" count="0" type="stmt"/>
      <line num="648" count="0" type="cond" truecount="0" falsecount="1"/>
      <line num="649" count="0" type="stmt"/>
      <line num="651" count="0" type="stmt"/>
      <line num="653" count="0" type="stmt"/>
      <line num="654" count="0" type="stmt"/>
      <line num="655" count="0" type="stmt"/>
      <line num="661" count="0" type="stmt"/>
      <line num="674" count="1" type="stmt"/>
      <line num="675" count="0" type="stmt"/>
      <line num="676" count="0" type="stmt"/>
      <line num="677" count="0" type="cond" truecount="0" falsecount="1"/>
      <line num="678" count="0" type="stmt"/>
      <line num="681" count="0" type="stmt"/>
      <line num="682" count="0" type="stmt"/>
      <line num="683" count="0" type="cond" truecount="0" falsecount="3"/>
      <line num="684" count="0" type="stmt"/>
      <line num="686" count="0" type="cond" truecount="0" falsecount="1"/>
      <line num="687" count="0" type="stmt"/>
      <line num="690" count="0" type="cond" truecount="0" falsecount="1"/>
      <line num="691" count="0" type="stmt"/>
      <line num="693" count="0" type="stmt"/>
      <line num="694" count="0" type="stmt"/>
      <line num="696" count="0" type="stmt"/>
      <line num="697" count="0" type="stmt"/>
      <line num="699" count="0" type="stmt"/>
      <line num="712" count="1" type="stmt"/>
      <line num="713" count="0" type="stmt"/>
      <line num="714" count="0" type="stmt"/>
      <line num="715" count="0" type="cond" truecount="0" falsecount="1"/>
      <line num="716" count="0" type="stmt"/>
      <line num="719" count="0" type="stmt"/>
      <line num="720" count="0" type="stmt"/>
      <line num="721" count="0" type="cond" truecount="0" falsecount="1"/>
      <line num="722" count="0" type="stmt"/>
      <line num="724" count="0" type="cond" truecount="0" falsecount="1"/>
      <line num="725" count="0" type="stmt"/>
      <line num="728" count="0" type="stmt"/>
      <line num="729" count="0" type="cond" truecount="0" falsecount="1"/>
      <line num="730" count="0" type="stmt"/>
      <line num="732" count="0" type="cond" truecount="0" falsecount="3"/>
      <line num="733" count="0" type="stmt"/>
      <line num="735" count="0" type="stmt"/>
      <line num="736" count="0" type="cond" truecount="0" falsecount="1"/>
      <line num="737" count="0" type="stmt"/>
      <line num="740" count="0" type="stmt"/>
      <line num="741" count="0" type="stmt"/>
      <line num="743" count="0" type="stmt"/>
      <line num="745" count="0" type="stmt"/>
      <line num="757" count="1" type="cond" truecount="0" falsecount="1"/>
      <line num="758" count="0" type="stmt"/>
      <line num="759" count="0" type="stmt"/>
      <line num="760" count="0" type="cond" truecount="0" falsecount="1"/>
      <line num="761" count="0" type="stmt"/>
      <line num="764" count="0" type="stmt"/>
      <line num="765" count="0" type="stmt"/>
      <line num="766" count="0" type="cond" truecount="0" falsecount="3"/>
      <line num="767" count="0" type="stmt"/>
      <line num="770" count="0" type="stmt"/>
      <line num="771" count="0" type="cond" truecount="0" falsecount="1"/>
      <line num="772" count="0" type="stmt"/>
      <line num="775" count="0" type="cond" truecount="0" falsecount="1"/>
      <line num="776" count="0" type="stmt"/>
      <line num="777" count="0" type="cond" truecount="0" falsecount="1"/>
      <line num="778" count="0" type="stmt"/>
      <line num="782" count="0" type="stmt"/>
      <line num="783" count="0" type="stmt"/>
      <line num="784" count="0" type="stmt"/>
      <line num="785" count="0" type="stmt"/>
      <line num="787" count="0" type="stmt"/>
      <line num="798" count="1" type="stmt"/>
      <line num="799" count="0" type="stmt"/>
      <line num="800" count="0" type="stmt"/>
      <line num="801" count="0" type="cond" truecount="0" falsecount="1"/>
      <line num="802" count="0" type="stmt"/>
      <line num="805" count="0" type="stmt"/>
      <line num="806" count="0" type="stmt"/>
      <line num="807" count="0" type="cond" truecount="0" falsecount="1"/>
      <line num="808" count="0" type="stmt"/>
      <line num="810" count="0" type="cond" truecount="0" falsecount="1"/>
      <line num="811" count="0" type="stmt"/>
      <line num="814" count="0" type="stmt"/>
      <line num="815" count="0" type="cond" truecount="0" falsecount="1"/>
      <line num="816" count="0" type="stmt"/>
      <line num="819" count="0" type="stmt"/>
      <line num="820" count="0" type="stmt"/>
      <line num="821" count="0" type="stmt"/>
      <line num="823" count="0" type="stmt"/>
      <line num="824" count="0" type="stmt"/>
      <line num="826" count="0" type="stmt"/>
      <line num="827" count="0" type="stmt"/>
      <line num="828" count="0" type="stmt"/>
      <line num="829" count="0" type="stmt"/>
      <line num="831" count="0" type="stmt"/>
      <line num="833" count="0" type="stmt"/>
      <line num="846" count="1" type="stmt"/>
      <line num="847" count="8" type="stmt"/>
      <line num="848" count="8" type="stmt"/>
      <line num="849" count="8" type="cond" truecount="0" falsecount="1"/>
      <line num="850" count="0" type="stmt"/>
      <line num="853" count="8" type="stmt"/>
      <line num="854" count="8" type="cond" truecount="2" falsecount="1"/>
      <line num="855" count="0" type="stmt"/>
      <line num="858" count="8" type="cond" truecount="0" falsecount="1"/>
      <line num="859" count="0" type="stmt"/>
      <line num="862" count="8" type="cond" truecount="0" falsecount="1"/>
      <line num="863" count="0" type="stmt"/>
      <line num="866" count="8" type="stmt"/>
      <line num="867" count="8" type="cond" truecount="0" falsecount="1"/>
      <line num="868" count="0" type="stmt"/>
      <line num="871" count="8" type="stmt"/>
      <line num="872" count="8" type="stmt"/>
      <line num="882" count="8" type="stmt"/>
      <line num="883" count="8" type="stmt"/>
      <line num="885" count="8" type="stmt"/>
      <line num="900" count="1" type="stmt"/>
      <line num="901" count="0" type="stmt"/>
      <line num="902" count="0" type="stmt"/>
      <line num="903" count="0" type="cond" truecount="0" falsecount="1"/>
      <line num="904" count="0" type="stmt"/>
      <line num="907" count="0" type="stmt"/>
      <line num="908" count="0" type="cond" truecount="0" falsecount="3"/>
      <line num="909" count="0" type="stmt"/>
      <line num="912" count="0" type="cond" truecount="0" falsecount="1"/>
      <line num="914" count="0" type="stmt"/>
      <line num="918" count="0" type="cond" truecount="0" falsecount="1"/>
      <line num="919" count="0" type="stmt"/>
      <line num="922" count="0" type="stmt"/>
      <line num="923" count="0" type="stmt"/>
      <line num="925" count="0" type="stmt"/>
      <line num="928" count="1" type="stmt"/>
      <line num="929" count="0" type="stmt"/>
      <line num="930" count="0" type="stmt"/>
      <line num="931" count="0" type="cond" truecount="0" falsecount="1"/>
      <line num="932" count="0" type="stmt"/>
      <line num="935" count="0" type="stmt"/>
      <line num="936" count="0" type="cond" truecount="0" falsecount="3"/>
      <line num="937" count="0" type="stmt"/>
      <line num="940" count="0" type="cond" truecount="0" falsecount="1"/>
      <line num="942" count="0" type="stmt"/>
      <line num="945" count="0" type="cond" truecount="0" falsecount="1"/>
      <line num="946" count="0" type="stmt"/>
      <line num="949" count="0" type="stmt"/>
      <line num="951" count="0" type="stmt"/>
      <line num="953" count="0" type="stmt"/>
      <line num="968" count="1" type="stmt"/>
      <line num="969" count="0" type="stmt"/>
      <line num="970" count="0" type="stmt"/>
      <line num="972" count="0" type="cond" truecount="0" falsecount="1"/>
      <line num="973" count="0" type="stmt"/>
      <line num="975" count="0" type="cond" truecount="0" falsecount="3"/>
      <line num="976" count="0" type="stmt"/>
      <line num="978" count="0" type="cond" truecount="0" falsecount="1"/>
      <line num="979" count="0" type="stmt"/>
      <line num="981" count="0" type="cond" truecount="0" falsecount="1"/>
      <line num="982" count="0" type="stmt"/>
      <line num="984" count="0" type="cond" truecount="0" falsecount="1"/>
      <line num="985" count="0" type="stmt"/>
      <line num="987" count="0" type="cond" truecount="0" falsecount="1"/>
      <line num="988" count="0" type="stmt"/>
      <line num="990" count="0" type="cond" truecount="0" falsecount="1"/>
      <line num="991" count="0" type="stmt"/>
      <line num="994" count="0" type="stmt"/>
      <line num="995" count="0" type="stmt"/>
      <line num="996" count="0" type="stmt"/>
      <line num="997" count="0" type="stmt"/>
      <line num="999" count="0" type="stmt"/>
      <line num="1015" count="1" type="stmt"/>
      <line num="1016" count="0" type="stmt"/>
      <line num="1017" count="0" type="stmt"/>
      <line num="1018" count="0" type="cond" truecount="0" falsecount="1"/>
      <line num="1019" count="0" type="stmt"/>
      <line num="1022" count="0" type="cond" truecount="0" falsecount="3"/>
      <line num="1023" count="0" type="stmt"/>
      <line num="1026" count="0" type="stmt"/>
      <line num="1027" count="0" type="cond" truecount="0" falsecount="1"/>
      <line num="1028" count="0" type="stmt"/>
      <line num="1031" count="0" type="cond" truecount="0" falsecount="1"/>
      <line num="1032" count="0" type="stmt"/>
      <line num="1036" count="0" type="stmt"/>
      <line num="1037" count="0" type="stmt"/>
      <line num="1039" count="0" type="stmt"/>
      <line num="1047" count="1" type="stmt"/>
      <line num="1048" count="0" type="stmt"/>
      <line num="1049" count="0" type="stmt"/>
      <line num="1051" count="0" type="cond" truecount="0" falsecount="1"/>
      <line num="1052" count="0" type="stmt"/>
      <line num="1054" count="0" type="cond" truecount="0" falsecount="1"/>
      <line num="1055" count="0" type="stmt"/>
      <line num="1058" count="0" type="stmt"/>
      <line num="1059" count="0" type="cond" truecount="0" falsecount="1"/>
      <line num="1060" count="0" type="stmt"/>
      <line num="1062" count="0" type="cond" truecount="0" falsecount="1"/>
      <line num="1063" count="0" type="stmt"/>
      <line num="1066" count="0" type="stmt"/>
      <line num="1073" count="0" type="stmt"/>
      <line num="1074" count="0" type="stmt"/>
      <line num="1076" count="0" type="stmt"/>
      <line num="1081" count="1" type="stmt"/>
      <line num="1082" count="0" type="stmt"/>
      <line num="1083" count="0" type="cond" truecount="0" falsecount="3"/>
      <line num="1084" count="0" type="stmt"/>
      <line num="1087" count="0" type="stmt"/>
      <line num="1088" count="0" type="cond" truecount="0" falsecount="1"/>
      <line num="1089" count="0" type="stmt"/>
      <line num="1092" count="0" type="stmt"/>
      <line num="1093" count="0" type="stmt"/>
      <line num="1100" count="0" type="stmt"/>
      <line num="1102" count="0" type="stmt"/>
      <line num="1122" count="1" type="stmt"/>
      <line num="1123" count="0" type="stmt"/>
      <line num="1124" count="0" type="stmt"/>
      <line num="1126" count="0" type="cond" truecount="0" falsecount="1"/>
      <line num="1127" count="0" type="stmt"/>
      <line num="1130" count="0" type="cond" truecount="0" falsecount="1"/>
      <line num="1131" count="0" type="stmt"/>
      <line num="1135" count="0" type="stmt"/>
      <line num="1138" count="0" type="stmt"/>
      <line num="1140" count="0" type="stmt"/>
      <line num="1155" count="1" type="stmt"/>
      <line num="1156" count="0" type="stmt"/>
      <line num="1157" count="0" type="stmt"/>
      <line num="1158" count="0" type="cond" truecount="0" falsecount="1"/>
      <line num="1159" count="0" type="stmt"/>
      <line num="1162" count="0" type="stmt"/>
      <line num="1163" count="0" type="cond" truecount="0" falsecount="3"/>
      <line num="1164" count="0" type="stmt"/>
      <line num="1167" count="0" type="stmt"/>
      <line num="1169" count="0" type="stmt"/>
      <line num="1170" count="0" type="stmt"/>
      <line num="1172" count="0" type="stmt"/>
      <line num="1175" count="1" type="stmt"/>
      <line num="1176" count="0" type="stmt"/>
      <line num="1177" count="0" type="stmt"/>
      <line num="1178" count="0" type="cond" truecount="0" falsecount="1"/>
      <line num="1179" count="0" type="stmt"/>
      <line num="1182" count="0" type="stmt"/>
      <line num="1183" count="0" type="cond" truecount="0" falsecount="3"/>
      <line num="1184" count="0" type="stmt"/>
      <line num="1187" count="0" type="cond" truecount="0" falsecount="1"/>
      <line num="1189" count="0" type="stmt"/>
      <line num="1192" count="0" type="cond" truecount="0" falsecount="1"/>
      <line num="1193" count="0" type="stmt"/>
      <line num="1197" count="0" type="stmt"/>
      <line num="1198" count="0" type="stmt"/>
      <line num="1201" count="0" type="stmt"/>
      <line num="1202" count="0" type="stmt"/>
      <line num="1203" count="0" type="stmt"/>
      <line num="1204" count="0" type="stmt"/>
      <line num="1206" count="0" type="stmt"/>
      <line num="1210" count="0" type="stmt"/>
      <line num="1211" count="0" type="stmt"/>
      <line num="1212" count="0" type="stmt"/>
      <line num="1213" count="0" type="stmt"/>
      <line num="1214" count="0" type="cond" truecount="0" falsecount="2"/>
      <line num="1215" count="0" type="stmt"/>
      <line num="1216" count="0" type="stmt"/>
      <line num="1218" count="0" type="stmt"/>
      <line num="1219" count="0" type="cond" truecount="0" falsecount="1"/>
      <line num="1220" count="0" type="stmt"/>
      <line num="1222" count="0" type="stmt"/>
      <line num="1225" count="0" type="stmt"/>
      <line num="1226" count="0" type="stmt"/>
      <line num="1228" count="0" type="stmt"/>
      <line num="1229" count="0" type="stmt"/>
      <line num="1232" count="0" type="stmt"/>
      <line num="1234" count="0" type="stmt"/>
      <line num="1236" count="0" type="stmt"/>
      <line num="1237" count="0" type="stmt"/>
      <line num="1240" count="0" type="stmt"/>
      <line num="1242" count="0" type="cond" truecount="0" falsecount="1"/>
      <line num="1243" count="0" type="stmt"/>
      <line num="1246" count="0" type="stmt"/>
      <line num="1247" count="0" type="stmt"/>
      <line num="1248" count="0" type="stmt"/>
      <line num="1250" count="0" type="stmt"/>
      <line num="1251" count="0" type="stmt"/>
      <line num="1270" count="1" type="stmt"/>
      <line num="1271" count="0" type="stmt"/>
      <line num="1272" count="0" type="stmt"/>
      <line num="1273" count="0" type="cond" truecount="0" falsecount="1"/>
      <line num="1274" count="0" type="stmt"/>
      <line num="1278" count="0" type="stmt"/>
      <line num="1279" count="0" type="cond" truecount="0" falsecount="1"/>
      <line num="1280" count="0" type="stmt"/>
      <line num="1283" count="0" type="stmt"/>
      <line num="1285" count="0" type="stmt"/>
      <line num="1287" count="0" type="cond" truecount="0" falsecount="1"/>
      <line num="1288" count="0" type="stmt"/>
      <line num="1291" count="0" type="cond" truecount="0" falsecount="1"/>
      <line num="1292" count="0" type="stmt"/>
      <line num="1295" count="0" type="stmt"/>
      <line num="1307" count="0" type="stmt"/>
      <line num="1315" count="1" type="stmt"/>
      <line num="1316" count="0" type="stmt"/>
      <line num="1317" count="0" type="stmt"/>
      <line num="1318" count="0" type="cond" truecount="0" falsecount="1"/>
      <line num="1319" count="0" type="stmt"/>
      <line num="1322" count="0" type="stmt"/>
      <line num="1324" count="0" type="cond" truecount="0" falsecount="3"/>
      <line num="1325" count="0" type="stmt"/>
      <line num="1328" count="0" type="cond" truecount="0" falsecount="1"/>
      <line num="1329" count="0" type="stmt"/>
      <line num="1332" count="0" type="cond" truecount="0" falsecount="3"/>
      <line num="1333" count="0" type="stmt"/>
      <line num="1336" count="0" type="stmt"/>
      <line num="1338" count="0" type="stmt"/>
      <line num="1360" count="1" type="stmt"/>
      <line num="1361" count="0" type="stmt"/>
      <line num="1363" count="0" type="stmt"/>
      <line num="1364" count="0" type="cond" truecount="0" falsecount="1"/>
      <line num="1365" count="0" type="stmt"/>
      <line num="1368" count="0" type="cond" truecount="0" falsecount="1"/>
      <line num="1369" count="0" type="stmt"/>
      <line num="1372" count="0" type="stmt"/>
      <line num="1373" count="0" type="stmt"/>
      <line num="1374" count="0" type="stmt"/>
      <line num="1375" count="0" type="stmt"/>
      <line num="1377" count="0" type="stmt"/>
      <line num="1378" count="0" type="stmt"/>
      <line num="1379" count="0" type="stmt"/>
      <line num="1380" count="0" type="stmt"/>
      <line num="1382" count="0" type="stmt"/>
      <line num="1395" count="1" type="stmt"/>
      <line num="1396" count="0" type="stmt"/>
      <line num="1398" count="0" type="stmt"/>
      <line num="1399" count="0" type="cond" truecount="0" falsecount="1"/>
      <line num="1400" count="0" type="stmt"/>
      <line num="1403" count="0" type="stmt"/>
      <line num="1410" count="1" type="stmt"/>
      <line num="1411" count="0" type="stmt"/>
      <line num="1412" count="0" type="stmt"/>
      <line num="1413" count="0" type="cond" truecount="0" falsecount="1"/>
      <line num="1414" count="0" type="stmt"/>
      <line num="1417" count="0" type="stmt"/>
      <line num="1419" count="0" type="stmt"/>
    </file>
    <file name="testHelper.ts" path="/Users/aditya/Desktop/comp1531/major_project/project-backend/src/testHelper.ts">
      <metrics statements="224" coveredstatements="220" conditionals="35" coveredconditionals="30" methods="66" coveredmethods="66"/>
      <line num="1" count="38" type="stmt"/>
      <line num="2" count="38" type="stmt"/>
      <line num="4" count="38" type="stmt"/>
      <line num="8" count="38" type="stmt"/>
      <line num="9" count="38" type="stmt"/>
      <line num="10" count="38" type="stmt"/>
      <line num="11" count="38" type="stmt"/>
      <line num="14" count="38" type="cond" truecount="2" falsecount="0"/>
      <line num="15" count="38" type="stmt"/>
      <line num="16" count="38" type="stmt"/>
      <line num="17" count="38" type="stmt"/>
      <line num="18" count="38" type="stmt"/>
      <line num="21" count="38" type="cond" truecount="2" falsecount="0"/>
      <line num="22" count="38" type="stmt"/>
      <line num="23" count="38" type="stmt"/>
      <line num="24" count="38" type="stmt"/>
      <line num="25" count="38" type="stmt"/>
      <line num="28" count="38" type="cond" truecount="2" falsecount="0"/>
      <line num="29" count="38" type="stmt"/>
      <line num="30" count="38" type="stmt"/>
      <line num="31" count="38" type="stmt"/>
      <line num="32" count="38" type="stmt"/>
      <line num="35" count="38" type="cond" truecount="2" falsecount="0"/>
      <line num="36" count="38" type="stmt"/>
      <line num="37" count="38" type="stmt"/>
      <line num="38" count="38" type="stmt"/>
      <line num="39" count="38" type="stmt"/>
      <line num="43" count="38" type="cond" truecount="2" falsecount="0"/>
      <line num="44" count="38" type="stmt"/>
      <line num="45" count="38" type="stmt"/>
      <line num="48" count="38" type="cond" truecount="2" falsecount="0"/>
      <line num="49" count="38" type="stmt"/>
      <line num="50" count="38" type="stmt"/>
      <line num="53" count="38" type="cond" truecount="2" falsecount="0"/>
      <line num="54" count="38" type="stmt"/>
      <line num="55" count="38" type="stmt"/>
      <line num="59" count="38" type="cond" truecount="2" falsecount="0"/>
      <line num="60" count="38" type="stmt"/>
      <line num="61" count="38" type="stmt"/>
      <line num="62" count="38" type="stmt"/>
      <line num="65" count="38" type="cond" truecount="2" falsecount="0"/>
      <line num="66" count="38" type="stmt"/>
      <line num="67" count="38" type="stmt"/>
      <line num="68" count="38" type="stmt"/>
      <line num="69" count="38" type="stmt"/>
      <line num="72" count="38" type="stmt"/>
      <line num="89" count="38" type="stmt"/>
      <line num="107" count="38" type="stmt"/>
      <line num="110" count="38" type="stmt"/>
      <line num="111" count="38" type="stmt"/>
      <line num="114" count="38" type="stmt"/>
      <line num="115" count="38" type="stmt"/>
      <line num="116" count="38" type="stmt"/>
      <line num="117" count="38" type="stmt"/>
      <line num="118" count="38" type="stmt"/>
      <line num="121" count="38" type="stmt"/>
      <line num="122" count="38" type="stmt"/>
      <line num="123" count="38" type="stmt"/>
      <line num="124" count="38" type="stmt"/>
      <line num="125" count="38" type="stmt"/>
      <line num="126" count="38" type="stmt"/>
      <line num="127" count="38" type="stmt"/>
      <line num="128" count="38" type="stmt"/>
      <line num="129" count="38" type="stmt"/>
      <line num="130" count="38" type="stmt"/>
      <line num="131" count="38" type="stmt"/>
      <line num="142" count="38" type="stmt"/>
      <line num="143" count="38" type="stmt"/>
      <line num="144" count="38" type="stmt"/>
      <line num="148" count="38" type="stmt"/>
      <line num="149" count="38" type="stmt"/>
      <line num="150" count="38" type="stmt"/>
      <line num="153" count="38" type="stmt"/>
      <line num="161" count="38" type="stmt"/>
      <line num="162" count="38" type="stmt"/>
      <line num="165" count="38" type="stmt"/>
      <line num="168" count="38" type="stmt"/>
      <line num="169" count="38" type="stmt"/>
      <line num="201" count="38" type="stmt"/>
      <line num="216" count="38" type="stmt"/>
      <line num="222" count="38" type="stmt"/>
      <line num="223" count="38" type="stmt"/>
      <line num="224" count="38" type="stmt"/>
      <line num="227" count="38" type="stmt"/>
      <line num="228" count="38" type="stmt"/>
      <line num="229" count="38" type="stmt"/>
      <line num="230" count="38" type="stmt"/>
      <line num="233" count="38" type="stmt"/>
      <line num="236" count="38" type="stmt"/>
      <line num="237" count="38" type="stmt"/>
      <line num="271" count="38" type="stmt"/>
      <line num="273" count="38" type="stmt"/>
      <line num="279" count="2629" type="stmt"/>
      <line num="280" count="2629" type="stmt"/>
      <line num="281" count="2629" type="cond" truecount="2" falsecount="0"/>
      <line num="282" count="710" type="stmt"/>
      <line num="285" count="1919" type="stmt"/>
      <line num="288" count="2629" type="stmt"/>
      <line num="289" count="2629" type="stmt"/>
      <line num="292" count="2629" type="stmt"/>
      <line num="293" count="2629" type="stmt"/>
      <line num="295" count="0" type="cond" truecount="0" falsecount="1"/>
      <line num="296" count="0" type="stmt"/>
      <line num="300" count="0" type="stmt"/>
      <line num="303" count="2629" type="cond" truecount="4" falsecount="3"/>
      <line num="308" count="2629" type="cond" truecount="4" falsecount="1"/>
      <line num="311" count="303" type="stmt"/>
      <line num="313" count="1" type="stmt"/>
      <line num="315" count="0" type="stmt"/>
      <line num="317" count="2325" type="cond" truecount="1" falsecount="0"/>
      <line num="318" count="62" type="stmt"/>
      <line num="321" count="2263" type="stmt"/>
      <line num="325" count="38" type="stmt"/>
      <line num="326" count="527" type="stmt"/>
      <line num="329" count="38" type="stmt"/>
      <line num="330" count="23" type="stmt"/>
      <line num="333" count="38" type="stmt"/>
      <line num="334" count="29" type="stmt"/>
      <line num="337" count="38" type="stmt"/>
      <line num="338" count="5" type="stmt"/>
      <line num="341" count="38" type="stmt"/>
      <line num="342" count="403" type="stmt"/>
      <line num="345" count="38" type="stmt"/>
      <line num="346" count="42" type="stmt"/>
      <line num="349" count="38" type="stmt"/>
      <line num="350" count="33" type="stmt"/>
      <line num="353" count="38" type="stmt"/>
      <line num="354" count="14" type="stmt"/>
      <line num="357" count="38" type="stmt"/>
      <line num="358" count="11" type="stmt"/>
      <line num="361" count="38" type="stmt"/>
      <line num="362" count="460" type="stmt"/>
      <line num="367" count="38" type="stmt"/>
      <line num="368" count="2" type="stmt"/>
      <line num="371" count="38" type="stmt"/>
      <line num="372" count="6" type="stmt"/>
      <line num="375" count="38" type="stmt"/>
      <line num="376" count="10" type="stmt"/>
      <line num="379" count="38" type="stmt"/>
      <line num="380" count="315" type="stmt"/>
      <line num="383" count="38" type="stmt"/>
      <line num="384" count="9" type="stmt"/>
      <line num="387" count="38" type="stmt"/>
      <line num="388" count="19" type="stmt"/>
      <line num="391" count="38" type="stmt"/>
      <line num="392" count="7" type="stmt"/>
      <line num="395" count="38" type="stmt"/>
      <line num="396" count="9" type="stmt"/>
      <line num="399" count="38" type="stmt"/>
      <line num="400" count="26" type="stmt"/>
      <line num="403" count="38" type="stmt"/>
      <line num="404" count="9" type="stmt"/>
      <line num="407" count="38" type="stmt"/>
      <line num="408" count="9" type="stmt"/>
      <line num="411" count="38" type="stmt"/>
      <line num="412" count="6" type="stmt"/>
      <line num="417" count="38" type="stmt"/>
      <line num="418" count="5" type="stmt"/>
      <line num="420" count="38" type="stmt"/>
      <line num="421" count="118" type="stmt"/>
      <line num="424" count="38" type="stmt"/>
      <line num="425" count="161" type="stmt"/>
      <line num="428" count="38" type="stmt"/>
      <line num="429" count="9" type="stmt"/>
      <line num="432" count="38" type="stmt"/>
      <line num="433" count="8" type="stmt"/>
      <line num="436" count="38" type="stmt"/>
      <line num="437" count="35" type="stmt"/>
      <line num="440" count="38" type="stmt"/>
      <line num="441" count="5" type="stmt"/>
      <line num="444" count="38" type="stmt"/>
      <line num="445" count="2" type="stmt"/>
      <line num="448" count="38" type="stmt"/>
      <line num="449" count="93" type="stmt"/>
      <line num="452" count="38" type="stmt"/>
      <line num="453" count="6" type="stmt"/>
      <line num="456" count="38" type="stmt"/>
      <line num="457" count="7" type="stmt"/>
      <line num="460" count="38" type="stmt"/>
      <line num="461" count="9" type="stmt"/>
      <line num="464" count="38" type="stmt"/>
      <line num="465" count="6" type="stmt"/>
      <line num="468" count="38" type="stmt"/>
      <line num="469" count="12" type="stmt"/>
      <line num="473" count="38" type="stmt"/>
      <line num="474" count="5" type="stmt"/>
      <line num="477" count="38" type="stmt"/>
      <line num="478" count="4" type="stmt"/>
      <line num="481" count="38" type="stmt"/>
      <line num="482" count="10" type="stmt"/>
      <line num="485" count="38" type="stmt"/>
      <line num="486" count="4" type="stmt"/>
      <line num="489" count="38" type="stmt"/>
      <line num="490" count="7" type="stmt"/>
      <line num="493" count="38" type="stmt"/>
      <line num="494" count="13" type="stmt"/>
      <line num="497" count="38" type="stmt"/>
      <line num="498" count="10" type="stmt"/>
      <line num="503" count="38" type="stmt"/>
      <line num="504" count="2" type="stmt"/>
      <line num="507" count="38" type="stmt"/>
      <line num="508" count="6" type="stmt"/>
      <line num="511" count="38" type="stmt"/>
      <line num="512" count="10" type="stmt"/>
      <line num="515" count="38" type="stmt"/>
      <line num="516" count="33" type="stmt"/>
      <line num="519" count="38" type="stmt"/>
      <line num="520" count="9" type="stmt"/>
      <line num="523" count="38" type="stmt"/>
      <line num="524" count="19" type="stmt"/>
      <line num="527" count="38" type="stmt"/>
      <line num="528" count="3" type="stmt"/>
      <line num="531" count="38" type="stmt"/>
      <line num="532" count="9" type="stmt"/>
      <line num="535" count="38" type="stmt"/>
      <line num="536" count="5" type="stmt"/>
      <line num="539" count="38" type="stmt"/>
      <line num="540" count="8" type="stmt"/>
      <line num="543" count="38" type="stmt"/>
      <line num="544" count="9" type="stmt"/>
      <line num="547" count="38" type="stmt"/>
      <line num="548" count="6" type="stmt"/>
      <line num="551" count="38" type="stmt"/>
      <line num="552" count="6" type="stmt"/>
    </file>
    <file name="types.ts" path="/Users/aditya/Desktop/comp1531/major_project/project-backend/src/types.ts">
      <metrics statements="48" coveredstatements="48" conditionals="6" coveredconditionals="6" methods="3" coveredmethods="3"/>
      <line num="2" count="10" type="stmt"/>
      <line num="3" count="10" type="stmt"/>
      <line num="4" count="10" type="stmt"/>
      <line num="5" count="10" type="stmt"/>
      <line num="8" count="10" type="stmt"/>
      <line num="9" count="10" type="stmt"/>
      <line num="10" count="10" type="stmt"/>
      <line num="11" count="10" type="stmt"/>
      <line num="12" count="10" type="stmt"/>
      <line num="15" count="10" type="stmt"/>
      <line num="16" count="10" type="stmt"/>
      <line num="19" count="10" type="stmt"/>
      <line num="20" count="10" type="stmt"/>
      <line num="21" count="10" type="stmt"/>
      <line num="24" count="10" type="stmt"/>
      <line num="25" count="10" type="stmt"/>
      <line num="28" count="10" type="stmt"/>
      <line num="29" count="10" type="stmt"/>
      <line num="30" count="10" type="stmt"/>
      <line num="31" count="10" type="stmt"/>
      <line num="32" count="10" type="stmt"/>
      <line num="33" count="10" type="stmt"/>
      <line num="34" count="10" type="stmt"/>
      <line num="35" count="10" type="stmt"/>
      <line num="36" count="10" type="stmt"/>
      <line num="39" count="10" type="stmt"/>
      <line num="40" count="10" type="stmt"/>
      <line num="43" count="10" type="stmt"/>
      <line num="44" count="10" type="stmt"/>
      <line num="47" count="10" type="stmt"/>
      <line num="49" count="10" type="stmt"/>
      <line num="75" count="10" type="cond" truecount="2" falsecount="0"/>
      <line num="76" count="10" type="stmt"/>
      <line num="77" count="10" type="stmt"/>
      <line num="78" count="10" type="stmt"/>
      <line num="79" count="10" type="stmt"/>
      <line num="80" count="10" type="stmt"/>
      <line num="81" count="10" type="stmt"/>
      <line num="82" count="10" type="stmt"/>
      <line num="96" count="10" type="cond" truecount="2" falsecount="0"/>
      <line num="97" count="10" type="stmt"/>
      <line num="98" count="10" type="stmt"/>
      <line num="99" count="10" type="stmt"/>
      <line num="100" count="10" type="stmt"/>
      <line num="101" count="10" type="stmt"/>
      <line num="263" count="10" type="cond" truecount="2" falsecount="0"/>
      <line num="264" count="10" type="stmt"/>
      <line num="265" count="10" type="stmt"/>
    </file>
  </project>
</coverage>
