{"/Users/aditya/Desktop/comp1531/major_project/project-backend/src/dataStore.ts": {"path":"/Users/aditya/Desktop/comp1531/major_project/project-backend/src/dataStore.ts","statementMap":{"0":{"start":{"line":2,"column":0},"end":{"line":2,"column":20}},"1":{"start":{"line":4,"column":21},"end":{"line":4,"column":38}},"2":{"start":{"line":25,"column":18},"end":{"line":25,"column":91}},"3":{"start":{"line":26,"column":2},"end":{"line":26,"column":33}},"4":{"start":{"line":27,"column":2},"end":{"line":27,"column":18}},"5":{"start":{"line":35,"column":9},"end":{"line":35,"column":16}},"6":{"start":{"line":32,"column":2},"end":{"line":32,"column":67}},"7":{"start":{"line":35,"column":18},"end":{"line":35,"column":25}}},"fnMap":{"0":{"name":"getData","decl":{"start":{"line":24,"column":9},"end":{"line":24,"column":16}},"loc":{"start":{"line":24,"column":16},"end":{"line":28,"column":1}}},"1":{"name":"setData","decl":{"start":{"line":31,"column":9},"end":{"line":31,"column":16}},"loc":{"start":{"line":31,"column":44},"end":{"line":33,"column":1}}}},"branchMap":{},"s":{"0":1,"1":1,"2":8,"3":8,"4":8,"5":1,"6":8,"7":1},"f":{"0":8,"1":8},"b":{}}
,"/Users/aditya/Desktop/comp1531/major_project/project-backend/src/echo.js": {"path":"/Users/aditya/Desktop/comp1531/major_project/project-backend/src/echo.js","statementMap":{"0":{"start":{"line":3,"column":2},"end":{"line":6,"column":null}},"1":{"start":{"line":5,"column":4},"end":{"line":5,"column":74}},"2":{"start":{"line":7,"column":2},"end":{"line":7,"column":15}},"3":{"start":{"line":10,"column":9},"end":{"line":10,"column":13}}},"fnMap":{"0":{"name":"echo","decl":{"start":{"line":2,"column":9},"end":{"line":2,"column":13}},"loc":{"start":{"line":2,"column":19},"end":{"line":8,"column":1}}}},"branchMap":{"0":{"loc":{"start":{"line":3,"column":2},"end":{"line":6,"column":null}},"type":"if","locations":[{"start":{"line":3,"column":2},"end":{"line":6,"column":null}}]},"1":{"loc":{"start":{"line":3,"column":6},"end":{"line":3,"column":41}},"type":"binary-expr","locations":[{"start":{"line":3,"column":6},"end":{"line":3,"column":16}},{"start":{"line":3,"column":20},"end":{"line":3,"column":41}}]}},"s":{"0":3,"1":1,"2":2,"3":1},"f":{"0":3},"b":{"0":[1],"1":[3,1]}}
,"/Users/aditya/Desktop/comp1531/major_project/project-backend/src/helper.ts": {"path":"/Users/aditya/Desktop/comp1531/major_project/project-backend/src/helper.ts","statementMap":{"0":{"start":{"line":1,"column":0},"end":{"line":1,"column":null}},"1":{"start":{"line":5,"column":0},"end":{"line":5,"column":null}},"2":{"start":{"line":25,"column":0},"end":{"line":25,"column":36}},"3":{"start":{"line":27,"column":0},"end":{"line":27,"column":33}},"4":{"start":{"line":29,"column":22},"end":{"line":33,"column":2}},"5":{"start":{"line":36,"column":21},"end":{"line":36,"column":45}},"6":{"start":{"line":37,"column":17},"end":{"line":37,"column":37}},"7":{"start":{"line":38,"column":17},"end":{"line":38,"column":37}},"8":{"start":{"line":40,"column":15},"end":{"line":40,"column":53}},"9":{"start":{"line":42,"column":21},"end":{"line":42,"column":82}},"10":{"start":{"line":43,"column":2},"end":{"line":43,"column":49}},"11":{"start":{"line":35,"column":0},"end":{"line":35,"column":16}},"12":{"start":{"line":47,"column":41},"end":{"line":47,"column":56}},"13":{"start":{"line":49,"column":21},"end":{"line":49,"column":45}},"14":{"start":{"line":50,"column":17},"end":{"line":50,"column":37}},"15":{"start":{"line":51,"column":17},"end":{"line":51,"column":37}},"16":{"start":{"line":53,"column":40},"end":{"line":58,"column":null}},"17":{"start":{"line":61,"column":2},"end":{"line":61,"column":76}},"18":{"start":{"line":46,"column":0},"end":{"line":46,"column":16}},"19":{"start":{"line":74,"column":2},"end":{"line":74,"column":70}},"20":{"start":{"line":74,"column":45},"end":{"line":74,"column":68}},"21":{"start":{"line":73,"column":0},"end":{"line":73,"column":16}},"22":{"start":{"line":78,"column":2},"end":{"line":78,"column":82}},"23":{"start":{"line":78,"column":45},"end":{"line":78,"column":80}},"24":{"start":{"line":77,"column":0},"end":{"line":77,"column":16}},"25":{"start":{"line":90,"column":2},"end":{"line":90,"column":107}},"26":{"start":{"line":90,"column":45},"end":{"line":90,"column":105}},"27":{"start":{"line":90,"column":76},"end":{"line":90,"column":104}},"28":{"start":{"line":89,"column":0},"end":{"line":89,"column":16}},"29":{"start":{"line":102,"column":2},"end":{"line":102,"column":63}},"30":{"start":{"line":102,"column":35},"end":{"line":102,"column":61}},"31":{"start":{"line":101,"column":0},"end":{"line":101,"column":16}},"32":{"start":{"line":113,"column":2},"end":{"line":113,"column":57}},"33":{"start":{"line":113,"column":35},"end":{"line":113,"column":55}},"34":{"start":{"line":112,"column":0},"end":{"line":112,"column":16}},"35":{"start":{"line":125,"column":17},"end":{"line":125,"column":54}},"36":{"start":{"line":126,"column":2},"end":{"line":126,"column":55}},"37":{"start":{"line":126,"column":31},"end":{"line":126,"column":53}},"38":{"start":{"line":124,"column":0},"end":{"line":124,"column":16}},"39":{"start":{"line":137,"column":2},"end":{"line":137,"column":70}},"40":{"start":{"line":137,"column":46},"end":{"line":137,"column":65}},"41":{"start":{"line":136,"column":0},"end":{"line":136,"column":16}},"42":{"start":{"line":147,"column":22},"end":{"line":147,"column":64}},"43":{"start":{"line":148,"column":2},"end":{"line":148,"column":30}},"44":{"start":{"line":160,"column":15},"end":{"line":160,"column":40}},"45":{"start":{"line":162,"column":2},"end":{"line":162,"column":79}},"46":{"start":{"line":162,"column":43},"end":{"line":162,"column":77}},"47":{"start":{"line":159,"column":0},"end":{"line":159,"column":16}},"48":{"start":{"line":175,"column":15},"end":{"line":175,"column":40}},"49":{"start":{"line":177,"column":2},"end":{"line":177,"column":84}},"50":{"start":{"line":177,"column":48},"end":{"line":177,"column":82}},"51":{"start":{"line":174,"column":0},"end":{"line":174,"column":16}},"52":{"start":{"line":189,"column":15},"end":{"line":189,"column":46}},"53":{"start":{"line":190,"column":21},"end":{"line":190,"column":32}},"54":{"start":{"line":191,"column":31},"end":{"line":191,"column":90}},"55":{"start":{"line":191,"column":59},"end":{"line":191,"column":89}},"56":{"start":{"line":192,"column":2},"end":{"line":192,"column":22}},"57":{"start":{"line":188,"column":0},"end":{"line":188,"column":16}},"58":{"start":{"line":205,"column":15},"end":{"line":205,"column":24}},"59":{"start":{"line":206,"column":2},"end":{"line":206,"column":95}},"60":{"start":{"line":206,"column":37},"end":{"line":206,"column":93}},"61":{"start":{"line":204,"column":0},"end":{"line":204,"column":16}},"62":{"start":{"line":217,"column":2},"end":{"line":217,"column":15}},"63":{"start":{"line":218,"column":2},"end":{"line":218,"column":20}},"64":{"start":{"line":216,"column":0},"end":{"line":216,"column":16}},"65":{"start":{"line":230,"column":2},"end":{"line":230,"column":91}},"66":{"start":{"line":230,"column":37},"end":{"line":230,"column":89}},"67":{"start":{"line":229,"column":0},"end":{"line":229,"column":16}},"68":{"start":{"line":240,"column":2},"end":{"line":240,"column":54}},"69":{"start":{"line":239,"column":0},"end":{"line":239,"column":16}},"70":{"start":{"line":254,"column":17},"end":{"line":254,"column":30}},"71":{"start":{"line":255,"column":2},"end":{"line":257,"column":null}},"72":{"start":{"line":256,"column":4},"end":{"line":256,"column":17}},"73":{"start":{"line":259,"column":2},"end":{"line":259,"column":39}},"74":{"start":{"line":259,"column":13},"end":{"line":259,"column":39}},"75":{"start":{"line":260,"column":2},"end":{"line":260,"column":14}},"76":{"start":{"line":253,"column":0},"end":{"line":253,"column":16}},"77":{"start":{"line":272,"column":2},"end":{"line":279,"column":5}},"78":{"start":{"line":273,"column":4},"end":{"line":278,"column":6}},"79":{"start":{"line":271,"column":0},"end":{"line":271,"column":16}},"80":{"start":{"line":293,"column":2},"end":{"line":293,"column":28}},"81":{"start":{"line":294,"column":2},"end":{"line":294,"column":44}},"82":{"start":{"line":292,"column":0},"end":{"line":292,"column":16}},"83":{"start":{"line":303,"column":2},"end":{"line":303,"column":39}},"84":{"start":{"line":302,"column":0},"end":{"line":302,"column":16}},"85":{"start":{"line":307,"column":2},"end":{"line":307,"column":128}},"86":{"start":{"line":307,"column":64},"end":{"line":307,"column":123}},"87":{"start":{"line":306,"column":0},"end":{"line":306,"column":16}},"88":{"start":{"line":311,"column":18},"end":{"line":311,"column":53}},"89":{"start":{"line":314,"column":19},"end":{"line":314,"column":69}},"90":{"start":{"line":317,"column":28},"end":{"line":317,"column":112}},"91":{"start":{"line":317,"column":64},"end":{"line":317,"column":78}},"92":{"start":{"line":317,"column":96},"end":{"line":317,"column":111}},"93":{"start":{"line":318,"column":25},"end":{"line":321,"column":31}},"94":{"start":{"line":319,"column":4},"end":{"line":319,"column":60}},"95":{"start":{"line":319,"column":47},"end":{"line":319,"column":60}},"96":{"start":{"line":320,"column":4},"end":{"line":320,"column":80}},"97":{"start":{"line":321,"column":19},"end":{"line":321,"column":30}},"98":{"start":{"line":324,"column":27},"end":{"line":326,"column":7}},"99":{"start":{"line":325,"column":4},"end":{"line":325,"column":61}},"100":{"start":{"line":328,"column":28},"end":{"line":328,"column":81}},"101":{"start":{"line":330,"column":25},"end":{"line":330,"column":77}},"102":{"start":{"line":332,"column":41},"end":{"line":337,"column":4}},"103":{"start":{"line":339,"column":2},"end":{"line":339,"column":63}},"104":{"start":{"line":341,"column":35},"end":{"line":346,"column":4}},"105":{"start":{"line":342,"column":4},"end":{"line":342,"column":60}},"106":{"start":{"line":342,"column":47},"end":{"line":342,"column":60}},"107":{"start":{"line":343,"column":4},"end":{"line":343,"column":80}},"108":{"start":{"line":345,"column":4},"end":{"line":345,"column":95}},"109":{"start":{"line":349,"column":2},"end":{"line":352,"column":5}},"110":{"start":{"line":350,"column":26},"end":{"line":350,"column":35}},"111":{"start":{"line":351,"column":4},"end":{"line":351,"column":58}},"112":{"start":{"line":356,"column":2},"end":{"line":358,"column":null}},"113":{"start":{"line":357,"column":4},"end":{"line":357,"column":17}},"114":{"start":{"line":359,"column":2},"end":{"line":363,"column":null}},"115":{"start":{"line":359,"column":15},"end":{"line":359,"column":16}},"116":{"start":{"line":360,"column":4},"end":{"line":362,"column":null}},"117":{"start":{"line":361,"column":6},"end":{"line":361,"column":19}},"118":{"start":{"line":364,"column":2},"end":{"line":364,"column":14}},"119":{"start":{"line":355,"column":0},"end":{"line":355,"column":16}},"120":{"start":{"line":367,"column":13},"end":{"line":445,"column":2}},"121":{"start":{"line":369,"column":20},"end":{"line":369,"column":55}},"122":{"start":{"line":370,"column":25},"end":{"line":370,"column":38}},"123":{"start":{"line":371,"column":4},"end":{"line":373,"column":null}},"124":{"start":{"line":372,"column":6},"end":{"line":372,"column":89}},"125":{"start":{"line":375,"column":4},"end":{"line":375,"column":34}},"126":{"start":{"line":378,"column":20},"end":{"line":378,"column":55}},"127":{"start":{"line":379,"column":25},"end":{"line":379,"column":38}},"128":{"start":{"line":381,"column":4},"end":{"line":383,"column":null}},"129":{"start":{"line":382,"column":6},"end":{"line":382,"column":89}},"130":{"start":{"line":392,"column":4},"end":{"line":392,"column":49}},"131":{"start":{"line":393,"column":4},"end":{"line":393,"column":25}},"132":{"start":{"line":395,"column":4},"end":{"line":400,"column":17}},"133":{"start":{"line":397,"column":6},"end":{"line":399,"column":null}},"134":{"start":{"line":398,"column":8},"end":{"line":398,"column":69}},"135":{"start":{"line":403,"column":20},"end":{"line":403,"column":55}},"136":{"start":{"line":404,"column":25},"end":{"line":404,"column":38}},"137":{"start":{"line":406,"column":4},"end":{"line":408,"column":null}},"138":{"start":{"line":407,"column":6},"end":{"line":407,"column":89}},"139":{"start":{"line":411,"column":4},"end":{"line":411,"column":44}},"140":{"start":{"line":412,"column":4},"end":{"line":412,"column":77}},"141":{"start":{"line":414,"column":4},"end":{"line":422,"column":null}},"142":{"start":{"line":415,"column":6},"end":{"line":421,"column":77}},"143":{"start":{"line":417,"column":8},"end":{"line":420,"column":null}},"144":{"start":{"line":419,"column":10},"end":{"line":419,"column":51}},"145":{"start":{"line":425,"column":20},"end":{"line":425,"column":55}},"146":{"start":{"line":426,"column":25},"end":{"line":426,"column":38}},"147":{"start":{"line":427,"column":4},"end":{"line":429,"column":null}},"148":{"start":{"line":428,"column":6},"end":{"line":428,"column":89}},"149":{"start":{"line":431,"column":4},"end":{"line":433,"column":null}},"150":{"start":{"line":432,"column":6},"end":{"line":432,"column":47}},"151":{"start":{"line":434,"column":4},"end":{"line":434,"column":42}},"152":{"start":{"line":437,"column":20},"end":{"line":437,"column":55}},"153":{"start":{"line":438,"column":25},"end":{"line":438,"column":38}},"154":{"start":{"line":439,"column":4},"end":{"line":441,"column":null}},"155":{"start":{"line":440,"column":6},"end":{"line":440,"column":89}},"156":{"start":{"line":443,"column":4},"end":{"line":443,"column":44}},"157":{"start":{"line":448,"column":2},"end":{"line":448,"column":41}},"158":{"start":{"line":447,"column":0},"end":{"line":447,"column":16}},"159":{"start":{"line":457,"column":18},"end":{"line":457,"column":46}},"160":{"start":{"line":458,"column":18},"end":{"line":458,"column":30}},"161":{"start":{"line":461,"column":2},"end":{"line":469,"column":55}},"162":{"start":{"line":462,"column":4},"end":{"line":462,"column":20}},"163":{"start":{"line":465,"column":28},"end":{"line":465,"column":50}},"164":{"start":{"line":466,"column":28},"end":{"line":466,"column":50}},"165":{"start":{"line":468,"column":4},"end":{"line":468,"column":75}},"166":{"start":{"line":471,"column":2},"end":{"line":471,"column":20}},"167":{"start":{"line":456,"column":0},"end":{"line":456,"column":16}},"168":{"start":{"line":480,"column":16},"end":{"line":480,"column":29}},"169":{"start":{"line":481,"column":2},"end":{"line":484,"column":null}},"170":{"start":{"line":481,"column":15},"end":{"line":481,"column":31}},"171":{"start":{"line":482,"column":14},"end":{"line":482,"column":49}},"172":{"start":{"line":483,"column":4},"end":{"line":483,"column":48}},"173":{"start":{"line":485,"column":2},"end":{"line":485,"column":24}},"174":{"start":{"line":494,"column":22},"end":{"line":494,"column":94}},"175":{"start":{"line":494,"column":58},"end":{"line":494,"column":93}},"176":{"start":{"line":495,"column":2},"end":{"line":495,"column":69}},"177":{"start":{"line":495,"column":47},"end":{"line":495,"column":67}},"178":{"start":{"line":493,"column":0},"end":{"line":493,"column":16}},"179":{"start":{"line":499,"column":2},"end":{"line":501,"column":5}},"180":{"start":{"line":500,"column":4},"end":{"line":500,"column":50}},"181":{"start":{"line":498,"column":0},"end":{"line":498,"column":16}},"182":{"start":{"line":505,"column":2},"end":{"line":505,"column":46}},"183":{"start":{"line":504,"column":0},"end":{"line":504,"column":16}},"184":{"start":{"line":509,"column":2},"end":{"line":513,"column":null}},"185":{"start":{"line":510,"column":4},"end":{"line":512,"column":null}},"186":{"start":{"line":510,"column":86},"end":{"line":510,"column":114}},"187":{"start":{"line":511,"column":6},"end":{"line":511,"column":18}},"188":{"start":{"line":515,"column":2},"end":{"line":515,"column":15}},"189":{"start":{"line":508,"column":0},"end":{"line":508,"column":16}},"190":{"start":{"line":527,"column":2},"end":{"line":532,"column":39}},"191":{"start":{"line":528,"column":4},"end":{"line":531,"column":6}},"192":{"start":{"line":532,"column":20},"end":{"line":532,"column":37}},"193":{"start":{"line":526,"column":0},"end":{"line":526,"column":16}},"194":{"start":{"line":536,"column":2},"end":{"line":538,"column":null}},"195":{"start":{"line":537,"column":4},"end":{"line":537,"column":59}},"196":{"start":{"line":540,"column":2},"end":{"line":542,"column":null}},"197":{"start":{"line":541,"column":4},"end":{"line":541,"column":137}},"198":{"start":{"line":544,"column":2},"end":{"line":546,"column":null}},"199":{"start":{"line":545,"column":4},"end":{"line":545,"column":97}},"200":{"start":{"line":535,"column":0},"end":{"line":535,"column":16}},"201":{"start":{"line":566,"column":23},"end":{"line":566,"column":40}},"202":{"start":{"line":568,"column":2},"end":{"line":574,"column":null}},"203":{"start":{"line":569,"column":4},"end":{"line":573,"column":null}},"204":{"start":{"line":570,"column":6},"end":{"line":572,"column":null}},"205":{"start":{"line":571,"column":8},"end":{"line":571,"column":22}},"206":{"start":{"line":565,"column":0},"end":{"line":565,"column":16}}},"fnMap":{"0":{"name":"hashPassword","decl":{"start":{"line":35,"column":16},"end":{"line":35,"column":28}},"loc":{"start":{"line":35,"column":45},"end":{"line":44,"column":1}}},"1":{"name":"verifyHashedPassword","decl":{"start":{"line":46,"column":16},"end":{"line":46,"column":36}},"loc":{"start":{"line":46,"column":67},"end":{"line":62,"column":1}}},"2":{"name":"getUserSessionByToken","decl":{"start":{"line":73,"column":16},"end":{"line":73,"column":37}},"loc":{"start":{"line":73,"column":77},"end":{"line":75,"column":1}}},"3":{"name":"(anonymous_10)","decl":{"start":{"line":74,"column":32},"end":{"line":74,"column":33}},"loc":{"start":{"line":74,"column":45},"end":{"line":74,"column":68}}},"4":{"name":"getQuizSessionById","decl":{"start":{"line":77,"column":16},"end":{"line":77,"column":34}},"loc":{"start":{"line":77,"column":78},"end":{"line":79,"column":1}}},"5":{"name":"(anonymous_12)","decl":{"start":{"line":78,"column":32},"end":{"line":78,"column":33}},"loc":{"start":{"line":78,"column":45},"end":{"line":78,"column":80}}},"6":{"name":"getQuizSessionByPlayerId","decl":{"start":{"line":89,"column":16},"end":{"line":89,"column":40}},"loc":{"start":{"line":89,"column":83},"end":{"line":91,"column":1}}},"7":{"name":"(anonymous_14)","decl":{"start":{"line":90,"column":32},"end":{"line":90,"column":33}},"loc":{"start":{"line":90,"column":45},"end":{"line":90,"column":105}}},"8":{"name":"(anonymous_15)","decl":{"start":{"line":90,"column":66},"end":{"line":90,"column":72}},"loc":{"start":{"line":90,"column":76},"end":{"line":90,"column":104}}},"9":{"name":"getUserById","decl":{"start":{"line":101,"column":16},"end":{"line":101,"column":27}},"loc":{"start":{"line":101,"column":72},"end":{"line":103,"column":1}}},"10":{"name":"(anonymous_17)","decl":{"start":{"line":102,"column":25},"end":{"line":102,"column":26}},"loc":{"start":{"line":102,"column":35},"end":{"line":102,"column":61}}},"11":{"name":"getUserByEmail","decl":{"start":{"line":112,"column":16},"end":{"line":112,"column":30}},"loc":{"start":{"line":112,"column":70},"end":{"line":114,"column":1}}},"12":{"name":"(anonymous_19)","decl":{"start":{"line":113,"column":25},"end":{"line":113,"column":26}},"loc":{"start":{"line":113,"column":35},"end":{"line":113,"column":55}}},"13":{"name":"getQuizById","decl":{"start":{"line":124,"column":16},"end":{"line":124,"column":27}},"loc":{"start":{"line":124,"column":87},"end":{"line":127,"column":1}}},"14":{"name":"(anonymous_21)","decl":{"start":{"line":126,"column":21},"end":{"line":126,"column":22}},"loc":{"start":{"line":126,"column":31},"end":{"line":126,"column":53}}},"15":{"name":"getSumOfQuestionDurations","decl":{"start":{"line":136,"column":16},"end":{"line":136,"column":41}},"loc":{"start":{"line":136,"column":52},"end":{"line":138,"column":1}}},"16":{"name":"(anonymous_23)","decl":{"start":{"line":137,"column":31},"end":{"line":137,"column":32}},"loc":{"start":{"line":137,"column":46},"end":{"line":137,"column":65}}},"17":{"name":"getRandomColour","decl":{"start":{"line":146,"column":9},"end":{"line":146,"column":24}},"loc":{"start":{"line":146,"column":42},"end":{"line":149,"column":1}}},"18":{"name":"getQuestionById","decl":{"start":{"line":159,"column":16},"end":{"line":159,"column":31}},"loc":{"start":{"line":159,"column":90},"end":{"line":163,"column":1}}},"19":{"name":"(anonymous_26)","decl":{"start":{"line":162,"column":29},"end":{"line":162,"column":30}},"loc":{"start":{"line":162,"column":43},"end":{"line":162,"column":77}}},"20":{"name":"getQuestionPosition","decl":{"start":{"line":174,"column":16},"end":{"line":174,"column":35}},"loc":{"start":{"line":174,"column":93},"end":{"line":178,"column":1}}},"21":{"name":"(anonymous_28)","decl":{"start":{"line":177,"column":34},"end":{"line":177,"column":35}},"loc":{"start":{"line":177,"column":48},"end":{"line":177,"column":82}}},"22":{"name":"getQuizzesByEmail","decl":{"start":{"line":188,"column":16},"end":{"line":188,"column":33}},"loc":{"start":{"line":188,"column":77},"end":{"line":193,"column":1}}},"23":{"name":"(anonymous_30)","decl":{"start":{"line":191,"column":51},"end":{"line":191,"column":55}},"loc":{"start":{"line":191,"column":59},"end":{"line":191,"column":89}}},"24":{"name":"isOwnedByUser","decl":{"start":{"line":204,"column":16},"end":{"line":204,"column":29}},"loc":{"start":{"line":204,"column":84},"end":{"line":207,"column":1}}},"25":{"name":"(anonymous_32)","decl":{"start":{"line":206,"column":27},"end":{"line":206,"column":28}},"loc":{"start":{"line":206,"column":37},"end":{"line":206,"column":93}}},"26":{"name":"generateUniqueId","decl":{"start":{"line":216,"column":16},"end":{"line":216,"column":32}},"loc":{"start":{"line":216,"column":57},"end":{"line":219,"column":1}}},"27":{"name":"isDuplicateQuizName","decl":{"start":{"line":229,"column":16},"end":{"line":229,"column":35}},"loc":{"start":{"line":229,"column":114},"end":{"line":231,"column":1}}},"28":{"name":"(anonymous_35)","decl":{"start":{"line":230,"column":27},"end":{"line":230,"column":28}},"loc":{"start":{"line":230,"column":37},"end":{"line":230,"column":89}}},"29":{"name":"isDescriptionValid","decl":{"start":{"line":239,"column":16},"end":{"line":239,"column":34}},"loc":{"start":{"line":239,"column":54},"end":{"line":241,"column":1}}},"30":{"name":"isValidString","decl":{"start":{"line":253,"column":16},"end":{"line":253,"column":29}},"loc":{"start":{"line":253,"column":98},"end":{"line":261,"column":1}}},"31":{"name":"generateAnswersArray","decl":{"start":{"line":271,"column":16},"end":{"line":271,"column":36}},"loc":{"start":{"line":271,"column":92},"end":{"line":280,"column":1}}},"32":{"name":"(anonymous_39)","decl":{"start":{"line":272,"column":21},"end":{"line":272,"column":22}},"loc":{"start":{"line":272,"column":39},"end":{"line":279,"column":3}}},"33":{"name":"arrayMovePositions","decl":{"start":{"line":292,"column":16},"end":{"line":292,"column":34}},"loc":{"start":{"line":292,"column":114},"end":{"line":295,"column":1}}},"34":{"name":"getCurrentTimeInSeconds","decl":{"start":{"line":302,"column":16},"end":{"line":302,"column":39}},"loc":{"start":{"line":302,"column":39},"end":{"line":304,"column":1}}},"35":{"name":"getNumActiveSessions","decl":{"start":{"line":306,"column":16},"end":{"line":306,"column":36}},"loc":{"start":{"line":306,"column":61},"end":{"line":308,"column":1}}},"36":{"name":"(anonymous_43)","decl":{"start":{"line":307,"column":34},"end":{"line":307,"column":35}},"loc":{"start":{"line":307,"column":64},"end":{"line":307,"column":123}}},"37":{"name":"calculateQuestionResult","decl":{"start":{"line":310,"column":9},"end":{"line":310,"column":32}},"loc":{"start":{"line":310,"column":76},"end":{"line":353,"column":1}}},"38":{"name":"(anonymous_45)","decl":{"start":{"line":317,"column":52},"end":{"line":317,"column":53}},"loc":{"start":{"line":317,"column":64},"end":{"line":317,"column":78}}},"39":{"name":"(anonymous_46)","decl":{"start":{"line":317,"column":84},"end":{"line":317,"column":85}},"loc":{"start":{"line":317,"column":96},"end":{"line":317,"column":111}}},"40":{"name":"(anonymous_47)","decl":{"start":{"line":318,"column":48},"end":{"line":318,"column":49}},"loc":{"start":{"line":318,"column":59},"end":{"line":321,"column":3}}},"41":{"name":"(anonymous_48)","decl":{"start":{"line":321,"column":9},"end":{"line":321,"column":15}},"loc":{"start":{"line":321,"column":19},"end":{"line":321,"column":30}}},"42":{"name":"(anonymous_49)","decl":{"start":{"line":324,"column":50},"end":{"line":324,"column":51}},"loc":{"start":{"line":324,"column":64},"end":{"line":326,"column":3}}},"43":{"name":"(anonymous_50)","decl":{"start":{"line":341,"column":58},"end":{"line":341,"column":59}},"loc":{"start":{"line":341,"column":69},"end":{"line":344,"column":3}}},"44":{"name":"(anonymous_51)","decl":{"start":{"line":344,"column":10},"end":{"line":344,"column":11}},"loc":{"start":{"line":344,"column":19},"end":{"line":346,"column":3}}},"45":{"name":"(anonymous_52)","decl":{"start":{"line":349,"column":35},"end":{"line":349,"column":36}},"loc":{"start":{"line":349,"column":53},"end":{"line":352,"column":3}}},"46":{"name":"arraysEqual","decl":{"start":{"line":355,"column":16},"end":{"line":355,"column":27}},"loc":{"start":{"line":355,"column":58},"end":{"line":365,"column":1}}},"47":{"name":"(anonymous_54)","decl":{"start":{"line":368,"column":7},"end":{"line":368,"column":8}},"loc":{"start":{"line":368,"column":55},"end":{"line":376,"column":3}}},"48":{"name":"(anonymous_55)","decl":{"start":{"line":377,"column":17},"end":{"line":377,"column":18}},"loc":{"start":{"line":377,"column":65},"end":{"line":401,"column":3}}},"49":{"name":"(anonymous_56)","decl":{"start":{"line":395,"column":15},"end":{"line":395,"column":18}},"loc":{"start":{"line":395,"column":20},"end":{"line":400,"column":5}}},"50":{"name":"(anonymous_57)","decl":{"start":{"line":402,"column":18},"end":{"line":402,"column":19}},"loc":{"start":{"line":402,"column":66},"end":{"line":423,"column":3}}},"51":{"name":"(anonymous_58)","decl":{"start":{"line":415,"column":17},"end":{"line":415,"column":20}},"loc":{"start":{"line":415,"column":22},"end":{"line":421,"column":7}}},"52":{"name":"(anonymous_59)","decl":{"start":{"line":424,"column":16},"end":{"line":424,"column":17}},"loc":{"start":{"line":424,"column":64},"end":{"line":435,"column":3}}},"53":{"name":"(anonymous_60)","decl":{"start":{"line":436,"column":23},"end":{"line":436,"column":24}},"loc":{"start":{"line":436,"column":71},"end":{"line":444,"column":3}}},"54":{"name":"changeState","decl":{"start":{"line":447,"column":16},"end":{"line":447,"column":27}},"loc":{"start":{"line":447,"column":96},"end":{"line":449,"column":1}}},"55":{"name":"generateRandomName","decl":{"start":{"line":456,"column":16},"end":{"line":456,"column":34}},"loc":{"start":{"line":456,"column":78},"end":{"line":472,"column":1}}},"56":{"name":"shuffleString","decl":{"start":{"line":479,"column":9},"end":{"line":479,"column":22}},"loc":{"start":{"line":479,"column":34},"end":{"line":486,"column":1}}},"57":{"name":"isNameUnique","decl":{"start":{"line":493,"column":16},"end":{"line":493,"column":28}},"loc":{"start":{"line":493,"column":86},"end":{"line":496,"column":1}}},"58":{"name":"(anonymous_65)","decl":{"start":{"line":494,"column":45},"end":{"line":494,"column":46}},"loc":{"start":{"line":494,"column":58},"end":{"line":494,"column":93}}},"59":{"name":"(anonymous_66)","decl":{"start":{"line":495,"column":35},"end":{"line":495,"column":36}},"loc":{"start":{"line":495,"column":47},"end":{"line":495,"column":67}}},"60":{"name":"getQuizSessions","decl":{"start":{"line":498,"column":16},"end":{"line":498,"column":31}},"loc":{"start":{"line":498,"column":72},"end":{"line":502,"column":1}}},"61":{"name":"(anonymous_68)","decl":{"start":{"line":499,"column":34},"end":{"line":499,"column":35}},"loc":{"start":{"line":499,"column":50},"end":{"line":501,"column":3}}},"62":{"name":"hasDuplicates","decl":{"start":{"line":504,"column":16},"end":{"line":504,"column":29}},"loc":{"start":{"line":504,"column":45},"end":{"line":506,"column":1}}},"63":{"name":"hasValidAnswerId","decl":{"start":{"line":508,"column":16},"end":{"line":508,"column":32}},"loc":{"start":{"line":508,"column":104},"end":{"line":516,"column":1}}},"64":{"name":"(anonymous_71)","decl":{"start":{"line":510,"column":74},"end":{"line":510,"column":75}},"loc":{"start":{"line":510,"column":86},"end":{"line":510,"column":114}}},"65":{"name":"getPlayerSortedScores","decl":{"start":{"line":526,"column":16},"end":{"line":526,"column":37}},"loc":{"start":{"line":526,"column":88},"end":{"line":533,"column":1}}},"66":{"name":"(anonymous_73)","decl":{"start":{"line":527,"column":33},"end":{"line":527,"column":34}},"loc":{"start":{"line":527,"column":44},"end":{"line":532,"column":3}}},"67":{"name":"(anonymous_74)","decl":{"start":{"line":532,"column":10},"end":{"line":532,"column":11}},"loc":{"start":{"line":532,"column":20},"end":{"line":532,"column":37}}},"68":{"name":"checkValidImage","decl":{"start":{"line":535,"column":16},"end":{"line":535,"column":31}},"loc":{"start":{"line":535,"column":52},"end":{"line":563,"column":1}}},"69":{"name":"getPlayerById","decl":{"start":{"line":565,"column":16},"end":{"line":565,"column":29}},"loc":{"start":{"line":565,"column":72},"end":{"line":575,"column":1}}}},"branchMap":{"0":{"loc":{"start":{"line":124,"column":70},"end":{"line":124,"column":87}},"type":"default-arg","locations":[{"start":{"line":124,"column":82},"end":{"line":124,"column":87}}]},"1":{"loc":{"start":{"line":125,"column":17},"end":{"line":125,"column":54}},"type":"cond-expr","locations":[{"start":{"line":125,"column":29},"end":{"line":125,"column":39}},{"start":{"line":125,"column":42},"end":{"line":125,"column":54}}]},"2":{"loc":{"start":{"line":206,"column":37},"end":{"line":206,"column":93}},"type":"binary-expr","locations":[{"start":{"line":206,"column":37},"end":{"line":206,"column":59}},{"start":{"line":206,"column":63},"end":{"line":206,"column":93}}]},"3":{"loc":{"start":{"line":230,"column":37},"end":{"line":230,"column":89}},"type":"binary-expr","locations":[{"start":{"line":230,"column":37},"end":{"line":230,"column":55}},{"start":{"line":230,"column":59},"end":{"line":230,"column":89}}]},"4":{"loc":{"start":{"line":255,"column":2},"end":{"line":257,"column":null}},"type":"if","locations":[{"start":{"line":255,"column":2},"end":{"line":257,"column":null}}]},"5":{"loc":{"start":{"line":255,"column":6},"end":{"line":255,"column":46}},"type":"binary-expr","locations":[{"start":{"line":255,"column":6},"end":{"line":255,"column":24}},{"start":{"line":255,"column":28},"end":{"line":255,"column":46}}]},"6":{"loc":{"start":{"line":259,"column":2},"end":{"line":259,"column":39}},"type":"if","locations":[{"start":{"line":259,"column":2},"end":{"line":259,"column":39}}]},"7":{"loc":{"start":{"line":307,"column":79},"end":{"line":307,"column":122}},"type":"cond-expr","locations":[{"start":{"line":307,"column":117},"end":{"line":307,"column":118}},{"start":{"line":307,"column":121},"end":{"line":307,"column":122}}]},"8":{"loc":{"start":{"line":319,"column":4},"end":{"line":319,"column":60}},"type":"if","locations":[{"start":{"line":319,"column":4},"end":{"line":319,"column":60}}]},"9":{"loc":{"start":{"line":335,"column":23},"end":{"line":335,"column":45}},"type":"binary-expr","locations":[{"start":{"line":335,"column":23},"end":{"line":335,"column":40}},{"start":{"line":335,"column":44},"end":{"line":335,"column":45}}]},"10":{"loc":{"start":{"line":342,"column":4},"end":{"line":342,"column":60}},"type":"if","locations":[{"start":{"line":342,"column":4},"end":{"line":342,"column":60}}]},"11":{"loc":{"start":{"line":356,"column":2},"end":{"line":358,"column":null}},"type":"if","locations":[{"start":{"line":356,"column":2},"end":{"line":358,"column":null}}]},"12":{"loc":{"start":{"line":360,"column":4},"end":{"line":362,"column":null}},"type":"if","locations":[{"start":{"line":360,"column":4},"end":{"line":362,"column":null}}]},"13":{"loc":{"start":{"line":371,"column":4},"end":{"line":373,"column":null}},"type":"if","locations":[{"start":{"line":371,"column":4},"end":{"line":373,"column":null}}]},"14":{"loc":{"start":{"line":381,"column":4},"end":{"line":383,"column":null}},"type":"if","locations":[{"start":{"line":381,"column":4},"end":{"line":383,"column":null}}]},"15":{"loc":{"start":{"line":381,"column":8},"end":{"line":381,"column":127}},"type":"binary-expr","locations":[{"start":{"line":381,"column":8},"end":{"line":381,"column":49}},{"start":{"line":381,"column":53},"end":{"line":381,"column":85}},{"start":{"line":381,"column":89},"end":{"line":381,"column":127}}]},"16":{"loc":{"start":{"line":397,"column":6},"end":{"line":399,"column":null}},"type":"if","locations":[{"start":{"line":397,"column":6},"end":{"line":399,"column":null}}]},"17":{"loc":{"start":{"line":406,"column":4},"end":{"line":408,"column":null}},"type":"if","locations":[{"start":{"line":406,"column":4},"end":{"line":408,"column":null}}]},"18":{"loc":{"start":{"line":414,"column":4},"end":{"line":422,"column":null}},"type":"if","locations":[{"start":{"line":414,"column":4},"end":{"line":422,"column":null}}]},"19":{"loc":{"start":{"line":417,"column":8},"end":{"line":420,"column":null}},"type":"if","locations":[{"start":{"line":417,"column":8},"end":{"line":420,"column":null}}]},"20":{"loc":{"start":{"line":427,"column":4},"end":{"line":429,"column":null}},"type":"if","locations":[{"start":{"line":427,"column":4},"end":{"line":429,"column":null}}]},"21":{"loc":{"start":{"line":427,"column":8},"end":{"line":427,"column":93}},"type":"binary-expr","locations":[{"start":{"line":427,"column":8},"end":{"line":427,"column":48}},{"start":{"line":427,"column":52},"end":{"line":427,"column":93}}]},"22":{"loc":{"start":{"line":431,"column":4},"end":{"line":433,"column":null}},"type":"if","locations":[{"start":{"line":431,"column":4},"end":{"line":433,"column":null}}]},"23":{"loc":{"start":{"line":439,"column":4},"end":{"line":441,"column":null}},"type":"if","locations":[{"start":{"line":439,"column":4},"end":{"line":441,"column":null}}]},"24":{"loc":{"start":{"line":439,"column":8},"end":{"line":439,"column":91}},"type":"binary-expr","locations":[{"start":{"line":439,"column":8},"end":{"line":439,"column":49}},{"start":{"line":439,"column":53},"end":{"line":439,"column":91}}]},"25":{"loc":{"start":{"line":510,"column":4},"end":{"line":512,"column":null}},"type":"if","locations":[{"start":{"line":510,"column":4},"end":{"line":512,"column":null}}]},"26":{"loc":{"start":{"line":536,"column":2},"end":{"line":538,"column":null}},"type":"if","locations":[{"start":{"line":536,"column":2},"end":{"line":538,"column":null}}]},"27":{"loc":{"start":{"line":540,"column":2},"end":{"line":542,"column":null}},"type":"if","locations":[{"start":{"line":540,"column":2},"end":{"line":542,"column":null}}]},"28":{"loc":{"start":{"line":544,"column":2},"end":{"line":546,"column":null}},"type":"if","locations":[{"start":{"line":544,"column":2},"end":{"line":546,"column":null}}]},"29":{"loc":{"start":{"line":570,"column":6},"end":{"line":572,"column":null}},"type":"if","locations":[{"start":{"line":570,"column":6},"end":{"line":572,"column":null}}]}},"s":{"0":1,"1":1,"2":1,"3":1,"4":1,"5":0,"6":0,"7":0,"8":0,"9":0,"10":0,"11":1,"12":0,"13":0,"14":0,"15":0,"16":0,"17":0,"18":1,"19":8,"20":8,"21":1,"22":0,"23":0,"24":1,"25":0,"26":0,"27":0,"28":1,"29":0,"30":0,"31":1,"32":0,"33":0,"34":1,"35":8,"36":8,"37":8,"38":1,"39":0,"40":0,"41":1,"42":0,"43":0,"44":0,"45":0,"46":0,"47":1,"48":0,"49":0,"50":0,"51":1,"52":0,"53":0,"54":0,"55":0,"56":0,"57":1,"58":0,"59":0,"60":0,"61":1,"62":8,"63":8,"64":1,"65":0,"66":0,"67":1,"68":0,"69":1,"70":0,"71":0,"72":0,"73":0,"74":0,"75":0,"76":1,"77":0,"78":0,"79":1,"80":0,"81":0,"82":1,"83":0,"84":1,"85":8,"86":0,"87":1,"88":0,"89":0,"90":0,"91":0,"92":0,"93":0,"94":0,"95":0,"96":0,"97":0,"98":0,"99":0,"100":0,"101":0,"102":0,"103":0,"104":0,"105":0,"106":0,"107":0,"108":0,"109":0,"110":0,"111":0,"112":0,"113":0,"114":0,"115":0,"116":0,"117":0,"118":0,"119":1,"120":1,"121":0,"122":0,"123":0,"124":0,"125":0,"126":0,"127":0,"128":0,"129":0,"130":0,"131":0,"132":0,"133":0,"134":0,"135":0,"136":0,"137":0,"138":0,"139":0,"140":0,"141":0,"142":0,"143":0,"144":0,"145":0,"146":0,"147":0,"148":0,"149":0,"150":0,"151":0,"152":0,"153":0,"154":0,"155":0,"156":0,"157":0,"158":1,"159":0,"160":0,"161":0,"162":0,"163":0,"164":0,"165":0,"166":0,"167":1,"168":0,"169":0,"170":0,"171":0,"172":0,"173":0,"174":0,"175":0,"176":0,"177":0,"178":1,"179":0,"180":0,"181":1,"182":0,"183":1,"184":0,"185":0,"186":0,"187":0,"188":0,"189":1,"190":0,"191":0,"192":0,"193":1,"194":0,"195":0,"196":0,"197":0,"198":0,"199":0,"200":1,"201":0,"202":0,"203":0,"204":0,"205":0,"206":1},"f":{"0":0,"1":0,"2":8,"3":8,"4":0,"5":0,"6":0,"7":0,"8":0,"9":0,"10":0,"11":0,"12":0,"13":8,"14":8,"15":0,"16":0,"17":0,"18":0,"19":0,"20":0,"21":0,"22":0,"23":0,"24":0,"25":0,"26":8,"27":0,"28":0,"29":0,"30":0,"31":0,"32":0,"33":0,"34":0,"35":8,"36":0,"37":0,"38":0,"39":0,"40":0,"41":0,"42":0,"43":0,"44":0,"45":0,"46":0,"47":0,"48":0,"49":0,"50":0,"51":0,"52":0,"53":0,"54":0,"55":0,"56":0,"57":0,"58":0,"59":0,"60":0,"61":0,"62":0,"63":0,"64":0,"65":0,"66":0,"67":0,"68":0,"69":0},"b":{"0":[8],"1":[0,8],"2":[0,0],"3":[0,0],"4":[0],"5":[0,0],"6":[0],"7":[0,0],"8":[0],"9":[0,0],"10":[0],"11":[0],"12":[0],"13":[0],"14":[0],"15":[0,0,0],"16":[0],"17":[0],"18":[0],"19":[0],"20":[0],"21":[0,0],"22":[0],"23":[0],"24":[0,0],"25":[0],"26":[0],"27":[0],"28":[0],"29":[0]}}
,"/Users/aditya/Desktop/comp1531/major_project/project-backend/src/quiz.ts": {"path":"/Users/aditya/Desktop/comp1531/major_project/project-backend/src/quiz.ts","statementMap":{"0":{"start":{"line":1,"column":0},"end":{"line":1,"column":null}},"1":{"start":{"line":6,"column":0},"end":{"line":6,"column":null}},"2":{"start":{"line":39,"column":0},"end":{"line":39,"column":null}},"3":{"start":{"line":100,"column":0},"end":{"line":100,"column":36}},"4":{"start":{"line":101,"column":0},"end":{"line":101,"column":57}},"5":{"start":{"line":102,"column":0},"end":{"line":102,"column":20}},"6":{"start":{"line":103,"column":0},"end":{"line":103,"column":42}},"7":{"start":{"line":115,"column":15},"end":{"line":115,"column":24}},"8":{"start":{"line":116,"column":18},"end":{"line":116,"column":52}},"9":{"start":{"line":117,"column":2},"end":{"line":119,"column":null}},"10":{"start":{"line":118,"column":4},"end":{"line":118,"column":63}},"11":{"start":{"line":121,"column":21},"end":{"line":121,"column":39}},"12":{"start":{"line":122,"column":2},"end":{"line":124,"column":null}},"13":{"start":{"line":123,"column":4},"end":{"line":123,"column":54}},"14":{"start":{"line":125,"column":2},"end":{"line":127,"column":null}},"15":{"start":{"line":126,"column":4},"end":{"line":126,"column":104}},"16":{"start":{"line":128,"column":2},"end":{"line":130,"column":null}},"17":{"start":{"line":129,"column":4},"end":{"line":129,"column":56}},"18":{"start":{"line":132,"column":17},"end":{"line":132,"column":39}},"19":{"start":{"line":133,"column":21},"end":{"line":143,"column":4}},"20":{"start":{"line":144,"column":2},"end":{"line":144,"column":43}},"21":{"start":{"line":144,"column":20},"end":{"line":144,"column":43}},"22":{"start":{"line":146,"column":2},"end":{"line":146,"column":26}},"23":{"start":{"line":147,"column":2},"end":{"line":147,"column":16}},"24":{"start":{"line":149,"column":2},"end":{"line":151,"column":4}},"25":{"start":{"line":114,"column":0},"end":{"line":114,"column":16}},"26":{"start":{"line":163,"column":15},"end":{"line":163,"column":24}},"27":{"start":{"line":164,"column":18},"end":{"line":164,"column":52}},"28":{"start":{"line":165,"column":2},"end":{"line":167,"column":null}},"29":{"start":{"line":166,"column":4},"end":{"line":166,"column":63}},"30":{"start":{"line":169,"column":21},"end":{"line":169,"column":39}},"31":{"start":{"line":170,"column":15},"end":{"line":170,"column":40}},"32":{"start":{"line":171,"column":2},"end":{"line":173,"column":null}},"33":{"start":{"line":172,"column":4},"end":{"line":172,"column":62}},"34":{"start":{"line":174,"column":2},"end":{"line":176,"column":null}},"35":{"start":{"line":175,"column":4},"end":{"line":175,"column":60}},"36":{"start":{"line":178,"column":2},"end":{"line":183,"column":null}},"37":{"start":{"line":179,"column":25},"end":{"line":179,"column":54}},"38":{"start":{"line":180,"column":4},"end":{"line":182,"column":null}},"39":{"start":{"line":180,"column":43},"end":{"line":180,"column":78}},"40":{"start":{"line":181,"column":6},"end":{"line":181,"column":86}},"41":{"start":{"line":185,"column":2},"end":{"line":185,"column":50}},"42":{"start":{"line":186,"column":2},"end":{"line":186,"column":24}},"43":{"start":{"line":187,"column":2},"end":{"line":187,"column":71}},"44":{"start":{"line":187,"column":47},"end":{"line":187,"column":69}},"45":{"start":{"line":188,"column":2},"end":{"line":188,"column":16}},"46":{"start":{"line":190,"column":2},"end":{"line":190,"column":12}},"47":{"start":{"line":162,"column":0},"end":{"line":162,"column":16}},"48":{"start":{"line":208,"column":15},"end":{"line":208,"column":24}},"49":{"start":{"line":210,"column":18},"end":{"line":210,"column":52}},"50":{"start":{"line":211,"column":2},"end":{"line":213,"column":null}},"51":{"start":{"line":212,"column":4},"end":{"line":212,"column":63}},"52":{"start":{"line":215,"column":21},"end":{"line":215,"column":39}},"53":{"start":{"line":216,"column":15},"end":{"line":216,"column":40}},"54":{"start":{"line":217,"column":2},"end":{"line":219,"column":null}},"55":{"start":{"line":218,"column":4},"end":{"line":218,"column":62}},"56":{"start":{"line":220,"column":2},"end":{"line":222,"column":null}},"57":{"start":{"line":221,"column":4},"end":{"line":221,"column":60}},"58":{"start":{"line":224,"column":2},"end":{"line":234,"column":4}},"59":{"start":{"line":207,"column":0},"end":{"line":207,"column":16}},"60":{"start":{"line":247,"column":15},"end":{"line":247,"column":24}},"61":{"start":{"line":249,"column":18},"end":{"line":249,"column":52}},"62":{"start":{"line":250,"column":2},"end":{"line":252,"column":null}},"63":{"start":{"line":251,"column":4},"end":{"line":251,"column":63}},"64":{"start":{"line":254,"column":21},"end":{"line":254,"column":39}},"65":{"start":{"line":255,"column":15},"end":{"line":255,"column":40}},"66":{"start":{"line":256,"column":2},"end":{"line":258,"column":null}},"67":{"start":{"line":257,"column":4},"end":{"line":257,"column":62}},"68":{"start":{"line":259,"column":2},"end":{"line":261,"column":null}},"69":{"start":{"line":260,"column":4},"end":{"line":260,"column":60}},"70":{"start":{"line":262,"column":2},"end":{"line":264,"column":null}},"71":{"start":{"line":263,"column":4},"end":{"line":263,"column":56}},"72":{"start":{"line":266,"column":2},"end":{"line":266,"column":33}},"73":{"start":{"line":267,"column":2},"end":{"line":267,"column":50}},"74":{"start":{"line":268,"column":2},"end":{"line":268,"column":16}},"75":{"start":{"line":270,"column":2},"end":{"line":270,"column":12}},"76":{"start":{"line":246,"column":0},"end":{"line":246,"column":16}},"77":{"start":{"line":283,"column":15},"end":{"line":283,"column":24}},"78":{"start":{"line":285,"column":18},"end":{"line":285,"column":52}},"79":{"start":{"line":286,"column":2},"end":{"line":288,"column":null}},"80":{"start":{"line":287,"column":4},"end":{"line":287,"column":63}},"81":{"start":{"line":290,"column":21},"end":{"line":290,"column":39}},"82":{"start":{"line":291,"column":15},"end":{"line":291,"column":40}},"83":{"start":{"line":292,"column":2},"end":{"line":294,"column":null}},"84":{"start":{"line":293,"column":4},"end":{"line":293,"column":62}},"85":{"start":{"line":295,"column":2},"end":{"line":297,"column":null}},"86":{"start":{"line":296,"column":4},"end":{"line":296,"column":60}},"87":{"start":{"line":298,"column":2},"end":{"line":300,"column":null}},"88":{"start":{"line":299,"column":4},"end":{"line":299,"column":54}},"89":{"start":{"line":301,"column":2},"end":{"line":303,"column":null}},"90":{"start":{"line":302,"column":4},"end":{"line":302,"column":104}},"91":{"start":{"line":305,"column":2},"end":{"line":305,"column":19}},"92":{"start":{"line":306,"column":2},"end":{"line":306,"column":50}},"93":{"start":{"line":307,"column":2},"end":{"line":307,"column":16}},"94":{"start":{"line":309,"column":2},"end":{"line":309,"column":12}},"95":{"start":{"line":282,"column":0},"end":{"line":282,"column":16}},"96":{"start":{"line":327,"column":15},"end":{"line":327,"column":24}},"97":{"start":{"line":328,"column":18},"end":{"line":328,"column":52}},"98":{"start":{"line":329,"column":2},"end":{"line":331,"column":null}},"99":{"start":{"line":330,"column":4},"end":{"line":330,"column":63}},"100":{"start":{"line":333,"column":21},"end":{"line":333,"column":39}},"101":{"start":{"line":334,"column":31},"end":{"line":334,"column":90}},"102":{"start":{"line":334,"column":59},"end":{"line":334,"column":89}},"103":{"start":{"line":335,"column":18},"end":{"line":340,"column":4}},"104":{"start":{"line":336,"column":4},"end":{"line":339,"column":6}},"105":{"start":{"line":342,"column":2},"end":{"line":344,"column":4}},"106":{"start":{"line":326,"column":0},"end":{"line":326,"column":16}},"107":{"start":{"line":357,"column":15},"end":{"line":357,"column":24}},"108":{"start":{"line":358,"column":18},"end":{"line":358,"column":52}},"109":{"start":{"line":359,"column":64},"end":{"line":359,"column":76}},"110":{"start":{"line":361,"column":2},"end":{"line":363,"column":null}},"111":{"start":{"line":362,"column":4},"end":{"line":362,"column":63}},"112":{"start":{"line":365,"column":21},"end":{"line":365,"column":39}},"113":{"start":{"line":366,"column":15},"end":{"line":366,"column":40}},"114":{"start":{"line":367,"column":2},"end":{"line":369,"column":null}},"115":{"start":{"line":368,"column":4},"end":{"line":368,"column":73}},"116":{"start":{"line":371,"column":2},"end":{"line":373,"column":null}},"117":{"start":{"line":372,"column":4},"end":{"line":372,"column":60}},"118":{"start":{"line":375,"column":2},"end":{"line":377,"column":null}},"119":{"start":{"line":376,"column":4},"end":{"line":376,"column":169}},"120":{"start":{"line":379,"column":21},"end":{"line":379,"column":48}},"121":{"start":{"line":380,"column":2},"end":{"line":382,"column":null}},"122":{"start":{"line":381,"column":4},"end":{"line":381,"column":95}},"123":{"start":{"line":384,"column":2},"end":{"line":386,"column":null}},"124":{"start":{"line":385,"column":4},"end":{"line":385,"column":95}},"125":{"start":{"line":388,"column":2},"end":{"line":390,"column":null}},"126":{"start":{"line":389,"column":4},"end":{"line":389,"column":83}},"127":{"start":{"line":392,"column":23},"end":{"line":392,"column":54}},"128":{"start":{"line":393,"column":28},"end":{"line":393,"column":51}},"129":{"start":{"line":394,"column":2},"end":{"line":396,"column":null}},"130":{"start":{"line":395,"column":4},"end":{"line":395,"column":109}},"131":{"start":{"line":398,"column":2},"end":{"line":400,"column":null}},"132":{"start":{"line":399,"column":4},"end":{"line":399,"column":90}},"133":{"start":{"line":402,"column":2},"end":{"line":404,"column":null}},"134":{"start":{"line":403,"column":4},"end":{"line":403,"column":93}},"135":{"start":{"line":406,"column":30},"end":{"line":406,"column":140}},"136":{"start":{"line":406,"column":55},"end":{"line":406,"column":139}},"137":{"start":{"line":407,"column":2},"end":{"line":409,"column":null}},"138":{"start":{"line":408,"column":4},"end":{"line":408,"column":132}},"139":{"start":{"line":411,"column":24},"end":{"line":411,"column":52}},"140":{"start":{"line":411,"column":43},"end":{"line":411,"column":51}},"141":{"start":{"line":412,"column":30},"end":{"line":412,"column":82}},"142":{"start":{"line":413,"column":2},"end":{"line":415,"column":null}},"143":{"start":{"line":414,"column":4},"end":{"line":414,"column":112}},"144":{"start":{"line":417,"column":37},"end":{"line":417,"column":86}},"145":{"start":{"line":417,"column":62},"end":{"line":417,"column":85}},"146":{"start":{"line":418,"column":2},"end":{"line":420,"column":null}},"147":{"start":{"line":419,"column":4},"end":{"line":419,"column":65}},"148":{"start":{"line":422,"column":21},"end":{"line":422,"column":69}},"149":{"start":{"line":423,"column":21},"end":{"line":423,"column":43}},"150":{"start":{"line":424,"column":2},"end":{"line":426,"column":null}},"151":{"start":{"line":425,"column":4},"end":{"line":425,"column":34}},"152":{"start":{"line":428,"column":35},"end":{"line":434,"column":4}},"153":{"start":{"line":435,"column":2},"end":{"line":435,"column":63}},"154":{"start":{"line":435,"column":20},"end":{"line":435,"column":63}},"155":{"start":{"line":437,"column":2},"end":{"line":437,"column":50}},"156":{"start":{"line":438,"column":2},"end":{"line":438,"column":38}},"157":{"start":{"line":439,"column":2},"end":{"line":439,"column":50}},"158":{"start":{"line":440,"column":2},"end":{"line":440,"column":22}},"159":{"start":{"line":441,"column":2},"end":{"line":441,"column":16}},"160":{"start":{"line":443,"column":2},"end":{"line":445,"column":4}},"161":{"start":{"line":356,"column":0},"end":{"line":356,"column":16}},"162":{"start":{"line":459,"column":15},"end":{"line":459,"column":24}},"163":{"start":{"line":460,"column":18},"end":{"line":460,"column":52}},"164":{"start":{"line":461,"column":64},"end":{"line":461,"column":76}},"165":{"start":{"line":463,"column":2},"end":{"line":465,"column":null}},"166":{"start":{"line":464,"column":4},"end":{"line":464,"column":63}},"167":{"start":{"line":467,"column":15},"end":{"line":467,"column":40}},"168":{"start":{"line":468,"column":2},"end":{"line":470,"column":null}},"169":{"start":{"line":469,"column":4},"end":{"line":469,"column":73}},"170":{"start":{"line":472,"column":21},"end":{"line":472,"column":39}},"171":{"start":{"line":473,"column":2},"end":{"line":475,"column":null}},"172":{"start":{"line":474,"column":4},"end":{"line":474,"column":60}},"173":{"start":{"line":477,"column":2},"end":{"line":479,"column":null}},"174":{"start":{"line":478,"column":4},"end":{"line":478,"column":169}},"175":{"start":{"line":481,"column":21},"end":{"line":481,"column":48}},"176":{"start":{"line":482,"column":2},"end":{"line":484,"column":null}},"177":{"start":{"line":483,"column":4},"end":{"line":483,"column":95}},"178":{"start":{"line":486,"column":2},"end":{"line":488,"column":null}},"179":{"start":{"line":487,"column":4},"end":{"line":487,"column":95}},"180":{"start":{"line":490,"column":2},"end":{"line":492,"column":null}},"181":{"start":{"line":491,"column":4},"end":{"line":491,"column":83}},"182":{"start":{"line":494,"column":23},"end":{"line":494,"column":54}},"183":{"start":{"line":495,"column":28},"end":{"line":495,"column":51}},"184":{"start":{"line":496,"column":2},"end":{"line":498,"column":null}},"185":{"start":{"line":497,"column":4},"end":{"line":497,"column":109}},"186":{"start":{"line":500,"column":2},"end":{"line":502,"column":null}},"187":{"start":{"line":501,"column":4},"end":{"line":501,"column":90}},"188":{"start":{"line":504,"column":2},"end":{"line":506,"column":null}},"189":{"start":{"line":505,"column":4},"end":{"line":505,"column":93}},"190":{"start":{"line":508,"column":30},"end":{"line":508,"column":140}},"191":{"start":{"line":508,"column":55},"end":{"line":508,"column":139}},"192":{"start":{"line":509,"column":2},"end":{"line":511,"column":null}},"193":{"start":{"line":510,"column":4},"end":{"line":510,"column":132}},"194":{"start":{"line":513,"column":24},"end":{"line":513,"column":52}},"195":{"start":{"line":513,"column":43},"end":{"line":513,"column":51}},"196":{"start":{"line":514,"column":30},"end":{"line":514,"column":82}},"197":{"start":{"line":515,"column":2},"end":{"line":517,"column":null}},"198":{"start":{"line":516,"column":4},"end":{"line":516,"column":112}},"199":{"start":{"line":519,"column":37},"end":{"line":519,"column":86}},"200":{"start":{"line":519,"column":62},"end":{"line":519,"column":85}},"201":{"start":{"line":520,"column":2},"end":{"line":522,"column":null}},"202":{"start":{"line":521,"column":4},"end":{"line":521,"column":65}},"203":{"start":{"line":524,"column":25},"end":{"line":524,"column":66}},"204":{"start":{"line":525,"column":2},"end":{"line":527,"column":null}},"205":{"start":{"line":526,"column":4},"end":{"line":526,"column":95}},"206":{"start":{"line":528,"column":21},"end":{"line":528,"column":69}},"207":{"start":{"line":529,"column":2},"end":{"line":531,"column":null}},"208":{"start":{"line":530,"column":4},"end":{"line":530,"column":34}},"209":{"start":{"line":533,"column":2},"end":{"line":533,"column":41}},"210":{"start":{"line":534,"column":2},"end":{"line":534,"column":50}},"211":{"start":{"line":535,"column":2},"end":{"line":535,"column":50}},"212":{"start":{"line":536,"column":2},"end":{"line":536,"column":46}},"213":{"start":{"line":537,"column":2},"end":{"line":537,"column":38}},"214":{"start":{"line":538,"column":2},"end":{"line":538,"column":63}},"215":{"start":{"line":538,"column":20},"end":{"line":538,"column":63}},"216":{"start":{"line":540,"column":2},"end":{"line":540,"column":50}},"217":{"start":{"line":541,"column":2},"end":{"line":541,"column":50}},"218":{"start":{"line":542,"column":2},"end":{"line":542,"column":16}},"219":{"start":{"line":544,"column":2},"end":{"line":544,"column":12}},"220":{"start":{"line":458,"column":0},"end":{"line":458,"column":16}},"221":{"start":{"line":557,"column":15},"end":{"line":557,"column":24}},"222":{"start":{"line":558,"column":18},"end":{"line":558,"column":52}},"223":{"start":{"line":559,"column":2},"end":{"line":561,"column":null}},"224":{"start":{"line":560,"column":4},"end":{"line":560,"column":63}},"225":{"start":{"line":563,"column":21},"end":{"line":563,"column":39}},"226":{"start":{"line":564,"column":19},"end":{"line":564,"column":48}},"227":{"start":{"line":565,"column":19},"end":{"line":565,"column":50}},"228":{"start":{"line":566,"column":15},"end":{"line":566,"column":40}},"229":{"start":{"line":568,"column":2},"end":{"line":570,"column":null}},"230":{"start":{"line":569,"column":4},"end":{"line":569,"column":60}},"231":{"start":{"line":571,"column":2},"end":{"line":573,"column":null}},"232":{"start":{"line":572,"column":4},"end":{"line":572,"column":77}},"233":{"start":{"line":574,"column":2},"end":{"line":576,"column":null}},"234":{"start":{"line":575,"column":4},"end":{"line":575,"column":77}},"235":{"start":{"line":577,"column":27},"end":{"line":577,"column":61}},"236":{"start":{"line":578,"column":2},"end":{"line":580,"column":null}},"237":{"start":{"line":578,"column":35},"end":{"line":578,"column":55}},"238":{"start":{"line":579,"column":4},"end":{"line":579,"column":88}},"239":{"start":{"line":581,"column":2},"end":{"line":586,"column":null}},"240":{"start":{"line":582,"column":25},"end":{"line":582,"column":54}},"241":{"start":{"line":583,"column":4},"end":{"line":585,"column":null}},"242":{"start":{"line":583,"column":43},"end":{"line":583,"column":78}},"243":{"start":{"line":584,"column":6},"end":{"line":584,"column":86}},"244":{"start":{"line":588,"column":2},"end":{"line":588,"column":36}},"245":{"start":{"line":589,"column":2},"end":{"line":589,"column":50}},"246":{"start":{"line":590,"column":2},"end":{"line":590,"column":16}},"247":{"start":{"line":592,"column":2},"end":{"line":592,"column":12}},"248":{"start":{"line":556,"column":0},"end":{"line":556,"column":16}},"249":{"start":{"line":604,"column":15},"end":{"line":604,"column":24}},"250":{"start":{"line":605,"column":18},"end":{"line":605,"column":52}},"251":{"start":{"line":606,"column":2},"end":{"line":608,"column":null}},"252":{"start":{"line":607,"column":4},"end":{"line":607,"column":63}},"253":{"start":{"line":609,"column":21},"end":{"line":609,"column":39}},"254":{"start":{"line":611,"column":29},"end":{"line":612,"column":null}},"255":{"start":{"line":612,"column":4},"end":{"line":612,"column":112}},"256":{"start":{"line":614,"column":2},"end":{"line":616,"column":null}},"257":{"start":{"line":615,"column":4},"end":{"line":615,"column":116}},"258":{"start":{"line":618,"column":25},"end":{"line":621,"column":4}},"259":{"start":{"line":619,"column":17},"end":{"line":619,"column":48}},"260":{"start":{"line":620,"column":4},"end":{"line":620,"column":73}},"261":{"start":{"line":622,"column":2},"end":{"line":624,"column":null}},"262":{"start":{"line":623,"column":4},"end":{"line":623,"column":94}},"263":{"start":{"line":626,"column":2},"end":{"line":626,"column":75}},"264":{"start":{"line":626,"column":43},"end":{"line":626,"column":73}},"265":{"start":{"line":627,"column":2},"end":{"line":627,"column":16}},"266":{"start":{"line":629,"column":2},"end":{"line":629,"column":12}},"267":{"start":{"line":603,"column":0},"end":{"line":603,"column":16}},"268":{"start":{"line":646,"column":15},"end":{"line":646,"column":24}},"269":{"start":{"line":647,"column":18},"end":{"line":647,"column":52}},"270":{"start":{"line":648,"column":2},"end":{"line":650,"column":null}},"271":{"start":{"line":649,"column":4},"end":{"line":649,"column":63}},"272":{"start":{"line":651,"column":21},"end":{"line":651,"column":39}},"273":{"start":{"line":653,"column":36},"end":{"line":653,"column":93}},"274":{"start":{"line":653,"column":62},"end":{"line":653,"column":92}},"275":{"start":{"line":654,"column":18},"end":{"line":659,"column":4}},"276":{"start":{"line":655,"column":4},"end":{"line":658,"column":6}},"277":{"start":{"line":661,"column":2},"end":{"line":663,"column":4}},"278":{"start":{"line":645,"column":0},"end":{"line":645,"column":16}},"279":{"start":{"line":675,"column":15},"end":{"line":675,"column":24}},"280":{"start":{"line":676,"column":18},"end":{"line":676,"column":52}},"281":{"start":{"line":677,"column":2},"end":{"line":679,"column":null}},"282":{"start":{"line":678,"column":4},"end":{"line":678,"column":63}},"283":{"start":{"line":681,"column":15},"end":{"line":681,"column":46}},"284":{"start":{"line":682,"column":21},"end":{"line":682,"column":39}},"285":{"start":{"line":683,"column":2},"end":{"line":685,"column":null}},"286":{"start":{"line":684,"column":4},"end":{"line":684,"column":139}},"287":{"start":{"line":686,"column":2},"end":{"line":688,"column":null}},"288":{"start":{"line":687,"column":4},"end":{"line":687,"column":82}},"289":{"start":{"line":690,"column":2},"end":{"line":692,"column":null}},"290":{"start":{"line":691,"column":4},"end":{"line":691,"column":85}},"291":{"start":{"line":693,"column":2},"end":{"line":693,"column":67}},"292":{"start":{"line":693,"column":43},"end":{"line":693,"column":65}},"293":{"start":{"line":694,"column":2},"end":{"line":694,"column":50}},"294":{"start":{"line":696,"column":2},"end":{"line":696,"column":26}},"295":{"start":{"line":697,"column":2},"end":{"line":697,"column":16}},"296":{"start":{"line":699,"column":2},"end":{"line":699,"column":12}},"297":{"start":{"line":674,"column":0},"end":{"line":674,"column":16}},"298":{"start":{"line":713,"column":15},"end":{"line":713,"column":24}},"299":{"start":{"line":714,"column":18},"end":{"line":714,"column":52}},"300":{"start":{"line":715,"column":2},"end":{"line":717,"column":null}},"301":{"start":{"line":716,"column":4},"end":{"line":716,"column":63}},"302":{"start":{"line":719,"column":21},"end":{"line":719,"column":39}},"303":{"start":{"line":720,"column":15},"end":{"line":720,"column":40}},"304":{"start":{"line":721,"column":2},"end":{"line":723,"column":null}},"305":{"start":{"line":722,"column":4},"end":{"line":722,"column":73}},"306":{"start":{"line":724,"column":2},"end":{"line":726,"column":null}},"307":{"start":{"line":725,"column":4},"end":{"line":725,"column":60}},"308":{"start":{"line":728,"column":25},"end":{"line":728,"column":66}},"309":{"start":{"line":729,"column":2},"end":{"line":731,"column":null}},"310":{"start":{"line":730,"column":4},"end":{"line":730,"column":91}},"311":{"start":{"line":732,"column":2},"end":{"line":734,"column":null}},"312":{"start":{"line":733,"column":4},"end":{"line":733,"column":60}},"313":{"start":{"line":735,"column":19},"end":{"line":735,"column":64}},"314":{"start":{"line":736,"column":2},"end":{"line":738,"column":null}},"315":{"start":{"line":737,"column":4},"end":{"line":737,"column":76}},"316":{"start":{"line":740,"column":2},"end":{"line":740,"column":73}},"317":{"start":{"line":741,"column":2},"end":{"line":741,"column":50}},"318":{"start":{"line":743,"column":2},"end":{"line":743,"column":16}},"319":{"start":{"line":745,"column":2},"end":{"line":745,"column":12}},"320":{"start":{"line":712,"column":0},"end":{"line":712,"column":16}},"321":{"start":{"line":758,"column":15},"end":{"line":758,"column":24}},"322":{"start":{"line":759,"column":18},"end":{"line":759,"column":52}},"323":{"start":{"line":760,"column":2},"end":{"line":762,"column":null}},"324":{"start":{"line":761,"column":4},"end":{"line":761,"column":63}},"325":{"start":{"line":764,"column":21},"end":{"line":764,"column":39}},"326":{"start":{"line":765,"column":15},"end":{"line":765,"column":40}},"327":{"start":{"line":766,"column":2},"end":{"line":768,"column":null}},"328":{"start":{"line":767,"column":4},"end":{"line":767,"column":60}},"329":{"start":{"line":770,"column":19},"end":{"line":770,"column":60}},"330":{"start":{"line":771,"column":2},"end":{"line":773,"column":null}},"331":{"start":{"line":772,"column":4},"end":{"line":772,"column":96}},"332":{"start":{"line":775,"column":2},"end":{"line":780,"column":null}},"333":{"start":{"line":776,"column":25},"end":{"line":776,"column":54}},"334":{"start":{"line":777,"column":4},"end":{"line":779,"column":null}},"335":{"start":{"line":777,"column":43},"end":{"line":777,"column":78}},"336":{"start":{"line":778,"column":6},"end":{"line":778,"column":86}},"337":{"start":{"line":782,"column":2},"end":{"line":782,"column":91}},"338":{"start":{"line":782,"column":55},"end":{"line":782,"column":89}},"339":{"start":{"line":783,"column":2},"end":{"line":783,"column":22}},"340":{"start":{"line":784,"column":2},"end":{"line":784,"column":50}},"341":{"start":{"line":785,"column":2},"end":{"line":785,"column":16}},"342":{"start":{"line":787,"column":2},"end":{"line":787,"column":12}},"343":{"start":{"line":757,"column":0},"end":{"line":757,"column":16}},"344":{"start":{"line":799,"column":15},"end":{"line":799,"column":24}},"345":{"start":{"line":800,"column":18},"end":{"line":800,"column":52}},"346":{"start":{"line":801,"column":2},"end":{"line":803,"column":null}},"347":{"start":{"line":802,"column":4},"end":{"line":802,"column":63}},"348":{"start":{"line":805,"column":21},"end":{"line":805,"column":39}},"349":{"start":{"line":806,"column":15},"end":{"line":806,"column":40}},"350":{"start":{"line":807,"column":2},"end":{"line":809,"column":null}},"351":{"start":{"line":808,"column":4},"end":{"line":808,"column":73}},"352":{"start":{"line":810,"column":2},"end":{"line":812,"column":null}},"353":{"start":{"line":811,"column":4},"end":{"line":811,"column":60}},"354":{"start":{"line":814,"column":25},"end":{"line":814,"column":66}},"355":{"start":{"line":815,"column":2},"end":{"line":817,"column":null}},"356":{"start":{"line":816,"column":4},"end":{"line":816,"column":91}},"357":{"start":{"line":819,"column":22},"end":{"line":819,"column":67}},"358":{"start":{"line":820,"column":25},"end":{"line":820,"column":49}},"359":{"start":{"line":821,"column":2},"end":{"line":821,"column":84}},"360":{"start":{"line":823,"column":2},"end":{"line":823,"column":56}},"361":{"start":{"line":824,"column":2},"end":{"line":824,"column":50}},"362":{"start":{"line":826,"column":2},"end":{"line":826,"column":44}},"363":{"start":{"line":827,"column":2},"end":{"line":827,"column":22}},"364":{"start":{"line":828,"column":2},"end":{"line":828,"column":50}},"365":{"start":{"line":829,"column":2},"end":{"line":829,"column":76}},"366":{"start":{"line":831,"column":2},"end":{"line":831,"column":16}},"367":{"start":{"line":833,"column":2},"end":{"line":835,"column":4}},"368":{"start":{"line":798,"column":0},"end":{"line":798,"column":16}},"369":{"start":{"line":847,"column":15},"end":{"line":847,"column":24}},"370":{"start":{"line":848,"column":22},"end":{"line":848,"column":56}},"371":{"start":{"line":849,"column":2},"end":{"line":851,"column":null}},"372":{"start":{"line":850,"column":4},"end":{"line":850,"column":63}},"373":{"start":{"line":853,"column":15},"end":{"line":853,"column":40}},"374":{"start":{"line":854,"column":2},"end":{"line":856,"column":null}},"375":{"start":{"line":855,"column":4},"end":{"line":855,"column":96}},"376":{"start":{"line":858,"column":2},"end":{"line":860,"column":null}},"377":{"start":{"line":859,"column":4},"end":{"line":859,"column":75}},"378":{"start":{"line":862,"column":2},"end":{"line":864,"column":null}},"379":{"start":{"line":863,"column":4},"end":{"line":863,"column":79}},"380":{"start":{"line":866,"column":28},"end":{"line":866,"column":54}},"381":{"start":{"line":867,"column":2},"end":{"line":869,"column":null}},"382":{"start":{"line":868,"column":4},"end":{"line":868,"column":114}},"383":{"start":{"line":871,"column":20},"end":{"line":871,"column":42}},"384":{"start":{"line":872,"column":35},"end":{"line":881,"column":4}},"385":{"start":{"line":882,"column":2},"end":{"line":882,"column":38}},"386":{"start":{"line":883,"column":2},"end":{"line":883,"column":16}},"387":{"start":{"line":885,"column":2},"end":{"line":887,"column":4}},"388":{"start":{"line":846,"column":0},"end":{"line":846,"column":16}},"389":{"start":{"line":901,"column":15},"end":{"line":901,"column":24}},"390":{"start":{"line":902,"column":22},"end":{"line":902,"column":56}},"391":{"start":{"line":903,"column":2},"end":{"line":905,"column":null}},"392":{"start":{"line":904,"column":4},"end":{"line":904,"column":63}},"393":{"start":{"line":907,"column":22},"end":{"line":907,"column":57}},"394":{"start":{"line":908,"column":2},"end":{"line":910,"column":null}},"395":{"start":{"line":909,"column":4},"end":{"line":909,"column":108}},"396":{"start":{"line":912,"column":2},"end":{"line":915,"column":null}},"397":{"start":{"line":914,"column":4},"end":{"line":914,"column":96}},"398":{"start":{"line":918,"column":2},"end":{"line":920,"column":null}},"399":{"start":{"line":919,"column":4},"end":{"line":919,"column":79}},"400":{"start":{"line":922,"column":2},"end":{"line":922,"column":39}},"401":{"start":{"line":923,"column":2},"end":{"line":923,"column":16}},"402":{"start":{"line":925,"column":2},"end":{"line":925,"column":12}},"403":{"start":{"line":900,"column":0},"end":{"line":900,"column":16}},"404":{"start":{"line":929,"column":15},"end":{"line":929,"column":24}},"405":{"start":{"line":930,"column":22},"end":{"line":930,"column":56}},"406":{"start":{"line":931,"column":2},"end":{"line":933,"column":null}},"407":{"start":{"line":932,"column":4},"end":{"line":932,"column":63}},"408":{"start":{"line":935,"column":22},"end":{"line":935,"column":57}},"409":{"start":{"line":936,"column":2},"end":{"line":938,"column":null}},"410":{"start":{"line":937,"column":4},"end":{"line":937,"column":108}},"411":{"start":{"line":940,"column":2},"end":{"line":943,"column":null}},"412":{"start":{"line":942,"column":4},"end":{"line":942,"column":98}},"413":{"start":{"line":945,"column":2},"end":{"line":947,"column":null}},"414":{"start":{"line":946,"column":4},"end":{"line":946,"column":74}},"415":{"start":{"line":949,"column":30},"end":{"line":949,"column":70}},"416":{"start":{"line":951,"column":26},"end":{"line":951,"column":89}},"417":{"start":{"line":951,"column":72},"end":{"line":951,"column":88}},"418":{"start":{"line":953,"column":2},"end":{"line":956,"column":4}},"419":{"start":{"line":928,"column":0},"end":{"line":928,"column":16}},"420":{"start":{"line":969,"column":15},"end":{"line":969,"column":24}},"421":{"start":{"line":970,"column":22},"end":{"line":970,"column":62}},"422":{"start":{"line":972,"column":2},"end":{"line":974,"column":null}},"423":{"start":{"line":973,"column":4},"end":{"line":973,"column":61}},"424":{"start":{"line":975,"column":2},"end":{"line":977,"column":null}},"425":{"start":{"line":976,"column":4},"end":{"line":976,"column":101}},"426":{"start":{"line":978,"column":2},"end":{"line":980,"column":null}},"427":{"start":{"line":979,"column":4},"end":{"line":979,"column":74}},"428":{"start":{"line":981,"column":2},"end":{"line":983,"column":null}},"429":{"start":{"line":982,"column":4},"end":{"line":982,"column":75}},"430":{"start":{"line":984,"column":2},"end":{"line":986,"column":null}},"431":{"start":{"line":985,"column":4},"end":{"line":985,"column":76}},"432":{"start":{"line":987,"column":2},"end":{"line":989,"column":null}},"433":{"start":{"line":988,"column":4},"end":{"line":988,"column":72}},"434":{"start":{"line":990,"column":2},"end":{"line":992,"column":null}},"435":{"start":{"line":991,"column":4},"end":{"line":991,"column":90}},"436":{"start":{"line":994,"column":17},"end":{"line":994,"column":83}},"437":{"start":{"line":994,"column":54},"end":{"line":994,"column":82}},"438":{"start":{"line":995,"column":2},"end":{"line":995,"column":49}},"439":{"start":{"line":996,"column":2},"end":{"line":996,"column":123}},"440":{"start":{"line":997,"column":2},"end":{"line":997,"column":16}},"441":{"start":{"line":999,"column":2},"end":{"line":999,"column":12}},"442":{"start":{"line":968,"column":0},"end":{"line":968,"column":16}},"443":{"start":{"line":1016,"column":15},"end":{"line":1016,"column":24}},"444":{"start":{"line":1017,"column":22},"end":{"line":1017,"column":62}},"445":{"start":{"line":1018,"column":2},"end":{"line":1020,"column":null}},"446":{"start":{"line":1019,"column":4},"end":{"line":1019,"column":61}},"447":{"start":{"line":1022,"column":2},"end":{"line":1024,"column":null}},"448":{"start":{"line":1023,"column":4},"end":{"line":1023,"column":101}},"449":{"start":{"line":1026,"column":2},"end":{"line":1026,"column":33}},"450":{"start":{"line":1027,"column":2},"end":{"line":1029,"column":null}},"451":{"start":{"line":1028,"column":4},"end":{"line":1028,"column":72}},"452":{"start":{"line":1031,"column":2},"end":{"line":1033,"column":null}},"453":{"start":{"line":1032,"column":4},"end":{"line":1032,"column":78}},"454":{"start":{"line":1036,"column":2},"end":{"line":1036,"column":43}},"455":{"start":{"line":1037,"column":19},"end":{"line":1037,"column":64}},"456":{"start":{"line":1039,"column":2},"end":{"line":1044,"column":4}},"457":{"start":{"line":1015,"column":0},"end":{"line":1015,"column":16}},"458":{"start":{"line":1048,"column":15},"end":{"line":1048,"column":24}},"459":{"start":{"line":1049,"column":19},"end":{"line":1049,"column":41}},"460":{"start":{"line":1051,"column":2},"end":{"line":1053,"column":null}},"461":{"start":{"line":1052,"column":4},"end":{"line":1052,"column":47}},"462":{"start":{"line":1054,"column":2},"end":{"line":1056,"column":null}},"463":{"start":{"line":1055,"column":4},"end":{"line":1055,"column":121}},"464":{"start":{"line":1058,"column":22},"end":{"line":1058,"column":57}},"465":{"start":{"line":1059,"column":2},"end":{"line":1061,"column":null}},"466":{"start":{"line":1060,"column":4},"end":{"line":1060,"column":66}},"467":{"start":{"line":1062,"column":2},"end":{"line":1064,"column":null}},"468":{"start":{"line":1063,"column":4},"end":{"line":1063,"column":78}},"469":{"start":{"line":1066,"column":25},"end":{"line":1072,"column":4}},"470":{"start":{"line":1073,"column":2},"end":{"line":1073,"column":35}},"471":{"start":{"line":1074,"column":2},"end":{"line":1074,"column":16}},"472":{"start":{"line":1076,"column":2},"end":{"line":1078,"column":4}},"473":{"start":{"line":1047,"column":0},"end":{"line":1047,"column":16}},"474":{"start":{"line":1082,"column":15},"end":{"line":1082,"column":24}},"475":{"start":{"line":1083,"column":2},"end":{"line":1085,"column":null}},"476":{"start":{"line":1084,"column":4},"end":{"line":1084,"column":95}},"477":{"start":{"line":1087,"column":17},"end":{"line":1087,"column":46}},"478":{"start":{"line":1088,"column":2},"end":{"line":1090,"column":null}},"479":{"start":{"line":1089,"column":4},"end":{"line":1089,"column":60}},"480":{"start":{"line":1092,"column":22},"end":{"line":1092,"column":62}},"481":{"start":{"line":1093,"column":2},"end":{"line":1098,"column":5}},"482":{"start":{"line":1100,"column":2},"end":{"line":1100,"column":16}},"483":{"start":{"line":1102,"column":2},"end":{"line":1102,"column":12}},"484":{"start":{"line":1081,"column":0},"end":{"line":1081,"column":16}},"485":{"start":{"line":1123,"column":15},"end":{"line":1123,"column":24}},"486":{"start":{"line":1124,"column":22},"end":{"line":1124,"column":62}},"487":{"start":{"line":1126,"column":2},"end":{"line":1128,"column":null}},"488":{"start":{"line":1127,"column":4},"end":{"line":1127,"column":61}},"489":{"start":{"line":1130,"column":2},"end":{"line":1132,"column":null}},"490":{"start":{"line":1131,"column":4},"end":{"line":1131,"column":74}},"491":{"start":{"line":1135,"column":30},"end":{"line":1135,"column":70}},"492":{"start":{"line":1138,"column":29},"end":{"line":1138,"column":92}},"493":{"start":{"line":1138,"column":75},"end":{"line":1138,"column":91}},"494":{"start":{"line":1140,"column":2},"end":{"line":1143,"column":4}},"495":{"start":{"line":1122,"column":0},"end":{"line":1122,"column":16}},"496":{"start":{"line":1156,"column":15},"end":{"line":1156,"column":24}},"497":{"start":{"line":1157,"column":22},"end":{"line":1157,"column":56}},"498":{"start":{"line":1158,"column":2},"end":{"line":1160,"column":null}},"499":{"start":{"line":1159,"column":4},"end":{"line":1159,"column":63}},"500":{"start":{"line":1162,"column":15},"end":{"line":1162,"column":40}},"501":{"start":{"line":1163,"column":2},"end":{"line":1165,"column":null}},"502":{"start":{"line":1164,"column":4},"end":{"line":1164,"column":96}},"503":{"start":{"line":1167,"column":2},"end":{"line":1167,"column":26}},"504":{"start":{"line":1169,"column":2},"end":{"line":1169,"column":29}},"505":{"start":{"line":1170,"column":2},"end":{"line":1170,"column":16}},"506":{"start":{"line":1172,"column":2},"end":{"line":1172,"column":12}},"507":{"start":{"line":1155,"column":0},"end":{"line":1155,"column":16}},"508":{"start":{"line":1176,"column":15},"end":{"line":1176,"column":24}},"509":{"start":{"line":1177,"column":22},"end":{"line":1177,"column":56}},"510":{"start":{"line":1178,"column":2},"end":{"line":1180,"column":null}},"511":{"start":{"line":1179,"column":4},"end":{"line":1179,"column":63}},"512":{"start":{"line":1182,"column":22},"end":{"line":1182,"column":57}},"513":{"start":{"line":1183,"column":2},"end":{"line":1185,"column":null}},"514":{"start":{"line":1184,"column":4},"end":{"line":1184,"column":106}},"515":{"start":{"line":1187,"column":2},"end":{"line":1190,"column":null}},"516":{"start":{"line":1189,"column":4},"end":{"line":1189,"column":98}},"517":{"start":{"line":1192,"column":2},"end":{"line":1194,"column":null}},"518":{"start":{"line":1193,"column":4},"end":{"line":1193,"column":74}},"519":{"start":{"line":1197,"column":19},"end":{"line":1197,"column":39}},"520":{"start":{"line":1198,"column":19},"end":{"line":1198,"column":21}},"521":{"start":{"line":1201,"column":17},"end":{"line":1201,"column":27}},"522":{"start":{"line":1202,"column":2},"end":{"line":1205,"column":5}},"523":{"start":{"line":1203,"column":4},"end":{"line":1203,"column":45}},"524":{"start":{"line":1204,"column":4},"end":{"line":1204,"column":44}},"525":{"start":{"line":1206,"column":2},"end":{"line":1206,"column":24}},"526":{"start":{"line":1210,"column":18},"end":{"line":1234,"column":45}},"527":{"start":{"line":1211,"column":24},"end":{"line":1211,"column":32}},"528":{"start":{"line":1212,"column":4},"end":{"line":1231,"column":7}},"529":{"start":{"line":1213,"column":32},"end":{"line":1213,"column":109}},"530":{"start":{"line":1213,"column":61},"end":{"line":1213,"column":75}},"531":{"start":{"line":1213,"column":93},"end":{"line":1213,"column":108}},"532":{"start":{"line":1214,"column":6},"end":{"line":1230,"column":null}},"533":{"start":{"line":1215,"column":8},"end":{"line":1215,"column":30}},"534":{"start":{"line":1216,"column":8},"end":{"line":1216,"column":30}},"535":{"start":{"line":1218,"column":41},"end":{"line":1223,"column":10}},"536":{"start":{"line":1219,"column":10},"end":{"line":1219,"column":57}},"537":{"start":{"line":1219,"column":44},"end":{"line":1219,"column":57}},"538":{"start":{"line":1220,"column":10},"end":{"line":1220,"column":77}},"539":{"start":{"line":1222,"column":10},"end":{"line":1222,"column":83}},"540":{"start":{"line":1225,"column":27},"end":{"line":1225,"column":47}},"541":{"start":{"line":1226,"column":21},"end":{"line":1226,"column":103}},"542":{"start":{"line":1226,"column":63},"end":{"line":1226,"column":98}},"543":{"start":{"line":1228,"column":8},"end":{"line":1228,"column":59}},"544":{"start":{"line":1229,"column":8},"end":{"line":1229,"column":42}},"545":{"start":{"line":1232,"column":4},"end":{"line":1232,"column":23}},"546":{"start":{"line":1234,"column":20},"end":{"line":1234,"column":44}},"547":{"start":{"line":1236,"column":2},"end":{"line":1238,"column":5}},"548":{"start":{"line":1237,"column":4},"end":{"line":1237,"column":21}},"549":{"start":{"line":1240,"column":14},"end":{"line":1240,"column":41}},"550":{"start":{"line":1242,"column":2},"end":{"line":1244,"column":null}},"551":{"start":{"line":1243,"column":4},"end":{"line":1243,"column":66}},"552":{"start":{"line":1246,"column":16},"end":{"line":1246,"column":63}},"553":{"start":{"line":1247,"column":21},"end":{"line":1247,"column":55}},"554":{"start":{"line":1248,"column":2},"end":{"line":1248,"column":36}},"555":{"start":{"line":1250,"column":2},"end":{"line":1250,"column":19}},"556":{"start":{"line":1251,"column":2},"end":{"line":1253,"column":4}},"557":{"start":{"line":1175,"column":0},"end":{"line":1175,"column":16}},"558":{"start":{"line":1271,"column":15},"end":{"line":1271,"column":24}},"559":{"start":{"line":1272,"column":22},"end":{"line":1272,"column":56}},"560":{"start":{"line":1273,"column":2},"end":{"line":1275,"column":null}},"561":{"start":{"line":1274,"column":4},"end":{"line":1274,"column":64}},"562":{"start":{"line":1278,"column":22},"end":{"line":1278,"column":57}},"563":{"start":{"line":1279,"column":2},"end":{"line":1281,"column":null}},"564":{"start":{"line":1280,"column":4},"end":{"line":1280,"column":57}},"565":{"start":{"line":1283,"column":19},"end":{"line":1283,"column":39}},"566":{"start":{"line":1285,"column":21},"end":{"line":1285,"column":43}},"567":{"start":{"line":1287,"column":2},"end":{"line":1289,"column":null}},"568":{"start":{"line":1288,"column":4},"end":{"line":1288,"column":107}},"569":{"start":{"line":1291,"column":2},"end":{"line":1293,"column":null}},"570":{"start":{"line":1292,"column":4},"end":{"line":1292,"column":99}},"571":{"start":{"line":1295,"column":33},"end":{"line":1305,"column":4}},"572":{"start":{"line":1307,"column":2},"end":{"line":1312,"column":4}},"573":{"start":{"line":1270,"column":0},"end":{"line":1270,"column":16}},"574":{"start":{"line":1316,"column":15},"end":{"line":1316,"column":24}},"575":{"start":{"line":1317,"column":17},"end":{"line":1317,"column":46}},"576":{"start":{"line":1318,"column":2},"end":{"line":1320,"column":null}},"577":{"start":{"line":1319,"column":4},"end":{"line":1319,"column":62}},"578":{"start":{"line":1322,"column":22},"end":{"line":1322,"column":62}},"579":{"start":{"line":1324,"column":2},"end":{"line":1326,"column":null}},"580":{"start":{"line":1325,"column":4},"end":{"line":1325,"column":102}},"581":{"start":{"line":1328,"column":2},"end":{"line":1330,"column":null}},"582":{"start":{"line":1329,"column":4},"end":{"line":1329,"column":73}},"583":{"start":{"line":1332,"column":2},"end":{"line":1334,"column":null}},"584":{"start":{"line":1333,"column":4},"end":{"line":1333,"column":77}},"585":{"start":{"line":1336,"column":19},"end":{"l
[...]
rt":{"line":379,"column":101},"end":{"line":381,"column":1}}},"24":{"name":"(anonymous_25)","decl":{"start":{"line":383,"column":35},"end":{"line":383,"column":36}},"loc":{"start":{"line":383,"column":72},"end":{"line":385,"column":1}}},"25":{"name":"(anonymous_26)","decl":{"start":{"line":387,"column":39},"end":{"line":387,"column":40}},"loc":{"start":{"line":387,"column":119},"end":{"line":389,"column":1}}},"26":{"name":"(anonymous_27)","decl":{"start":{"line":391,"column":30},"end":{"line":391,"column":31}},"loc":{"start":{"line":391,"column":48},"end":{"line":393,"column":1}}},"27":{"name":"(anonymous_28)","decl":{"start":{"line":395,"column":37},"end":{"line":395,"column":38}},"loc":{"start":{"line":395,"column":112},"end":{"line":397,"column":1}}},"28":{"name":"(anonymous_29)","decl":{"start":{"line":399,"column":39},"end":{"line":399,"column":40}},"loc":{"start":{"line":399,"column":93},"end":{"line":401,"column":1}}},"29":{"name":"(anonymous_30)","decl":{"start":{"line":403,"column":33},"end":{"line":403,"column":34}},"loc":{"start":{"line":403,"column":84},"end":{"line":405,"column":1}}},"30":{"name":"(anonymous_31)","decl":{"start":{"line":407,"column":33},"end":{"line":407,"column":34}},"loc":{"start":{"line":407,"column":93},"end":{"line":409,"column":1}}},"31":{"name":"(anonymous_32)","decl":{"start":{"line":411,"column":42},"end":{"line":411,"column":43}},"loc":{"start":{"line":411,"column":96},"end":{"line":413,"column":1}}},"32":{"name":"(anonymous_33)","decl":{"start":{"line":417,"column":41},"end":{"line":417,"column":42}},"loc":{"start":{"line":417,"column":91},"end":{"line":419,"column":1}}},"33":{"name":"(anonymous_34)","decl":{"start":{"line":420,"column":40},"end":{"line":420,"column":41}},"loc":{"start":{"line":420,"column":96},"end":{"line":422,"column":1}}},"34":{"name":"(anonymous_35)","decl":{"start":{"line":424,"column":40},"end":{"line":424,"column":41}},"loc":{"start":{"line":424,"column":109},"end":{"line":426,"column":1}}},"35":{"name":"(anonymous_36)","decl":{"start":{"line":428,"column":38},"end":{"line":428,"column":39}},"loc":{"start":{"line":428,"column":81},"end":{"line":430,"column":1}}},"36":{"name":"(anonymous_37)","decl":{"start":{"line":432,"column":41},"end":{"line":432,"column":42}},"loc":{"start":{"line":432,"column":94},"end":{"line":434,"column":1}}},"37":{"name":"(anonymous_38)","decl":{"start":{"line":436,"column":43},"end":{"line":436,"column":44}},"loc":{"start":{"line":436,"column":111},"end":{"line":438,"column":1}}},"38":{"name":"(anonymous_39)","decl":{"start":{"line":440,"column":39},"end":{"line":440,"column":40}},"loc":{"start":{"line":440,"column":73},"end":{"line":442,"column":1}}},"39":{"name":"(anonymous_40)","decl":{"start":{"line":444,"column":35},"end":{"line":444,"column":36}},"loc":{"start":{"line":444,"column":56},"end":{"line":446,"column":1}}},"40":{"name":"(anonymous_41)","decl":{"start":{"line":448,"column":33},"end":{"line":448,"column":34}},"loc":{"start":{"line":448,"column":69},"end":{"line":450,"column":1}}},"41":{"name":"(anonymous_42)","decl":{"start":{"line":452,"column":36},"end":{"line":452,"column":37}},"loc":{"start":{"line":452,"column":89},"end":{"line":454,"column":1}}},"42":{"name":"(anonymous_43)","decl":{"start":{"line":456,"column":44},"end":{"line":456,"column":45}},"loc":{"start":{"line":456,"column":91},"end":{"line":458,"column":1}}},"43":{"name":"(anonymous_44)","decl":{"start":{"line":460,"column":43},"end":{"line":460,"column":44}},"loc":{"start":{"line":460,"column":64},"end":{"line":462,"column":1}}},"44":{"name":"(anonymous_45)","decl":{"start":{"line":464,"column":41},"end":{"line":464,"column":42}},"loc":{"start":{"line":464,"column":62},"end":{"line":466,"column":1}}},"45":{"name":"(anonymous_46)","decl":{"start":{"line":468,"column":44},"end":{"line":468,"column":45}},"loc":{"start":{"line":468,"column":97},"end":{"line":470,"column":1}}},"46":{"name":"(anonymous_47)","decl":{"start":{"line":473,"column":42},"end":{"line":473,"column":43}},"loc":{"start":{"line":473,"column":60},"end":{"line":475,"column":1}}},"47":{"name":"(anonymous_48)","decl":{"start":{"line":477,"column":39},"end":{"line":477,"column":40}},"loc":{"start":{"line":477,"column":57},"end":{"line":479,"column":1}}},"48":{"name":"(anonymous_49)","decl":{"start":{"line":481,"column":41},"end":{"line":481,"column":42}},"loc":{"start":{"line":481,"column":94},"end":{"line":483,"column":1}}},"49":{"name":"(anonymous_50)","decl":{"start":{"line":485,"column":41},"end":{"line":485,"column":42}},"loc":{"start":{"line":485,"column":75},"end":{"line":487,"column":1}}},"50":{"name":"(anonymous_51)","decl":{"start":{"line":489,"column":39},"end":{"line":489,"column":40}},"loc":{"start":{"line":489,"column":73},"end":{"line":491,"column":1}}},"51":{"name":"(anonymous_52)","decl":{"start":{"line":493,"column":45},"end":{"line":493,"column":46}},"loc":{"start":{"line":493,"column":93},"end":{"line":495,"column":1}}},"52":{"name":"(anonymous_53)","decl":{"start":{"line":497,"column":52},"end":{"line":497,"column":53}},"loc":{"start":{"line":497,"column":107},"end":{"line":499,"column":1}}},"53":{"name":"(anonymous_54)","decl":{"start":{"line":503,"column":41},"end":{"line":503,"column":42}},"loc":{"start":{"line":503,"column":59},"end":{"line":505,"column":1}}},"54":{"name":"(anonymous_55)","decl":{"start":{"line":507,"column":42},"end":{"line":507,"column":43}},"loc":{"start":{"line":507,"column":76},"end":{"line":509,"column":1}}},"55":{"name":"(anonymous_56)","decl":{"start":{"line":511,"column":48},"end":{"line":511,"column":49}},"loc":{"start":{"line":511,"column":118},"end":{"line":513,"column":1}}},"56":{"name":"(anonymous_57)","decl":{"start":{"line":515,"column":49},"end":{"line":515,"column":50}},"loc":{"start":{"line":515,"column":111},"end":{"line":517,"column":1}}},"57":{"name":"(anonymous_58)","decl":{"start":{"line":519,"column":45},"end":{"line":519,"column":46}},"loc":{"start":{"line":519,"column":82},"end":{"line":521,"column":1}}},"58":{"name":"(anonymous_59)","decl":{"start":{"line":523,"column":49},"end":{"line":523,"column":50}},"loc":{"start":{"line":523,"column":129},"end":{"line":525,"column":1}}},"59":{"name":"(anonymous_60)","decl":{"start":{"line":527,"column":40},"end":{"line":527,"column":41}},"loc":{"start":{"line":527,"column":58},"end":{"line":529,"column":1}}},"60":{"name":"(anonymous_61)","decl":{"start":{"line":531,"column":47},"end":{"line":531,"column":48}},"loc":{"start":{"line":531,"column":122},"end":{"line":533,"column":1}}},"61":{"name":"(anonymous_62)","decl":{"start":{"line":535,"column":49},"end":{"line":535,"column":50}},"loc":{"start":{"line":535,"column":103},"end":{"line":537,"column":1}}},"62":{"name":"(anonymous_63)","decl":{"start":{"line":539,"column":43},"end":{"line":539,"column":44}},"loc":{"start":{"line":539,"column":94},"end":{"line":541,"column":1}}},"63":{"name":"(anonymous_64)","decl":{"start":{"line":543,"column":43},"end":{"line":543,"column":44}},"loc":{"start":{"line":543,"column":103},"end":{"line":545,"column":1}}},"64":{"name":"(anonymous_65)","decl":{"start":{"line":547,"column":52},"end":{"line":547,"column":53}},"loc":{"start":{"line":547,"column":106},"end":{"line":549,"column":1}}},"65":{"name":"(anonymous_66)","decl":{"start":{"line":551,"column":48},"end":{"line":551,"column":49}},"loc":{"start":{"line":551,"column":95},"end":{"line":553,"column":1}}}},"branchMap":{"0":{"loc":{"start":{"line":14,"column":12},"end":{"line":14,"column":null}},"type":"binary-expr","locations":[{"start":{"line":14,"column":12},"end":{"line":14,"column":22}},{"start":{"line":14,"column":12},"end":{"line":14,"column":null}}]},"1":{"loc":{"start":{"line":21,"column":12},"end":{"line":21,"column":null}},"type":"binary-expr","locations":[{"start":{"line":21,"column":12},"end":{"line":21,"column":24}},{"start":{"line":21,"column":12},"end":{"line":21,"column":null}}]},"2":{"loc":{"start":{"line":28,"column":12},"end":{"line":28,"column":null}},"type":"binary-expr","locations":[{"start":{"line":28,"column":12},"end":{"line":28,"column":29}},{"start":{"line":28,"column":12},"end":{"line":28,"column":null}}]},"3":{"loc":{"start":{"line":35,"column":12},"end":{"line":35,"column":null}},"type":"binary-expr","locations":[{"start":{"line":35,"column":12},"end":{"line":35,"column":24}},{"start":{"line":35,"column":12},"end":{"line":35,"column":null}}]},"4":{"loc":{"start":{"line":43,"column":12},"end":{"line":43,"column":null}},"type":"binary-expr","locations":[{"start":{"line":43,"column":12},"end":{"line":43,"column":22}},{"start":{"line":43,"column":12},"end":{"line":43,"column":null}}]},"5":{"loc":{"start":{"line":48,"column":12},"end":{"line":48,"column":null}},"type":"binary-expr","locations":[{"start":{"line":48,"column":12},"end":{"line":48,"column":24}},{"start":{"line":48,"column":12},"end":{"line":48,"column":null}}]},"6":{"loc":{"start":{"line":53,"column":12},"end":{"line":53,"column":null}},"type":"binary-expr","locations":[{"start":{"line":53,"column":12},"end":{"line":53,"column":24}},{"start":{"line":53,"column":12},"end":{"line":53,"column":null}}]},"7":{"loc":{"start":{"line":59,"column":12},"end":{"line":59,"column":null}},"type":"binary-expr","locations":[{"start":{"line":59,"column":12},"end":{"line":59,"column":26}},{"start":{"line":59,"column":12},"end":{"line":59,"column":null}}]},"8":{"loc":{"start":{"line":65,"column":12},"end":{"line":65,"column":null}},"type":"binary-expr","locations":[{"start":{"line":65,"column":12},"end":{"line":65,"column":28}},{"start":{"line":65,"column":12},"end":{"line":65,"column":null}}]},"9":{"loc":{"start":{"line":277,"column":2},"end":{"line":277,"column":35}},"type":"default-arg","locations":[{"start":{"line":277,"column":33},"end":{"line":277,"column":35}}]},"10":{"loc":{"start":{"line":281,"column":2},"end":{"line":286,"column":null}},"type":"if","locations":[{"start":{"line":281,"column":2},"end":{"line":286,"column":null}},{"start":{"line":283,"column":9},"end":{"line":286,"column":null}}]},"11":{"loc":{"start":{"line":295,"column":4},"end":{"line":299,"column":null}},"type":"if","locations":[{"start":{"line":295,"column":4},"end":{"line":299,"column":null}}]},"12":{"loc":{"start":{"line":303,"column":23},"end":{"line":303,"column":110}},"type":"binary-expr","locations":[{"start":{"line":303,"column":23},"end":{"line":303,"column":71}},{"start":{"line":303,"column":71},"end":{"line":303,"column":83}},{"start":{"line":303,"column":87},"end":{"line":303,"column":110}}]},"13":{"loc":{"start":{"line":303,"column":48},"end":{"line":303,"column":67}},"type":"cond-expr","locations":[{"start":{"line":303,"column":60},"end":{"line":303,"column":62}},{"start":{"line":303,"column":48},"end":{"line":303,"column":67}}]},"14":{"loc":{"start":{"line":303,"column":48},"end":{"line":303,"column":62}},"type":"binary-expr","locations":[{"start":{"line":303,"column":48},"end":{"line":303,"column":62}},{"start":{"line":303,"column":48},"end":{"line":303,"column":62}}]},"15":{"loc":{"start":{"line":308,"column":2},"end":{"line":320,"column":null}},"type":"switch","locations":[{"start":{"line":309,"column":4},"end":{"line":309,"column":13}},{"start":{"line":310,"column":4},"end":{"line":311,"column":52}},{"start":{"line":312,"column":4},"end":{"line":313,"column":167}},{"start":{"line":314,"column":4},"end":{"line":315,"column":111}},{"start":{"line":316,"column":4},"end":{"line":319,"column":null}}]},"16":{"loc":{"start":{"line":317,"column":6},"end":{"line":319,"column":null}},"type":"if","locations":[{"start":{"line":317,"column":6},"end":{"line":319,"column":null}}]}},"s":{"0":38,"1":38,"2":38,"3":38,"4":38,"5":38,"6":38,"7":38,"8":38,"9":38,"10":38,"11":38,"12":38,"13":38,"14":38,"15":38,"16":38,"17":38,"18":38,"19":38,"20":38,"21":38,"22":38,"23":38,"24":38,"25":38,"26":38,"27":38,"28":38,"29":38,"30":38,"31":38,"32":38,"33":38,"34":38,"35":38,"36":38,"37":38,"38":38,"39":38,"40":38,"41":38,"42":38,"43":38,"44":38,"45":38,"46":38,"47":38,"48":38,"49":38,"50":38,"51":38,"52":38,"53":38,"54":38,"55":38,"56":38,"57":38,"58":38,"59":38,"60":38,"61":38,"62":38,"63":38,"64":38,"65":38,"66":38,"67":38,"68":38,"69":38,"70":38,"71":38,"72":38,"73":38,"74":38,"75":38,"76":38,"77":38,"78":38,"79":38,"80":38,"81":38,"82":38,"83":38,"84":38,"85":38,"86":38,"87":38,"88":38,"89":38,"90":38,"91":38,"92":2629,"93":2629,"94":2629,"95":710,"96":1919,"97":2629,"98":2629,"99":2629,"100":2629,"101":0,"102":0,"103":0,"104":2629,"105":2629,"106":303,"107":1,"108":0,"109":2325,"110":62,"111":2263,"112":38,"113":38,"114":527,"115":38,"116":38,"117":23,"118":38,"119":38,"120":29,"121":38,"122":38,"123":5,"124":38,"125":38,"126":403,"127":38,"128":38,"129":42,"130":38,"131":38,"132":33,"133":38,"134":38,"135":14,"136":38,"137":38,"138":11,"139":38,"140":38,"141":460,"142":38,"143":38,"144":2,"145":38,"146":38,"147":6,"148":38,"149":38,"150":10,"151":38,"152":38,"153":315,"154":38,"155":38,"156":9,"157":38,"158":38,"159":19,"160":38,"161":38,"162":7,"163":38,"164":38,"165":9,"166":38,"167":38,"168":26,"169":38,"170":38,"171":9,"172":38,"173":38,"174":9,"175":38,"176":38,"177":6,"178":38,"179":38,"180":5,"181":38,"182":38,"183":118,"184":38,"185":38,"186":161,"187":38,"188":38,"189":9,"190":38,"191":38,"192":8,"193":38,"194":38,"195":35,"196":38,"197":38,"198":5,"199":38,"200":38,"201":2,"202":38,"203":38,"204":93,"205":38,"206":38,"207":6,"208":38,"209":38,"210":7,"211":38,"212":38,"213":9,"214":38,"215":38,"216":6,"217":38,"218":38,"219":12,"220":38,"221":38,"222":5,"223":38,"224":38,"225":4,"226":38,"227":38,"228":10,"229":38,"230":38,"231":4,"232":38,"233":38,"234":7,"235":38,"236":38,"237":13,"238":38,"239":38,"240":10,"241":38,"242":38,"243":2,"244":38,"245":38,"246":6,"247":38,"248":38,"249":10,"250":38,"251":38,"252":33,"253":38,"254":38,"255":9,"256":38,"257":38,"258":19,"259":38,"260":38,"261":3,"262":38,"263":38,"264":9,"265":38,"266":38,"267":5,"268":38,"269":38,"270":8,"271":38,"272":38,"273":9,"274":38,"275":38,"276":6,"277":38,"278":38,"279":6,"280":38},"f":{"0":38,"1":38,"2":38,"3":38,"4":38,"5":38,"6":38,"7":38,"8":38,"9":2629,"10":527,"11":23,"12":29,"13":5,"14":403,"15":42,"16":33,"17":14,"18":11,"19":460,"20":2,"21":6,"22":10,"23":315,"24":9,"25":19,"26":7,"27":9,"28":26,"29":9,"30":9,"31":6,"32":5,"33":118,"34":161,"35":9,"36":8,"37":35,"38":5,"39":2,"40":93,"41":6,"42":7,"43":9,"44":6,"45":12,"46":5,"47":4,"48":10,"49":4,"50":7,"51":13,"52":10,"53":2,"54":6,"55":10,"56":33,"57":9,"58":19,"59":3,"60":9,"61":5,"62":8,"63":9,"64":6,"65":6},"b":{"0":[38,38],"1":[38,38],"2":[38,38],"3":[38,38],"4":[38,38],"5":[38,38],"6":[38,38],"7":[38,38],"8":[38,38],"9":[1183],"10":[710,1919],"11":[0],"12":[2629,0,0],"13":[0,2629],"14":[2629,2629],"15":[235,303,1,0,2325],"16":[62]}}
,"/Users/aditya/Desktop/comp1531/major_project/project-backend/src/types.ts": {"path":"/Users/aditya/Desktop/comp1531/major_project/project-backend/src/types.ts","statementMap":{"0":{"start":{"line":2,"column":13},"end":{"line":2,"column":22}},"1":{"start":{"line":3,"column":13},"end":{"line":3,"column":31}},"2":{"start":{"line":4,"column":13},"end":{"line":4,"column":32}},"3":{"start":{"line":5,"column":13},"end":{"line":5,"column":29}},"4":{"start":{"line":8,"column":13},"end":{"line":8,"column":33}},"5":{"start":{"line":9,"column":13},"end":{"line":9,"column":34}},"6":{"start":{"line":10,"column":13},"end":{"line":10,"column":37}},"7":{"start":{"line":11,"column":13},"end":{"line":11,"column":50}},"8":{"start":{"line":12,"column":13},"end":{"line":12,"column":65}},"9":{"start":{"line":15,"column":13},"end":{"line":15,"column":47}},"10":{"start":{"line":16,"column":13},"end":{"line":16,"column":63}},"11":{"start":{"line":19,"column":13},"end":{"line":19,"column":38}},"12":{"start":{"line":20,"column":13},"end":{"line":20,"column":39}},"13":{"start":{"line":21,"column":13},"end":{"line":21,"column":42}},"14":{"start":{"line":24,"column":13},"end":{"line":24,"column":39}},"15":{"start":{"line":25,"column":13},"end":{"line":25,"column":44}},"16":{"start":{"line":28,"column":13},"end":{"line":28,"column":37}},"17":{"start":{"line":29,"column":13},"end":{"line":29,"column":38}},"18":{"start":{"line":30,"column":13},"end":{"line":30,"column":38}},"19":{"start":{"line":31,"column":13},"end":{"line":31,"column":38}},"20":{"start":{"line":32,"column":13},"end":{"line":32,"column":36}},"21":{"start":{"line":33,"column":13},"end":{"line":33,"column":37}},"22":{"start":{"line":34,"column":13},"end":{"line":34,"column":45}},"23":{"start":{"line":35,"column":13},"end":{"line":35,"column":35}},"24":{"start":{"line":36,"column":13},"end":{"line":36,"column":36}},"25":{"start":{"line":39,"column":13},"end":{"line":39,"column":37}},"26":{"start":{"line":40,"column":13},"end":{"line":40,"column":38}},"27":{"start":{"line":43,"column":13},"end":{"line":43,"column":41}},"28":{"start":{"line":44,"column":13},"end":{"line":44,"column":43}},"29":{"start":{"line":47,"column":13},"end":{"line":47,"column":53}},"30":{"start":{"line":49,"column":13},"end":{"line":57,"column":2}},"31":{"start":{"line":75,"column":0},"end":{"line":75,"column":null}},"32":{"start":{"line":76,"column":4},"end":{"line":76,"column":null}},"33":{"start":{"line":77,"column":4},"end":{"line":77,"column":null}},"34":{"start":{"line":78,"column":4},"end":{"line":78,"column":null}},"35":{"start":{"line":79,"column":4},"end":{"line":79,"column":null}},"36":{"start":{"line":80,"column":4},"end":{"line":80,"column":null}},"37":{"start":{"line":81,"column":4},"end":{"line":81,"column":null}},"38":{"start":{"line":82,"column":4},"end":{"line":82,"column":null}},"39":{"start":{"line":96,"column":0},"end":{"line":96,"column":null}},"40":{"start":{"line":97,"column":4},"end":{"line":97,"column":null}},"41":{"start":{"line":98,"column":4},"end":{"line":98,"column":null}},"42":{"start":{"line":99,"column":4},"end":{"line":99,"column":null}},"43":{"start":{"line":100,"column":4},"end":{"line":100,"column":null}},"44":{"start":{"line":101,"column":4},"end":{"line":101,"column":null}},"45":{"start":{"line":263,"column":0},"end":{"line":263,"column":null}},"46":{"start":{"line":264,"column":4},"end":{"line":264,"column":null}},"47":{"start":{"line":265,"column":4},"end":{"line":265,"column":null}}},"fnMap":{"0":{"name":"(anonymous_0)","decl":{"start":{"line":75,"column":0},"end":{"line":75,"column":12}},"loc":{"start":{"line":75,"column":21},"end":{"line":83,"column":1}}},"1":{"name":"(anonymous_1)","decl":{"start":{"line":96,"column":0},"end":{"line":96,"column":12}},"loc":{"start":{"line":96,"column":27},"end":{"line":102,"column":1}}},"2":{"name":"(anonymous_2)","decl":{"start":{"line":263,"column":0},"end":{"line":263,"column":12}},"loc":{"start":{"line":263,"column":22},"end":{"line":266,"column":1}}}},"branchMap":{"0":{"loc":{"start":{"line":75,"column":12},"end":{"line":75,"column":null}},"type":"binary-expr","locations":[{"start":{"line":75,"column":12},"end":{"line":75,"column":21}},{"start":{"line":75,"column":12},"end":{"line":75,"column":null}}]},"1":{"loc":{"start":{"line":96,"column":12},"end":{"line":96,"column":null}},"type":"binary-expr","locations":[{"start":{"line":96,"column":12},"end":{"line":96,"column":27}},{"start":{"line":96,"column":12},"end":{"line":96,"column":null}}]},"2":{"loc":{"start":{"line":263,"column":12},"end":{"line":263,"column":null}},"type":"binary-expr","locations":[{"start":{"line":263,"column":12},"end":{"line":263,"column":22}},{"start":{"line":263,"column":12},"end":{"line":263,"column":null}}]}},"s":{"0":10,"1":10,"2":10,"3":10,"4":10,"5":10,"6":10,"7":10,"8":10,"9":10,"10":10,"11":10,"12":10,"13":10,"14":10,"15":10,"16":10,"17":10,"18":10,"19":10,"20":10,"21":10,"22":10,"23":10,"24":10,"25":10,"26":10,"27":10,"28":10,"29":10,"30":10,"31":10,"32":10,"33":10,"34":10,"35":10,"36":10,"37":10,"38":10,"39":10,"40":10,"41":10,"42":10,"43":10,"44":10,"45":10,"46":10,"47":10},"f":{"0":10,"1":10,"2":10},"b":{"0":[10,10],"1":[10,10],"2":[10,10]}}
}
