TN:
SF:src/dataStore.ts
FN:24,getData
FN:31,setData
FNF:2
FNH:2
FNDA:8,getData
FNDA:8,setData
DA:2,1
DA:4,1
DA:25,8
DA:26,8
DA:27,8
DA:32,8
DA:35,1
LF:7
LH:7
BRF:0
BRH:0
end_of_record
TN:
SF:src/echo.js
FN:2,echo
FNF:1
FNH:1
FNDA:3,echo
DA:3,3
DA:5,1
DA:7,2
DA:10,1
LF:4
LH:4
BRDA:3,0,0,1
BRDA:3,1,0,3
BRDA:3,1,1,1
BRF:3
BRH:3
end_of_record
TN:
SF:src/helper.ts
FN:35,hashPassword
FN:46,verifyHashedPassword
FN:73,getUserSessionByToken
FN:74,(anonymous_10)
FN:77,getQuizSessionById
FN:78,(anonymous_12)
FN:89,getQuizSessionByPlayerId
FN:90,(anonymous_14)
FN:90,(anonymous_15)
FN:101,getUserById
FN:102,(anonymous_17)
FN:112,getUserByEmail
FN:113,(anonymous_19)
FN:124,getQuizById
FN:126,(anonymous_21)
FN:136,getSumOfQuestionDurations
FN:137,(anonymous_23)
FN:146,getRandomColour
FN:159,getQuestionById
FN:162,(anonymous_26)
FN:174,getQuestionPosition
FN:177,(anonymous_28)
FN:188,getQuizzesByEmail
FN:191,(anonymous_30)
FN:204,isOwnedByUser
FN:206,(anonymous_32)
FN:216,generateUniqueId
FN:229,isDuplicateQuizName
FN:230,(anonymous_35)
FN:239,isDescriptionValid
FN:253,isValidString
FN:271,generateAnswersArray
FN:272,(anonymous_39)
FN:292,arrayMovePositions
FN:302,getCurrentTimeInSeconds
FN:306,getNumActiveSessions
FN:307,(anonymous_43)
FN:310,calculateQuestionResult
FN:317,(anonymous_45)
FN:317,(anonymous_46)
FN:318,(anonymous_47)
FN:321,(anonymous_48)
FN:324,(anonymous_49)
FN:341,(anonymous_50)
FN:344,(anonymous_51)
FN:349,(anonymous_52)
FN:355,arraysEqual
FN:368,(anonymous_54)
FN:377,(anonymous_55)
FN:395,(anonymous_56)
FN:402,(anonymous_57)
FN:415,(anonymous_58)
FN:424,(anonymous_59)
FN:436,(anonymous_60)
FN:447,changeState
FN:456,generateRandomName
FN:479,shuffleString
FN:493,isNameUnique
FN:494,(anonymous_65)
FN:495,(anonymous_66)
FN:498,getQuizSessions
FN:499,(anonymous_68)
FN:504,hasDuplicates
FN:508,hasValidAnswerId
FN:510,(anonymous_71)
FN:526,getPlayerSortedScores
FN:527,(anonymous_73)
FN:532,(anonymous_74)
FN:535,checkValidImage
FN:565,getPlayerById
FNF:70
FNH:6
FNDA:0,hashPassword
FNDA:0,verifyHashedPassword
FNDA:8,getUserSessionByToken
FNDA:8,(anonymous_10)
FNDA:0,getQuizSessionById
FNDA:0,(anonymous_12)
FNDA:0,getQuizSessionByPlayerId
FNDA:0,(anonymous_14)
FNDA:0,(anonymous_15)
FNDA:0,getUserById
FNDA:0,(anonymous_17)
FNDA:0,getUserByEmail
FNDA:0,(anonymous_19)
FNDA:8,getQuizById
FNDA:8,(anonymous_21)
FNDA:0,getSumOfQuestionDurations
FNDA:0,(anonymous_23)
FNDA:0,getRandomColour
FNDA:0,getQuestionById
FNDA:0,(anonymous_26)
FNDA:0,getQuestionPosition
FNDA:0,(anonymous_28)
FNDA:0,getQuizzesByEmail
FNDA:0,(anonymous_30)
FNDA:0,isOwnedByUser
FNDA:0,(anonymous_32)
FNDA:8,generateUniqueId
FNDA:0,isDuplicateQuizName
FNDA:0,(anonymous_35)
FNDA:0,isDescriptionValid
FNDA:0,isValidString
FNDA:0,generateAnswersArray
FNDA:0,(anonymous_39)
FNDA:0,arrayMovePositions
FNDA:0,getCurrentTimeInSeconds
FNDA:8,getNumActiveSessions
FNDA:0,(anonymous_43)
FNDA:0,calculateQuestionResult
FNDA:0,(anonymous_45)
FNDA:0,(anonymous_46)
FNDA:0,(anonymous_47)
FNDA:0,(anonymous_48)
FNDA:0,(anonymous_49)
FNDA:0,(anonymous_50)
FNDA:0,(anonymous_51)
FNDA:0,(anonymous_52)
FNDA:0,arraysEqual
FNDA:0,(anonymous_54)
FNDA:0,(anonymous_55)
FNDA:0,(anonymous_56)
FNDA:0,(anonymous_57)
FNDA:0,(anonymous_58)
FNDA:0,(anonymous_59)
FNDA:0,(anonymous_60)
FNDA:0,changeState
FNDA:0,generateRandomName
FNDA:0,shuffleString
FNDA:0,isNameUnique
FNDA:0,(anonymous_65)
FNDA:0,(anonymous_66)
FNDA:0,getQuizSessions
FNDA:0,(anonymous_68)
FNDA:0,hasDuplicates
FNDA:0,hasValidAnswerId
FNDA:0,(anonymous_71)
FNDA:0,getPlayerSortedScores
FNDA:0,(anonymous_73)
FNDA:0,(anonymous_74)
FNDA:0,checkValidImage
FNDA:0,getPlayerById
DA:1,1
DA:5,1
DA:25,1
DA:27,1
DA:29,1
DA:35,1
DA:36,0
DA:37,0
DA:38,0
DA:40,0
DA:42,0
DA:43,0
DA:46,1
DA:47,0
DA:49,0
DA:50,0
DA:51,0
DA:53,0
DA:61,0
DA:73,1
DA:74,8
DA:77,1
DA:78,0
DA:89,1
DA:90,0
DA:101,1
DA:102,0
DA:112,1
DA:113,0
DA:124,1
DA:125,8
DA:126,8
DA:136,1
DA:137,0
DA:147,0
DA:148,0
DA:159,1
DA:160,0
DA:162,0
DA:174,1
DA:175,0
DA:177,0
DA:188,1
DA:189,0
DA:190,0
DA:191,0
DA:192,0
DA:204,1
DA:205,0
DA:206,0
DA:216,1
DA:217,8
DA:218,8
DA:229,1
DA:230,0
DA:239,1
DA:240,0
DA:253,1
DA:254,0
DA:255,0
DA:256,0
DA:259,0
DA:260,0
DA:271,1
DA:272,0
DA:273,0
DA:292,1
DA:293,0
DA:294,0
DA:302,1
DA:303,0
DA:306,1
DA:307,8
DA:311,0
DA:314,0
DA:317,0
DA:318,0
DA:319,0
DA:320,0
DA:321,0
DA:324,0
DA:325,0
DA:328,0
DA:330,0
DA:332,0
DA:339,0
DA:341,0
DA:342,0
DA:343,0
DA:345,0
DA:349,0
DA:350,0
DA:351,0
DA:355,1
DA:356,0
DA:357,0
DA:359,0
DA:360,0
DA:361,0
DA:364,0
DA:367,1
DA:369,0
DA:370,0
DA:371,0
DA:372,0
DA:375,0
DA:378,0
DA:379,0
DA:381,0
DA:382,0
DA:392,0
DA:393,0
DA:395,0
DA:397,0
DA:398,0
DA:403,0
DA:404,0
DA:406,0
DA:407,0
DA:411,0
DA:412,0
DA:414,0
DA:415,0
DA:417,0
DA:419,0
DA:425,0
DA:426,0
DA:427,0
DA:428,0
DA:431,0
DA:432,0
DA:434,0
DA:437,0
DA:438,0
DA:439,0
DA:440,0
DA:443,0
DA:447,1
DA:448,0
DA:456,1
DA:457,0
DA:458,0
DA:461,0
DA:462,0
DA:465,0
DA:466,0
DA:468,0
DA:471,0
DA:480,0
DA:481,0
DA:482,0
DA:483,0
DA:485,0
DA:493,1
DA:494,0
DA:495,0
DA:498,1
DA:499,0
DA:500,0
DA:504,1
DA:505,0
DA:508,1
DA:509,0
DA:510,0
DA:511,0
DA:515,0
DA:526,1
DA:527,0
DA:528,0
DA:532,0
DA:535,1
DA:536,0
DA:537,0
DA:540,0
DA:541,0
DA:544,0
DA:545,0
DA:565,1
DA:566,0
DA:568,0
DA:569,0
DA:570,0
DA:571,0
LF:183
LH:43
BRDA:124,0,0,8
BRDA:125,1,0,0
BRDA:125,1,1,8
BRDA:206,2,0,0
BRDA:206,2,1,0
BRDA:230,3,0,0
BRDA:230,3,1,0
BRDA:255,4,0,0
BRDA:255,5,0,0
BRDA:255,5,1,0
BRDA:259,6,0,0
BRDA:307,7,0,0
BRDA:307,7,1,0
BRDA:319,8,0,0
BRDA:335,9,0,0
BRDA:335,9,1,0
BRDA:342,10,0,0
BRDA:356,11,0,0
BRDA:360,12,0,0
BRDA:371,13,0,0
BRDA:381,14,0,0
BRDA:381,15,0,0
BRDA:381,15,1,0
BRDA:381,15,2,0
BRDA:397,16,0,0
BRDA:406,17,0,0
BRDA:414,18,0,0
BRDA:417,19,0,0
BRDA:427,20,0,0
BRDA:427,21,0,0
BRDA:427,21,1,0
BRDA:431,22,0,0
BRDA:439,23,0,0
BRDA:439,24,0,0
BRDA:439,24,1,0
BRDA:510,25,0,0
BRDA:536,26,0,0
BRDA:540,27,0,0
BRDA:544,28,0,0
BRDA:570,29,0,0
BRF:40
BRH:2
end_of_record
TN:
SF:src/quiz.ts
FN:114,adminQuizCreate
FN:162,adminQuizRemove
FN:180,(anonymous_3)
FN:187,(anonymous_4)
FN:207,adminQuizInfo
FN:246,adminQuizDescriptionUpdate
FN:282,adminQuizNameUpdate
FN:326,adminQuizList
FN:334,(anonymous_9)
FN:335,(anonymous_10)
FN:356,adminQuizCreateQuestion
FN:406,(anonymous_12)
FN:411,(anonymous_13)
FN:417,(anonymous_14)
FN:458,adminQuizUpdateQuestion
FN:508,(anonymous_16)
FN:513,(anonymous_17)
FN:519,(anonymous_18)
FN:556,adminQuizTransfer
FN:578,(anonymous_20)
FN:583,(anonymous_21)
FN:603,adminQuizEmptyTrash
FN:611,(anonymous_23)
FN:618,(anonymous_24)
FN:626,(anonymous_25)
FN:645,adminQuizTrash
FN:653,(anonymous_27)
FN:654,(anonymous_28)
FN:674,adminQuizRestore
FN:693,(anonymous_30)
FN:712,adminQuizQuestionMove
FN:757,adminQuizDeleteQuestion
FN:777,(anonymous_33)
FN:782,(anonymous_34)
FN:798,adminQuizQuestionDuplicate
FN:846,createQuizSession
FN:900,updateSessionState
FN:928,getQuizSessionResults
FN:951,(anonymous_39)
FN:968,playerQuestionAnswer
FN:994,(anonymous_41)
FN:1015,playerQuestionResults
FN:1047,playerJoin
FN:1081,playerSendChatMessage
FN:1122,playerFinalResults
FN:1138,(anonymous_46)
FN:1155,adminQuizUpdateThumbnail
FN:1175,getFinalResultsAsCsv
FN:1202,(anonymous_49)
FN:1210,(anonymous_50)
FN:1212,(anonymous_51)
FN:1213,(anonymous_52)
FN:1213,(anonymous_53)
FN:1218,(anonymous_54)
FN:1221,(anonymous_55)
FN:1226,(anonymous_56)
FN:1234,(anonymous_57)
FN:1236,(anonymous_58)
FN:1270,getSessionStatus
FN:1315,playerCurrentQuestionInfo
FN:1360,adminQuizViewSessions
FN:1373,(anonymous_62)
FN:1374,(anonymous_63)
FN:1375,(anonymous_64)
FN:1378,(anonymous_65)
FN:1379,(anonymous_66)
FN:1380,(anonymous_67)
FN:1395,playerStatus
FN:1410,playerGetAllMessages
FNF:69
FNH:1
FNDA:0,adminQuizCreate
FNDA:0,adminQuizRemove
FNDA:0,(anonymous_3)
FNDA:0,(anonymous_4)
FNDA:0,adminQuizInfo
FNDA:0,adminQuizDescriptionUpdate
FNDA:0,adminQuizNameUpdate
FNDA:0,adminQuizList
FNDA:0,(anonymous_9)
FNDA:0,(anonymous_10)
FNDA:0,adminQuizCreateQuestion
FNDA:0,(anonymous_12)
FNDA:0,(anonymous_13)
FNDA:0,(anonymous_14)
FNDA:0,adminQuizUpdateQuestion
FNDA:0,(anonymous_16)
FNDA:0,(anonymous_17)
FNDA:0,(anonymous_18)
FNDA:0,adminQuizTransfer
FNDA:0,(anonymous_20)
FNDA:0,(anonymous_21)
FNDA:0,adminQuizEmptyTrash
FNDA:0,(anonymous_23)
FNDA:0,(anonymous_24)
FNDA:0,(anonymous_25)
FNDA:0,adminQuizTrash
FNDA:0,(anonymous_27)
FNDA:0,(anonymous_28)
FNDA:0,adminQuizRestore
FNDA:0,(anonymous_30)
FNDA:0,adminQuizQuestionMove
FNDA:0,adminQuizDeleteQuestion
FNDA:0,(anonymous_33)
FNDA:0,(anonymous_34)
FNDA:0,adminQuizQuestionDuplicate
FNDA:8,createQuizSession
FNDA:0,updateSessionState
FNDA:0,getQuizSessionResults
FNDA:0,(anonymous_39)
FNDA:0,playerQuestionAnswer
FNDA:0,(anonymous_41)
FNDA:0,playerQuestionResults
FNDA:0,playerJoin
FNDA:0,playerSendChatMessage
FNDA:0,playerFinalResults
FNDA:0,(anonymous_46)
FNDA:0,adminQuizUpdateThumbnail
FNDA:0,getFinalResultsAsCsv
FNDA:0,(anonymous_49)
FNDA:0,(anonymous_50)
FNDA:0,(anonymous_51)
FNDA:0,(anonymous_52)
FNDA:0,(anonymous_53)
FNDA:0,(anonymous_54)
FNDA:0,(anonymous_55)
FNDA:0,(anonymous_56)
FNDA:0,(anonymous_57)
FNDA:0,(anonymous_58)
FNDA:0,getSessionStatus
FNDA:0,playerCurrentQuestionInfo
FNDA:0,adminQuizViewSessions
FNDA:0,(anonymous_62)
FNDA:0,(anonymous_63)
FNDA:0,(anonymous_64)
FNDA:0,(anonymous_65)
FNDA:0,(anonymous_66)
FNDA:0,(anonymous_67)
FNDA:0,playerStatus
FNDA:0,playerGetAllMessages
DA:1,1
DA:6,1
DA:39,1
DA:100,1
DA:101,1
DA:102,1
DA:103,1
DA:114,1
DA:115,0
DA:116,0
DA:117,0
DA:118,0
DA:121,0
DA:122,0
DA:123,0
DA:125,0
DA:126,0
DA:128,0
DA:129,0
DA:132,0
DA:133,0
DA:144,0
DA:146,0
DA:147,0
DA:149,0
DA:162,1
DA:163,0
DA:164,0
DA:165,0
DA:166,0
DA:169,0
DA:170,0
DA:171,0
DA:172,0
DA:174,0
DA:175,0
DA:178,0
DA:179,0
DA:180,0
DA:181,0
DA:185,0
DA:186,0
DA:187,0
DA:188,0
DA:190,0
DA:207,1
DA:208,0
DA:210,0
DA:211,0
DA:212,0
DA:215,0
DA:216,0
DA:217,0
DA:218,0
DA:220,0
DA:221,0
DA:224,0
DA:246,1
DA:247,0
DA:249,0
DA:250,0
DA:251,0
DA:254,0
DA:255,0
DA:256,0
DA:257,0
DA:259,0
DA:260,0
DA:262,0
DA:263,0
DA:266,0
DA:267,0
DA:268,0
DA:270,0
DA:282,1
DA:283,0
DA:285,0
DA:286,0
DA:287,0
DA:290,0
DA:291,0
DA:292,0
DA:293,0
DA:295,0
DA:296,0
DA:298,0
DA:299,0
DA:301,0
DA:302,0
DA:305,0
DA:306,0
DA:307,0
DA:309,0
DA:326,1
DA:327,0
DA:328,0
DA:329,0
DA:330,0
DA:333,0
DA:334,0
DA:335,0
DA:336,0
DA:342,0
DA:356,1
DA:357,0
DA:358,0
DA:359,0
DA:361,0
DA:362,0
DA:365,0
DA:366,0
DA:367,0
DA:368,0
DA:371,0
DA:372,0
DA:375,0
DA:376,0
DA:379,0
DA:380,0
DA:381,0
DA:384,0
DA:385,0
DA:388,0
DA:389,0
DA:392,0
DA:393,0
DA:394,0
DA:395,0
DA:398,0
DA:399,0
DA:402,0
DA:403,0
DA:406,0
DA:407,0
DA:408,0
DA:411,0
DA:412,0
DA:413,0
DA:414,0
DA:417,0
DA:418,0
DA:419,0
DA:422,0
DA:423,0
DA:424,0
DA:425,0
DA:428,0
DA:435,0
DA:437,0
DA:438,0
DA:439,0
DA:440,0
DA:441,0
DA:443,0
DA:458,1
DA:459,0
DA:460,0
DA:461,0
DA:463,0
DA:464,0
DA:467,0
DA:468,0
DA:469,0
DA:472,0
DA:473,0
DA:474,0
DA:477,0
DA:478,0
DA:481,0
DA:482,0
DA:483,0
DA:486,0
DA:487,0
DA:490,0
DA:491,0
DA:494,0
DA:495,0
DA:496,0
DA:497,0
DA:500,0
DA:501,0
DA:504,0
DA:505,0
DA:508,0
DA:509,0
DA:510,0
DA:513,0
DA:514,0
DA:515,0
DA:516,0
DA:519,0
DA:520,0
DA:521,0
DA:524,0
DA:525,0
DA:526,0
DA:528,0
DA:529,0
DA:530,0
DA:533,0
DA:534,0
DA:535,0
DA:536,0
DA:537,0
DA:538,0
DA:540,0
DA:541,0
DA:542,0
DA:544,0
DA:556,1
DA:557,0
DA:558,0
DA:559,0
DA:560,0
DA:563,0
DA:564,0
DA:565,0
DA:566,0
DA:568,0
DA:569,0
DA:571,0
DA:572,0
DA:574,0
DA:575,0
DA:577,0
DA:578,0
DA:579,0
DA:581,0
DA:582,0
DA:583,0
DA:584,0
DA:588,0
DA:589,0
DA:590,0
DA:592,0
DA:603,1
DA:604,0
DA:605,0
DA:606,0
DA:607,0
DA:609,0
DA:611,0
DA:612,0
DA:614,0
DA:615,0
DA:618,0
DA:619,0
DA:620,0
DA:622,0
DA:623,0
DA:626,0
DA:627,0
DA:629,0
DA:645,1
DA:646,0
DA:647,0
DA:648,0
DA:649,0
DA:651,0
DA:653,0
DA:654,0
DA:655,0
DA:661,0
DA:674,1
DA:675,0
DA:676,0
DA:677,0
DA:678,0
DA:681,0
DA:682,0
DA:683,0
DA:684,0
DA:686,0
DA:687,0
DA:690,0
DA:691,0
DA:693,0
DA:694,0
DA:696,0
DA:697,0
DA:699,0
DA:712,1
DA:713,0
DA:714,0
DA:715,0
DA:716,0
DA:719,0
DA:720,0
DA:721,0
DA:722,0
DA:724,0
DA:725,0
DA:728,0
DA:729,0
DA:730,0
DA:732,0
DA:733,0
DA:735,0
DA:736,0
DA:737,0
DA:740,0
DA:741,0
DA:743,0
DA:745,0
DA:757,1
DA:758,0
DA:759,0
DA:760,0
DA:761,0
DA:764,0
DA:765,0
DA:766,0
DA:767,0
DA:770,0
DA:771,0
DA:772,0
DA:775,0
DA:776,0
DA:777,0
DA:778,0
DA:782,0
DA:783,0
DA:784,0
DA:785,0
DA:787,0
DA:798,1
DA:799,0
DA:800,0
DA:801,0
DA:802,0
DA:805,0
DA:806,0
DA:807,0
DA:808,0
DA:810,0
DA:811,0
DA:814,0
DA:815,0
DA:816,0
DA:819,0
DA:820,0
DA:821,0
DA:823,0
DA:824,0
DA:826,0
DA:827,0
DA:828,0
DA:829,0
DA:831,0
DA:833,0
DA:846,1
DA:847,8
DA:848,8
DA:849,8
DA:850,0
DA:853,8
DA:854,8
DA:855,0
DA:858,8
DA:859,0
DA:862,8
DA:863,0
DA:866,8
DA:867,8
DA:868,0
DA:871,8
DA:872,8
DA:882,8
DA:883,8
DA:885,8
DA:900,1
DA:901,0
DA:902,0
DA:903,0
DA:904,0
DA:907,0
DA:908,0
DA:909,0
DA:912,0
DA:914,0
DA:918,0
DA:919,0
DA:922,0
DA:923,0
DA:925,0
DA:928,1
DA:929,0
DA:930,0
DA:931,0
DA:932,0
DA:935,0
DA:936,0
DA:937,0
DA:940,0
DA:942,0
DA:945,0
DA:946,0
DA:949,0
DA:951,0
DA:953,0
DA:968,1
DA:969,0
DA:970,0
DA:972,0
DA:973,0
DA:975,0
DA:976,0
DA:978,0
DA:979,0
DA:981,0
DA:982,0
DA:984,0
DA:985,0
DA:987,0
DA:988,0
DA:990,0
DA:991,0
DA:994,0
DA:995,0
DA:996,0
DA:997,0
DA:999,0
DA:1015,1
DA:1016,0
DA:1017,0
DA:1018,0
DA:1019,0
DA:1022,0
DA:1023,0
DA:1026,0
DA:1027,0
DA:1028,0
DA:1031,0
DA:1032,0
DA:1036,0
DA:1037,0
DA:1039,0
DA:1047,1
DA:1048,0
DA:1049,0
DA:1051,0
DA:1052,0
DA:1054,0
DA:1055,0
DA:1058,0
DA:1059,0
DA:1060,0
DA:1062,0
DA:1063,0
DA:1066,0
DA:1073,0
DA:1074,0
DA:1076,0
DA:1081,1
DA:1082,0
DA:1083,0
DA:1084,0
DA:1087,0
DA:1088,0
DA:1089,0
DA:1092,0
DA:1093,0
DA:1100,0
DA:1102,0
DA:1122,1
DA:1123,0
DA:1124,0
DA:1126,0
DA:1127,0
DA:1130,0
DA:1131,0
DA:1135,0
DA:1138,0
DA:1140,0
DA:1155,1
DA:1156,0
DA:1157,0
DA:1158,0
DA:1159,0
DA:1162,0
DA:1163,0
DA:1164,0
DA:1167,0
DA:1169,0
DA:1170,0
DA:1172,0
DA:1175,1
DA:1176,0
DA:1177,0
DA:1178,0
DA:1179,0
DA:1182,0
DA:1183,0
DA:1184,0
DA:1187,0
DA:1189,0
DA:1192,0
DA:1193,0
DA:1197,0
DA:1198,0
DA:1201,0
DA:1202,0
DA:1203,0
DA:1204,0
DA:1206,0
DA:1210,0
DA:1211,0
DA:1212,0
DA:1213,0
DA:1214,0
DA:1215,0
DA:1216,0
DA:1218,0
DA:1219,0
DA:1220,0
DA:1222,0
DA:1225,0
DA:1226,0
DA:1228,0
DA:1229,0
DA:1232,0
DA:1234,0
DA:1236,0
DA:1237,0
DA:1240,0
DA:1242,0
DA:1243,0
DA:1246,0
DA:1247,0
DA:1248,0
DA:1250,0
DA:1251,0
DA:1270,1
DA:1271,0
DA:1272,0
DA:1273,0
DA:1274,0
DA:1278,0
DA:1279,0
DA:1280,0
DA:1283,0
DA:1285,0
DA:1287,0
DA:1288,0
DA:1291,0
DA:1292,0
DA:1295,0
DA:1307,0
DA:1315,1
DA:1316,0
DA:1317,0
DA:1318,0
DA:1319,0
DA:1322,0
DA:1324,0
DA:1325,0
DA:1328,0
DA:1329,0
DA:1332,0
DA:1333,0
DA:1336,0
DA:1338,0
DA:1360,1
DA:1361,0
DA:1363,0
DA:1364,0
DA:1365,0
DA:1368,0
DA:1369,0
DA:1372,0
DA:1373,0
DA:1374,0
DA:1375,0
DA:1377,0
DA:1378,0
DA:1379,0
DA:1380,0
DA:1382,0
DA:1395,1
DA:1396,0
DA:1398,0
DA:1399,0
DA:1400,0
DA:1403,0
DA:1410,1
DA:1411,0
DA:1412,0
DA:1413,0
DA:1414,0
DA:1417,0
DA:1419,0
LF:591
LH:51
BRDA:114,0,0,0
BRDA:117,1,0,0
BRDA:122,2,0,0
BRDA:125,3,0,0
BRDA:128,4,0,0
BRDA:144,5,0,0
BRDA:162,6,0,0
BRDA:165,7,0,0
BRDA:171,8,0,0
BRDA:174,9,0,0
BRDA:178,10,0,0
BRDA:180,11,0,0
BRDA:211,12,0,0
BRDA:217,13,0,0
BRDA:220,14,0,0
BRDA:250,15,0,0
BRDA:256,16,0,0
BRDA:259,17,0,0
BRDA:262,18,0,0
BRDA:286,19,0,0
BRDA:292,20,0,0
BRDA:295,21,0,0
BRDA:298,22,0,0
BRDA:301,23,0,0
BRDA:329,24,0,0
BRDA:356,25,0,0
BRDA:361,26,0,0
BRDA:367,27,0,0
BRDA:371,28,0,0
BRDA:375,29,0,0
BRDA:380,30,0,0
BRDA:384,31,0,0
BRDA:388,32,0,0
BRDA:394,33,0,0
BRDA:398,34,0,0
BRDA:402,35,0,0
BRDA:406,36,0,0
BRDA:406,36,1,0
BRDA:407,37,0,0
BRDA:413,38,0,0
BRDA:418,39,0,0
BRDA:424,40,0,0
BRDA:435,41,0,0
BRDA:458,42,0,0
BRDA:463,43,0,0
BRDA:468,44,0,0
BRDA:473,45,0,0
BRDA:477,46,0,0
BRDA:482,47,0,0
BRDA:486,48,0,0
BRDA:490,49,0,0
BRDA:496,50,0,0
BRDA:500,51,0,0
BRDA:504,52,0,0
BRDA:508,53,0,0
BRDA:508,53,1,0
BRDA:509,54,0,0
BRDA:515,55,0,0
BRDA:520,56,0,0
BRDA:525,57,0,0
BRDA:529,58,0,0
BRDA:538,59,0,0
BRDA:556,60,0,0
BRDA:559,61,0,0
BRDA:568,62,0,0
BRDA:571,63,0,0
BRDA:574,64,0,0
BRDA:578,65,0,0
BRDA:581,66,0,0
BRDA:583,67,0,0
BRDA:606,68,0,0
BRDA:612,69,0,0
BRDA:612,69,1,0
BRDA:614,70,0,0
BRDA:620,71,0,0
BRDA:620,71,1,0
BRDA:622,72,0,0
BRDA:648,73,0,0
BRDA:677,74,0,0
BRDA:683,75,0,0
BRDA:683,76,0,0
BRDA:683,76,1,0
BRDA:686,77,0,0
BRDA:690,78,0,0
BRDA:715,79,0,0
BRDA:721,80,0,0
BRDA:724,81,0,0
BRDA:729,82,0,0
BRDA:732,83,0,0
BRDA:732,84,0,0
BRDA:732,84,1,0
BRDA:736,85,0,0
BRDA:757,86,0,0
BRDA:760,87,0,0
BRDA:766,88,0,0
BRDA:766,89,0,0
BRDA:766,89,1,0
BRDA:771,90,0,0
BRDA:775,91,0,0
BRDA:777,92,0,0
BRDA:801,93,0,0
BRDA:807,94,0,0
BRDA:810,95,0,0
BRDA:815,96,0,0
BRDA:849,97,0,0
BRDA:854,98,0,0
BRDA:854,99,0,8
BRDA:854,99,1,8
BRDA:858,100,0,0
BRDA:862,101,0,0
BRDA:867,102,0,0
BRDA:903,103,0,0
BRDA:908,104,0,0
BRDA:908,105,0,0
BRDA:908,105,1,0
BRDA:912,106,0,0
BRDA:918,107,0,0
BRDA:931,108,0,0
BRDA:936,109,0,0
BRDA:936,110,0,0
BRDA:936,110,1,0
BRDA:940,111,0,0
BRDA:945,112,0,0
BRDA:972,113,0,0
BRDA:975,114,0,0
BRDA:975,115,0,0
BRDA:975,115,1,0
BRDA:978,116,0,0
BRDA:981,117,0,0
BRDA:984,118,0,0
BRDA:987,119,0,0
BRDA:990,120,0,0
BRDA:1018,121,0,0
BRDA:1022,122,0,0
BRDA:1022,123,0,0
BRDA:1022,123,1,0
BRDA:1027,124,0,0
BRDA:1031,125,0,0
BRDA:1051,126,0,0
BRDA:1054,127,0,0
BRDA:1059,128,0,0
BRDA:1062,129,0,0
BRDA:1083,130,0,0
BRDA:1083,131,0,0
BRDA:1083,131,1,0
BRDA:1088,132,0,0
BRDA:1126,133,0,0
BRDA:1130,134,0,0
BRDA:1158,135,0,0
BRDA:1163,136,0,0
BRDA:1163,137,0,0
BRDA:1163,137,1,0
BRDA:1178,138,0,0
BRDA:1183,139,0,0
BRDA:1183,140,0,0
BRDA:1183,140,1,0
BRDA:1187,141,0,0
BRDA:1192,142,0,0
BRDA:1214,143,0,0
BRDA:1214,143,1,0
BRDA:1219,144,0,0
BRDA:1242,145,0,0
BRDA:1273,146,0,0
BRDA:1279,147,0,0
BRDA:1287,148,0,0
BRDA:1291,149,0,0
BRDA:1318,150,0,0
BRDA:1324,151,0,0
BRDA:1324,152,0,0
BRDA:1324,152,1,0
BRDA:1328,153,0,0
BRDA:1332,154,0,0
BRDA:1332,155,0,0
BRDA:1332,155,1,0
BRDA:1364,156,0,0
BRDA:1368,157,0,0
BRDA:1399,158,0,0
BRDA:1413,159,0,0
BRF:178
BRH:2
end_of_record
TN:
SF:src/testHelper.ts
FN:14,(anonymous_1)
FN:21,(anonymous_2)
FN:28,(anonymous_3)
FN:35,(anonymous_4)
FN:43,(anonymous_5)
FN:48,(anonymous_6)
FN:53,(anonymous_7)
FN:59,(anonymous_8)
FN:65,(anonymous_9)
FN:273,(anonymous_10)
FN:325,(anonymous_11)
FN:329,(anonymous_12)
FN:333,(anonymous_13)
FN:337,(anonymous_14)
FN:341,(anonymous_15)
FN:345,(anonymous_16)
FN:349,(anonymous_17)
FN:353,(anonymous_18)
FN:357,(anonymous_19)
FN:361,(anonymous_20)
FN:367,(anonymous_21)
FN:371,(anonymous_22)
FN:375,(anonymous_23)
FN:379,(anonymous_24)
FN:383,(anonymous_25)
FN:387,(anonymous_26)
FN:391,(anonymous_27)
FN:395,(anonymous_28)
FN:399,(anonymous_29)
FN:403,(anonymous_30)
FN:407,(anonymous_31)
FN:411,(anonymous_32)
FN:417,(anonymous_33)
FN:420,(anonymous_34)
FN:424,(anonymous_35)
FN:428,(anonymous_36)
FN:432,(anonymous_37)
FN:436,(anonymous_38)
FN:440,(anonymous_39)
FN:444,(anonymous_40)
FN:448,(anonymous_41)
FN:452,(anonymous_42)
FN:456,(anonymous_43)
FN:460,(anonymous_44)
FN:464,(anonymous_45)
FN:468,(anonymous_46)
FN:473,(anonymous_47)
FN:477,(anonymous_48)
FN:481,(anonymous_49)
FN:485,(anonymous_50)
FN:489,(anonymous_51)
FN:493,(anonymous_52)
FN:497,(anonymous_53)
FN:503,(anonymous_54)
FN:507,(anonymous_55)
FN:511,(anonymous_56)
FN:515,(anonymous_57)
FN:519,(anonymous_58)
FN:523,(anonymous_59)
FN:527,(anonymous_60)
FN:531,(anonymous_61)
FN:535,(anonymous_62)
FN:539,(anonymous_63)
FN:543,(anonymous_64)
FN:547,(anonymous_65)
FN:551,(anonymous_66)
FNF:66
FNH:66
FNDA:38,(anonymous_1)
FNDA:38,(anonymous_2)
FNDA:38,(anonymous_3)
FNDA:38,(anonymous_4)
FNDA:38,(anonymous_5)
FNDA:38,(anonymous_6)
FNDA:38,(anonymous_7)
FNDA:38,(anonymous_8)
FNDA:38,(anonymous_9)
FNDA:2629,(anonymous_10)
FNDA:527,(anonymous_11)
FNDA:23,(anonymous_12)
FNDA:29,(anonymous_13)
FNDA:5,(anonymous_14)
FNDA:403,(anonymous_15)
FNDA:42,(anonymous_16)
FNDA:33,(anonymous_17)
FNDA:14,(anonymous_18)
FNDA:11,(anonymous_19)
FNDA:460,(anonymous_20)
FNDA:2,(anonymous_21)
FNDA:6,(anonymous_22)
FNDA:10,(anonymous_23)
FNDA:315,(anonymous_24)
FNDA:9,(anonymous_25)
FNDA:19,(anonymous_26)
FNDA:7,(anonymous_27)
FNDA:9,(anonymous_28)
FNDA:26,(anonymous_29)
FNDA:9,(anonymous_30)
FNDA:9,(anonymous_31)
FNDA:6,(anonymous_32)
FNDA:5,(anonymous_33)
FNDA:118,(anonymous_34)
FNDA:161,(anonymous_35)
FNDA:9,(anonymous_36)
FNDA:8,(anonymous_37)
FNDA:35,(anonymous_38)
FNDA:5,(anonymous_39)
FNDA:2,(anonymous_40)
FNDA:93,(anonymous_41)
FNDA:6,(anonymous_42)
FNDA:7,(anonymous_43)
FNDA:9,(anonymous_44)
FNDA:6,(anonymous_45)
FNDA:12,(anonymous_46)
FNDA:5,(anonymous_47)
FNDA:4,(anonymous_48)
FNDA:10,(anonymous_49)
FNDA:4,(anonymous_50)
FNDA:7,(anonymous_51)
FNDA:13,(anonymous_52)
FNDA:10,(anonymous_53)
FNDA:2,(anonymous_54)
FNDA:6,(anonymous_55)
FNDA:10,(anonymous_56)
FNDA:33,(anonymous_57)
FNDA:9,(anonymous_58)
FNDA:19,(anonymous_59)
FNDA:3,(anonymous_60)
FNDA:9,(anonymous_61)
FNDA:5,(anonymous_62)
FNDA:8,(anonymous_63)
FNDA:9,(anonymous_64)
FNDA:6,(anonymous_65)
FNDA:6,(anonymous_66)
DA:1,38
DA:2,38
DA:4,38
DA:8,38
DA:9,38
DA:10,38
DA:11,38
DA:14,38
DA:15,38
DA:16,38
DA:17,38
DA:18,38
DA:21,38
DA:22,38
DA:23,38
DA:24,38
DA:25,38
DA:28,38
DA:29,38
DA:30,38
DA:31,38
DA:32,38
DA:35,38
DA:36,38
DA:37,38
DA:38,38
DA:39,38
DA:43,38
DA:44,38
DA:45,38
DA:48,38
DA:49,38
DA:50,38
DA:53,38
DA:54,38
DA:55,38
DA:59,38
DA:60,38
DA:61,38
DA:62,38
DA:65,38
DA:66,38
DA:67,38
DA:68,38
DA:69,38
DA:72,38
DA:89,38
DA:107,38
DA:110,38
DA:111,38
DA:114,38
DA:115,38
DA:116,38
DA:117,38
DA:118,38
DA:121,38
DA:122,38
DA:123,38
DA:124,38
DA:125,38
DA:126,38
DA:127,38
DA:128,38
DA:129,38
DA:130,38
DA:131,38
DA:142,38
DA:143,38
DA:144,38
DA:148,38
DA:149,38
DA:150,38
DA:153,38
DA:161,38
DA:162,38
DA:165,38
DA:168,38
DA:169,38
DA:201,38
DA:216,38
DA:222,38
DA:223,38
DA:224,38
DA:227,38
DA:228,38
DA:229,38
DA:230,38
DA:233,38
DA:236,38
DA:237,38
DA:271,38
DA:273,38
DA:279,2629
DA:280,2629
DA:281,2629
DA:282,710
DA:285,1919
DA:288,2629
DA:289,2629
DA:292,2629
DA:293,2629
DA:295,0
DA:296,0
DA:300,0
DA:303,2629
DA:308,2629
DA:311,303
DA:313,1
DA:315,0
DA:317,2325
DA:318,62
DA:321,2263
DA:325,38
DA:326,527
DA:329,38
DA:330,23
DA:333,38
DA:334,29
DA:337,38
DA:338,5
DA:341,38
DA:342,403
DA:345,38
DA:346,42
DA:349,38
DA:350,33
DA:353,38
DA:354,14
DA:357,38
DA:358,11
DA:361,38
DA:362,460
DA:367,38
DA:368,2
DA:371,38
DA:372,6
DA:375,38
DA:376,10
DA:379,38
DA:380,315
DA:383,38
DA:384,9
DA:387,38
DA:388,19
DA:391,38
DA:392,7
DA:395,38
DA:396,9
DA:399,38
DA:400,26
DA:403,38
DA:404,9
DA:407,38
DA:408,9
DA:411,38
DA:412,6
DA:417,38
DA:418,5
DA:420,38
DA:421,118
DA:424,38
DA:425,161
DA:428,38
DA:429,9
DA:432,38
DA:433,8
DA:436,38
DA:437,35
DA:440,38
DA:441,5
DA:444,38
DA:445,2
DA:448,38
DA:449,93
DA:452,38
DA:453,6
DA:456,38
DA:457,7
DA:460,38
DA:461,9
DA:464,38
DA:465,6
DA:468,38
DA:469,12
DA:473,38
DA:474,5
DA:477,38
DA:478,4
DA:481,38
DA:482,10
DA:485,38
DA:486,4
DA:489,38
DA:490,7
DA:493,38
DA:494,13
DA:497,38
DA:498,10
DA:503,38
DA:504,2
DA:507,38
DA:508,6
DA:511,38
DA:512,10
DA:515,38
DA:516,33
DA:519,38
DA:520,9
DA:523,38
DA:524,19
DA:527,38
DA:528,3
DA:531,38
DA:532,9
DA:535,38
DA:536,5
DA:539,38
DA:540,8
DA:543,38
DA:544,9
DA:547,38
DA:548,6
DA:551,38
DA:552,6
LF:224
LH:220
BRDA:14,0,0,38
BRDA:14,0,1,38
BRDA:21,1,0,38
BRDA:21,1,1,38
BRDA:28,2,0,38
BRDA:28,2,1,38
BRDA:35,3,0,38
BRDA:35,3,1,38
BRDA:43,4,0,38
BRDA:43,4,1,38
BRDA:48,5,0,38
BRDA:48,5,1,38
BRDA:53,6,0,38
BRDA:53,6,1,38
BRDA:59,7,0,38
BRDA:59,7,1,38
BRDA:65,8,0,38
BRDA:65,8,1,38
BRDA:277,9,0,1183
BRDA:281,10,0,710
BRDA:281,10,1,1919
BRDA:295,11,0,0
BRDA:303,12,0,2629
BRDA:303,12,1,0
BRDA:303,12,2,0
BRDA:303,13,0,0
BRDA:303,13,1,2629
BRDA:303,14,0,2629
BRDA:303,14,1,2629
BRDA:308,15,0,235
BRDA:308,15,1,303
BRDA:308,15,2,1
BRDA:308,15,3,0
BRDA:308,15,4,2325
BRDA:317,16,0,62
BRF:35
BRH:30
end_of_record
TN:
SF:src/types.ts
FN:75,(anonymous_0)
FN:96,(anonymous_1)
FN:263,(anonymous_2)
FNF:3
FNH:3
FNDA:10,(anonymous_0)
FNDA:10,(anonymous_1)
FNDA:10,(anonymous_2)
DA:2,10
DA:3,10
DA:4,10
DA:5,10
DA:8,10
DA:9,10
DA:10,10
DA:11,10
DA:12,10
DA:15,10
DA:16,10
DA:19,10
DA:20,10
DA:21,10
DA:24,10
DA:25,10
DA:28,10
DA:29,10
DA:30,10
DA:31,10
DA:32,10
DA:33,10
DA:34,10
DA:35,10
DA:36,10
DA:39,10
DA:40,10
DA:43,10
DA:44,10
DA:47,10
DA:49,10
DA:75,10
DA:76,10
DA:77,10
DA:78,10
DA:79,10
DA:80,10
DA:81,10
DA:82,10
DA:96,10
DA:97,10
DA:98,10
DA:99,10
DA:100,10
DA:101,10
DA:263,10
DA:264,10
DA:265,10
LF:48
LH:48
BRDA:75,0,0,10
BRDA:75,0,1,10
BRDA:96,1,0,10
BRDA:96,1,1,10
BRDA:263,2,0,10
BRDA:263,2,1,10
BRF:6
BRH:6
end_of_record
